
2018-03-22__21:43:09 0.72 0.39 0.21 0.50 53.69℃  note
2018-03-22__21:43:11 0.66 0.39 0.20 4.88 53.15℃  note
2018-03-22__21:43:14 0.66 0.39 0.20 27.50 53.15℃  note
2018-03-22__21:43:17 0.85 0.43 0.22 2.99 53.69℃  note
2018-03-22__21:43:19 0.85 0.43 0.22 1.46 53.69℃  note
2018-03-22__21:43:22 0.78 0.42 0.22 4.42 53.69℃  note
2018-03-22__21:43:24 0.78 0.42 0.22 2.90 53.69℃  note
2018-03-22__21:43:27 0.72 0.41 0.22 29.91 53.15℃  note
2018-03-22__21:43:30 0.66 0.41 0.21 6.38 53.69℃  note
2018-03-22__21:43:32 0.66 0.41 0.21 1.94 54.23℃  note
2018-03-22__21:43:35 0.61 0.40 0.21 1.95 53.69℃  note
2018-03-22__21:43:37 0.61 0.40 0.21 6.87 53.15℃  note
2018-03-22__21:43:40 0.56 0.39 0.21 26.11 53.69℃  note
2018-03-22__21:43:43 0.56 0.39 0.21 4.44 53.69℃  note
2018-03-22__21:43:45 0.52 0.39 0.21 1.46 54.23℃  note
2018-03-22__21:43:48 0.52 0.39 0.21 7.77 54.23℃  note
2018-03-22__21:43:51 0.47 0.38 0.21 6.38 53.69℃  note
2018-03-22__21:43:53 0.47 0.38 0.21 25.13 53.69℃  note
2018-03-22__21:43:56 0.44 0.37 0.21 15.69 53.69℃  note
2018-03-22__21:43:58 0.44 0.37 0.21 6.04 53.69℃  note
2018-03-22__21:44:01 0.48 0.38 0.21 0.49 53.69℃  note
2018-03-22__21:44:04 0.48 0.38 0.21 2.43 53.69℃  note
2018-03-22__21:44:06 0.76 0.44 0.23 17.09 53.69℃  note
2018-03-22__21:44:09 0.76 0.44 0.23 13.11 53.15℃  note
2018-03-22__21:44:11 0.70 0.44 0.23 1.94 53.69℃  note
2018-03-22__21:44:14 0.70 0.44 0.23 1.94 53.69℃  note
2018-03-22__21:44:17 0.81 0.46 0.24 9.48 53.69℃  note
2018-03-22__21:44:19 0.81 0.46 0.24 18.82 53.69℃  note
2018-03-22__21:44:22 0.82 0.47 0.25 0.99 54.23℃  note
2018-03-22__21:44:24 0.82 0.47 0.25 0.98 53.69℃  note
2018-03-22__21:56:02 0.00 0.04 0.09 13.18 51.54℃  note
2018-03-22__21:56:04 0.00 0.04 0.09 0.98 52.07℃  note
2018-03-22__21:56:07 0.24 0.09 0.11 1.46 52.07℃  note
2018-03-22__21:56:09 0.24 0.09 0.11 12.02 51.54℃  note
2018-03-22__21:56:12 0.22 0.08 0.11 23.77 52.07℃  note
2018-03-22__21:56:15 0.22 0.08 0.11 4.88 52.61℃  note
2018-03-22__21:56:17 0.36 0.12 0.12 2.92 52.61℃  note
2018-03-22__21:56:20 0.36 0.12 0.12 10.25 52.61℃  note
2018-03-22__21:56:22 0.33 0.12 0.12 0.50 52.61℃  note
2018-03-22__21:56:25 0.33 0.12 0.12 27.00 52.07℃  note
2018-03-22__21:56:28 0.39 0.13 0.12 6.41 52.07℃  note
2018-03-22__21:56:30 0.39 0.13 0.12 6.83 53.15℃  note
2018-03-22__21:56:33 0.36 0.13 0.12 1.96 53.15℃  note
2018-03-22__21:56:35 0.36 0.13 0.12 7.66 52.61℃  note
2018-03-22__21:56:38 0.41 0.14 0.13 27.06 52.61℃  note
2018-03-22__21:56:41 0.41 0.14 0.13 6.38 53.15℃  note
2018-03-22__21:56:43 0.38 0.14 0.13 1.45 53.69℃  note
2018-03-22__21:56:46 0.38 0.14 0.13 6.32 53.15℃  note
2018-03-22__21:56:48 0.35 0.14 0.13 3.93 52.61℃  note
2018-03-22__21:56:51 0.35 0.14 0.13 37.80 52.07℃  note
2018-03-22__21:56:54 0.32 0.14 0.12 5.34 52.61℃  note
2018-03-22__21:56:56 0.29 0.13 0.12 0.99 53.69℃  note
2018-03-22__21:56:59 0.29 0.13 0.12 11.06 52.61℃  note
2018-03-22__21:57:01 0.27 0.13 0.12 8.26 53.15℃  note
2018-03-22__21:57:04 0.27 0.13 0.12 21.72 52.61℃  note
2018-03-22__21:57:07 0.25 0.13 0.12 8.83 53.69℃  note
2018-03-22__21:57:09 0.25 0.13 0.12 14.93 53.15℃  note
2018-03-22__21:57:12 0.39 0.16 0.13 6.35 53.15℃  note
2018-03-22__21:57:14 0.39 0.16 0.13 0.50 52.61℃  note
2018-03-22__21:57:17 0.36 0.16 0.13 31.66 52.61℃  note
2018-03-22__21:57:33 0.28 0.15 0.13 7.77 53.15℃  note
2018-03-22__21:57:35 0.28 0.15 0.13 3.93 53.69℃  note
2018-03-22__21:57:38 0.25 0.14 0.13 0.49 53.69℃  note
2018-03-22__21:57:41 0.25 0.14 0.13 9.46 53.69℃  note
2018-03-22__21:57:43 0.23 0.14 0.13 20.80 53.15℃  note
2018-03-22__22:24:02 0.54 0.16 0.10 2.48 47.23℃  normal
2018-03-22__22:24:04 0.66 0.19 0.11 2.92 47.23℃  normal
2018-03-22__22:24:07 0.66 0.19 0.11 12.26 46.16℃  normal
2018-03-22__22:24:10 0.60 0.18 0.11 10.84 45.08℃  normal
2018-03-22__22:24:12 0.60 0.18 0.11 21.47 45.62℃  normal
2018-03-22__21:58:12 0.26 0.16 0.13 3.93 53.69℃  note
2018-03-22__21:58:14 0.26 0.16 0.13 2.96 53.69℃  note
2018-03-22__21:58:17 0.23 0.16 0.13 1.48 53.69℃  note
2018-03-22__21:58:20 0.23 0.16 0.13 2.41 53.69℃  note
2018-03-22__21:58:22 0.22 0.15 0.13 26.64 53.15℃  note
2018-03-22__22:32:06 0.25 0.14 0.05 13.73 52.07℃  note
2018-03-22__22:32:09 0.25 0.14 0.05 1.47 52.61℃  note
2018-03-22__22:32:11 0.23 0.14 0.05 2.42 53.15℃  note
2018-03-22__22:32:14 0.23 0.14 0.05 9.86 52.61℃  note
2018-03-22__22:32:17 0.21 0.14 0.05 16.50 52.61℃  note
2018-03-22__22:32:19 0.21 0.14 0.05 3.45 53.69℃  note
2018-03-22__22:32:22 0.19 0.13 0.05 0.98 53.69℃  note
2018-03-22__22:32:24 0.19 0.13 0.05 11.22 53.69℃  note
2018-03-22__22:32:27 0.18 0.13 0.05 1.46 53.15℃  note
2018-03-22__22:32:30 0.18 0.13 0.05 26.83 52.61℃  note
2018-03-22__22:32:32 0.16 0.13 0.05 26.70 54.23℃  note
2018-03-22__22:32:35 0.16 0.13 0.05 32.20 53.69℃  note
2018-03-22__22:32:37 0.47 0.19 0.07 3.91 53.15℃  note
2018-03-22__22:32:40 0.47 0.19 0.07 0.49 52.61℃  note
2018-03-22__22:32:43 0.43 0.19 0.07 29.07 53.69℃  note
2018-03-22__22:32:45 0.43 0.19 0.07 5.37 53.69℃  note
2018-03-22__22:32:48 0.40 0.19 0.07 0.50 53.69℃  note
2018-03-22__22:32:50 0.40 0.19 0.07 0.49 53.15℃  note
2018-03-22__22:32:53 0.37 0.18 0.07 3.93 53.15℃  note
2018-03-22__22:32:56 0.34 0.18 0.07 30.89 52.61℃  note
2018-03-22__22:32:58 0.34 0.18 0.07 0.49 53.69℃  note
2018-03-22__22:33:01 0.31 0.18 0.07 2.92 53.69℃  note
2018-03-22__22:33:03 0.31 0.18 0.07 1.45 53.15℃  note
2018-03-22__22:33:06 0.28 0.17 0.06 14.22 53.15℃  note
2018-03-22__22:33:09 0.28 0.17 0.06 19.05 52.61℃  note
2018-03-22__22:33:11 0.26 0.17 0.06 3.89 53.69℃  note
2018-03-22__22:33:14 0.26 0.17 0.06 3.37 53.69℃  note
2018-03-22__22:33:16 0.24 0.17 0.06 3.34 53.15℃  note
2018-03-22__22:33:19 0.24 0.17 0.06 24.28 53.69℃  note
2018-03-22__22:33:22 0.22 0.16 0.06 10.15 53.15℃  note
2018-03-22__22:33:24 0.22 0.16 0.06 5.77 53.69℃  note
2018-03-22__22:33:27 0.20 0.16 0.06 0.99 53.69℃  note
2018-03-22__22:33:29 0.20 0.16 0.06 6.29 53.15℃  note
2018-03-22__22:33:32 0.35 0.19 0.07 22.06 53.15℃  note
2018-03-22__22:33:35 0.35 0.19 0.07 9.86 53.69℃  note
2018-03-22__22:33:37 0.32 0.19 0.07 0.50 53.69℃  note
2018-03-22__22:33:40 0.32 0.19 0.07 4.88 53.69℃  note
2018-03-22__22:33:43 0.29 0.19 0.07 0.98 53.15℃  note
2018-03-22__22:33:45 0.29 0.19 0.07 28.65 52.61℃  note
2018-03-22__22:33:48 0.67 0.27 0.10 3.00 53.69℃  note
2018-03-22__22:33:50 0.67 0.27 0.10 3.44 53.69℃  note
2018-03-22__22:33:53 0.62 0.26 0.10 0.98 53.15℃  note
2018-03-22__22:33:56 0.62 0.26 0.10 13.47 53.15℃  note
2018-03-22__22:33:58 0.57 0.26 0.10 26.74 53.15℃  note
2018-03-22__22:34:01 0.52 0.25 0.10 4.93 53.15℃  note
2018-03-22__22:37:59 0.65 0.35 0.16 16.04 52.07℃  note
2018-03-22__22:38:02 0.60 0.34 0.16 1.95 52.61℃  note
2018-03-22__22:38:04 0.60 0.34 0.16 2.89 53.15℃  note
2018-03-22__22:38:07 0.63 0.35 0.16 8.83 52.61℃  note
2018-03-22__22:38:09 0.63 0.35 0.16 16.59 52.61℃  note
2018-03-22__22:38:12 0.58 0.34 0.16 1.00 53.15℃  note
2018-03-22__22:38:15 0.58 0.34 0.16 0.99 53.69℃  note
2018-03-22__22:38:17 0.61 0.36 0.17 16.92 52.61℃  note
2018-03-22__22:38:20 0.61 0.36 0.17 1.46 53.15℃  note
2018-03-22__22:38:22 0.57 0.35 0.16 24.00 53.15℃  note
2018-03-22__22:44:15 0.11 0.24 0.18 9.91 51.54℃  note
2018-03-22__22:44:17 0.26 0.27 0.19 1.48 52.61℃  note
2018-03-22__22:44:20 0.26 0.27 0.19 0.98 52.61℃  note
2018-03-22__22:44:23 0.24 0.27 0.18 10.79 52.61℃  note
2018-03-22__22:44:25 0.24 0.27 0.18 21.90 52.61℃  note
2018-03-22__22:44:28 0.22 0.26 0.18 8.34 52.61℃  note
2018-03-22__22:44:30 0.22 0.26 0.18 0.50 53.69℃  note
2018-03-22__22:44:33 0.20 0.26 0.18 17.65 53.15℃  note
2018-03-22__22:44:36 0.20 0.26 0.18 6.77 53.69℃  note
2018-03-22__22:44:38 0.18 0.25 0.18 19.42 52.61℃  note
2018-03-22__22:44:41 0.18 0.25 0.18 13.66 52.61℃  note
2018-03-22__22:44:43 0.17 0.25 0.18 6.41 53.69℃  note
2018-03-22__22:44:46 0.17 0.25 0.18 1.47 54.23℃  note
2018-03-22__22:44:49 0.16 0.24 0.18 0.98 53.15℃  note
2018-03-22__22:44:51 0.16 0.24 0.18 23.89 52.61℃  note
2018-03-22__22:44:54 0.14 0.24 0.18 6.94 53.69℃  note
2018-03-22__22:44:56 0.14 0.24 0.18 1.45 53.69℃  note
2018-03-22__22:44:59 0.13 0.24 0.18 1.45 53.15℃  note
2018-03-22__22:45:02 0.13 0.24 0.18 5.34 53.15℃  note
2018-03-22__22:45:04 0.12 0.23 0.18 23.91 52.61℃  note
2018-03-22__22:45:07 0.12 0.23 0.18 0.50 53.69℃  note
2018-03-22__22:45:09 0.19 0.24 0.18 1.47 54.23℃  note
2018-03-22__22:45:12 0.18 0.24 0.18 5.27 53.15℃  note
2018-03-22__22:45:15 0.18 0.24 0.18 8.30 53.15℃  note
2018-03-22__22:45:17 0.16 0.24 0.18 21.47 53.69℃  note
2018-03-22__22:45:20 0.16 0.24 0.18 2.46 53.69℃  note
2018-03-22__22:45:22 0.55 0.31 0.20 8.70 54.23℃  note
2018-03-22__22:45:25 0.55 0.31 0.20 1.45 53.69℃  note
2018-03-22__22:45:28 0.51 0.31 0.20 16.91 53.15℃  note
2018-03-22__22:45:30 0.51 0.31 0.20 15.95 52.61℃  note
2018-03-22__22:45:33 0.46 0.30 0.20 3.93 53.69℃  note
2018-03-22__22:45:36 0.46 0.30 0.20 7.66 53.15℃  note
2018-03-22__22:45:38 1.15 0.45 0.25 4.86 53.69℃  note
2018-03-22__22:45:41 1.15 0.45 0.25 20.48 52.61℃  note
2018-03-22__22:45:43 1.06 0.44 0.25 17.57 52.61℃  note
2018-03-22__22:45:46 1.06 0.44 0.25 1.46 54.23℃  note
2018-03-22__22:45:49 0.97 0.43 0.25 5.34 53.69℃  note
2018-03-22__22:45:51 0.97 0.43 0.25 9.23 52.61℃  note
2018-03-22__22:45:54 0.89 0.43 0.25 31.89 53.15℃  note
2018-03-22__22:45:56 0.89 0.43 0.25 36.33 53.69℃  note
2018-03-22__22:45:59 1.22 0.50 0.27 0.98 53.69℃  note
2018-03-22__22:46:02 1.22 0.50 0.27 8.18 53.69℃  note
2018-03-22__22:46:04 1.12 0.49 0.27 3.37 53.69℃  note
2018-03-22__22:46:07 1.12 0.49 0.27 25.61 53.69℃  note
2018-03-22__22:46:10 1.03 0.49 0.27 0.49 53.69℃  note
2018-03-22__22:46:12 0.95 0.48 0.27 7.73 53.69℃  note
2018-03-22__22:46:15 0.95 0.48 0.27 0.98 53.69℃  note
2018-03-22__22:46:17 0.87 0.47 0.27 4.37 53.15℃  note
2018-03-22__22:46:20 0.87 0.47 0.27 25.00 52.61℃  note
2018-03-22__22:46:23 0.80 0.46 0.26 4.44 53.69℃  note
2018-03-22__22:46:25 0.80 0.46 0.26 5.42 53.69℃  note
2018-03-22__22:46:28 0.82 0.47 0.27 0.49 53.69℃  note
2018-03-22__22:46:30 0.82 0.47 0.27 0.49 53.15℃  note
2018-03-22__22:46:33 0.75 0.46 0.27 33.34 52.61℃  note
2018-03-22__22:46:36 0.75 0.46 0.27 10.84 53.69℃  note
