
2018-03-22__21:43:21 1 /  29899 8836 70%
2018-03-22__21:43:21 1 /boot  42 21 51%
2018-03-22__21:43:21 0 disk 29941 8857 71.00%
2018-03-22__21:43:23 1 /  29899 8836 70%
2018-03-22__21:43:23 1 /boot  42 21 51%
2018-03-22__21:43:23 0 disk 29941 8857 71.00%
2018-03-22__21:43:25 1 /  29899 8836 70%
2018-03-22__21:43:25 1 /boot  42 21 51%
2018-03-22__21:43:25 0 disk 29941 8857 71.00%
2018-03-22__21:43:27 1 /  29899 8836 70%
2018-03-22__21:43:27 1 /boot  42 21 51%
2018-03-22__21:43:27 0 disk 29941 8857 71.00%
2018-03-22__21:43:29 1 /  29899 8836 70%
2018-03-22__21:43:29 1 /boot  42 21 51%
2018-03-22__21:43:29 0 disk 29941 8857 71.00%
2018-03-22__21:43:32 1 /  29899 8836 70%
2018-03-22__21:43:32 1 /boot  42 21 51%
2018-03-22__21:43:32 0 disk 29941 8857 71.00%
2018-03-22__21:43:34 1 /  29899 8836 70%
2018-03-22__21:43:34 1 /boot  42 21 51%
2018-03-22__21:43:34 0 disk 29941 8857 71.00%
2018-03-22__21:43:36 1 /  29899 8836 70%
2018-03-22__21:43:36 1 /boot  42 21 51%
2018-03-22__21:43:36 0 disk 29941 8857 71.00%
2018-03-22__21:43:38 1 /  29899 8836 70%
2018-03-22__21:43:38 1 /boot  42 21 51%
2018-03-22__21:43:38 0 disk 29941 8857 71.00%
2018-03-22__21:43:40 1 /  29899 8836 70%
2018-03-22__21:43:40 1 /boot  42 21 51%
2018-03-22__21:43:40 0 disk 29941 8857 71.00%
2018-03-22__21:43:42 1 /  29899 8836 70%
2018-03-22__21:43:42 1 /boot  42 21 51%
2018-03-22__21:43:42 0 disk 29941 8857 71.00%
2018-03-22__21:43:44 1 /  29899 8836 70%
2018-03-22__21:43:44 1 /boot  42 21 51%
2018-03-22__21:43:44 0 disk 29941 8857 71.00%
2018-03-22__21:43:46 1 /  29899 8836 70%
2018-03-22__21:43:46 1 /boot  42 21 51%
2018-03-22__21:43:46 0 disk 29941 8857 71.00%
2018-03-22__21:43:48 1 /  29899 8836 70%
2018-03-22__21:43:48 1 /boot  42 21 51%
2018-03-22__21:43:48 0 disk 29941 8857 71.00%
2018-03-22__21:43:50 1 /  29899 8836 70%
2018-03-22__21:43:50 1 /boot  42 21 51%
2018-03-22__21:43:50 0 disk 29941 8857 71.00%
2018-03-22__21:43:52 1 /  29899 8836 70%
2018-03-22__21:43:52 1 /boot  42 21 51%
2018-03-22__21:43:52 0 disk 29941 8857 71.00%
2018-03-22__21:43:54 1 /  29899 8836 70%
2018-03-22__21:43:54 1 /boot  42 21 51%
2018-03-22__21:43:54 0 disk 29941 8857 71.00%
2018-03-22__21:43:56 1 /  29899 8836 70%
2018-03-22__21:43:56 1 /boot  42 21 51%
2018-03-22__21:43:56 0 disk 29941 8857 71.00%
2018-03-22__21:43:58 1 /  29899 8836 70%
2018-03-22__21:43:58 1 /boot  42 21 51%
2018-03-22__21:43:58 0 disk 29941 8857 71.00%
2018-03-22__21:44:01 1 /  29899 8836 70%
2018-03-22__21:44:01 1 /boot  42 21 51%
2018-03-22__21:44:01 0 disk 29941 8857 71.00%
2018-03-22__21:44:03 1 /  29899 8836 70%
2018-03-22__21:44:03 1 /boot  42 21 51%
2018-03-22__21:44:03 0 disk 29941 8857 71.00%
2018-03-22__21:44:05 1 /  29899 8836 70%
2018-03-22__21:44:05 1 /boot  42 21 51%
2018-03-22__21:44:05 0 disk 29941 8857 71.00%
2018-03-22__21:44:07 1 /  29899 8836 70%
2018-03-22__21:44:07 1 /boot  42 21 51%
2018-03-22__21:44:07 0 disk 29941 8857 71.00%
2018-03-22__21:44:09 1 /  29899 8836 70%
2018-03-22__21:44:09 1 /boot  42 21 51%
2018-03-22__21:44:09 0 disk 29941 8857 71.00%
2018-03-22__21:44:11 1 /  29899 8836 70%
2018-03-22__21:44:11 1 /boot  42 21 51%
2018-03-22__21:44:11 0 disk 29941 8857 71.00%
2018-03-22__21:44:13 1 /  29899 8836 70%
2018-03-22__21:44:13 1 /boot  42 21 51%
2018-03-22__21:44:13 0 disk 29941 8857 71.00%
2018-03-22__21:44:15 1 /  29899 8836 70%
2018-03-22__21:44:15 1 /boot  42 21 51%
2018-03-22__21:44:15 0 disk 29941 8857 71.00%
2018-03-22__21:44:17 1 /  29899 8836 70%
2018-03-22__21:44:17 1 /boot  42 21 51%
2018-03-22__21:44:17 0 disk 29941 8857 71.00%
2018-03-22__21:44:19 1 /  29899 8836 70%
2018-03-22__21:44:19 1 /boot  42 21 51%
2018-03-22__21:44:19 0 disk 29941 8857 71.00%
2018-03-22__21:44:21 1 /  29899 8836 70%
2018-03-22__21:44:21 1 /boot  42 21 51%
2018-03-22__21:44:21 0 disk 29941 8857 71.00%
2018-03-22__21:56:02 1 /  29899 8836 70%
2018-03-22__21:56:02 1 /boot  42 21 51%
2018-03-22__21:56:02 0 disk 29941 8857 71.00%
2018-03-22__21:56:04 1 /  29899 8836 70%
2018-03-22__21:56:04 1 /boot  42 21 51%
2018-03-22__21:56:04 0 disk 29941 8857 71.00%
2018-03-22__21:56:06 1 /  29899 8836 70%
2018-03-22__21:56:06 1 /boot  42 21 51%
2018-03-22__21:56:06 0 disk 29941 8857 71.00%
2018-03-22__21:56:08 1 /  29899 8836 70%
2018-03-22__21:56:08 1 /boot  42 21 51%
2018-03-22__21:56:08 0 disk 29941 8857 71.00%
2018-03-22__21:56:10 1 /  29899 8836 70%
2018-03-22__21:56:10 1 /boot  42 21 51%
2018-03-22__21:56:10 0 disk 29941 8857 71.00%
2018-03-22__21:56:12 1 /  29899 8836 70%
2018-03-22__21:56:12 1 /boot  42 21 51%
2018-03-22__21:56:12 0 disk 29941 8857 71.00%
2018-03-22__21:56:14 1 /  29899 8836 70%
2018-03-22__21:56:14 1 /boot  42 21 51%
2018-03-22__21:56:14 0 disk 29941 8857 71.00%
2018-03-22__21:56:16 1 /  29899 8836 70%
2018-03-22__21:56:16 1 /boot  42 21 51%
2018-03-22__21:56:16 0 disk 29941 8857 71.00%
2018-03-22__21:56:18 1 /  29899 8836 70%
2018-03-22__21:56:18 1 /boot  42 21 51%
2018-03-22__21:56:18 0 disk 29941 8857 71.00%
2018-03-22__21:56:20 1 /  29899 8836 70%
2018-03-22__21:56:20 1 /boot  42 21 51%
2018-03-22__21:56:20 0 disk 29941 8857 71.00%
2018-03-22__21:56:22 1 /  29899 8836 70%
2018-03-22__21:56:22 1 /boot  42 21 51%
2018-03-22__21:56:22 0 disk 29941 8857 71.00%
2018-03-22__21:56:24 1 /  29899 8836 70%
2018-03-22__21:56:24 1 /boot  42 21 51%
2018-03-22__21:56:24 0 disk 29941 8857 71.00%
2018-03-22__21:56:26 1 /  29899 8836 70%
2018-03-22__21:56:26 1 /boot  42 21 51%
2018-03-22__21:56:26 0 disk 29941 8857 71.00%
2018-03-22__21:56:29 1 /  29899 8836 70%
2018-03-22__21:56:29 1 /boot  42 21 51%
2018-03-22__21:56:29 0 disk 29941 8857 71.00%
2018-03-22__21:56:31 1 /  29899 8836 70%
2018-03-22__21:56:31 1 /boot  42 21 51%
2018-03-22__21:56:31 0 disk 29941 8857 71.00%
2018-03-22__21:56:33 1 /  29899 8836 70%
2018-03-22__21:56:33 1 /boot  42 21 51%
2018-03-22__21:56:33 0 disk 29941 8857 71.00%
2018-03-22__21:56:35 1 /  29899 8836 70%
2018-03-22__21:56:35 1 /boot  42 21 51%
2018-03-22__21:56:35 0 disk 29941 8857 71.00%
2018-03-22__21:56:37 1 /  29899 8836 70%
2018-03-22__21:56:37 1 /boot  42 21 51%
2018-03-22__21:56:37 0 disk 29941 8857 71.00%
2018-03-22__21:56:39 1 /  29899 8836 70%
2018-03-22__21:56:39 1 /boot  42 21 51%
2018-03-22__21:56:39 0 disk 29941 8857 71.00%
2018-03-22__21:56:41 1 /  29899 8836 70%
2018-03-22__21:56:41 1 /boot  42 21 51%
2018-03-22__21:56:41 0 disk 29941 8857 71.00%
2018-03-22__21:56:43 1 /  29899 8836 70%
2018-03-22__21:56:43 1 /boot  42 21 51%
2018-03-22__21:56:43 0 disk 29941 8857 71.00%
2018-03-22__21:56:45 1 /  29899 8836 70%
2018-03-22__21:56:45 1 /boot  42 21 51%
2018-03-22__21:56:45 0 disk 29941 8857 71.00%
2018-03-22__21:56:47 1 /  29899 8836 70%
2018-03-22__21:56:47 1 /boot  42 21 51%
2018-03-22__21:56:47 0 disk 29941 8857 71.00%
2018-03-22__21:56:49 1 /  29899 8836 70%
2018-03-22__21:56:49 1 /boot  42 21 51%
2018-03-22__21:56:49 0 disk 29941 8857 71.00%
2018-03-22__21:56:51 1 /  29899 8836 70%
2018-03-22__21:56:51 1 /boot  42 21 51%
2018-03-22__21:56:51 0 disk 29941 8857 71.00%
2018-03-22__21:56:53 1 /  29899 8836 70%
2018-03-22__21:56:53 1 /boot  42 21 51%
2018-03-22__21:56:53 0 disk 29941 8857 71.00%
2018-03-22__21:56:55 1 /  29899 8836 70%
2018-03-22__21:56:55 1 /boot  42 21 51%
2018-03-22__21:56:55 0 disk 29941 8857 71.00%
2018-03-22__21:56:57 1 /  29899 8836 70%
2018-03-22__21:56:57 1 /boot  42 21 51%
2018-03-22__21:56:57 0 disk 29941 8857 71.00%
2018-03-22__21:56:59 1 /  29899 8836 70%
2018-03-22__21:56:59 1 /boot  42 21 51%
2018-03-22__21:56:59 0 disk 29941 8857 71.00%
2018-03-22__21:57:02 1 /  29899 8836 70%
2018-03-22__21:57:02 1 /boot  42 21 51%
2018-03-22__21:57:02 0 disk 29941 8857 71.00%
2018-03-22__21:57:04 1 /  29899 8836 70%
2018-03-22__21:57:04 1 /boot  42 21 51%
2018-03-22__21:57:04 0 disk 29941 8857 71.00%
2018-03-22__21:57:06 1 /  29899 8836 70%
2018-03-22__21:57:06 1 /boot  42 21 51%
2018-03-22__21:57:06 0 disk 29941 8857 71.00%
2018-03-22__21:57:08 1 /  29899 8836 70%
2018-03-22__21:57:08 1 /boot  42 21 51%
2018-03-22__21:57:08 0 disk 29941 8857 71.00%
2018-03-22__21:57:10 1 /  29899 8836 70%
2018-03-22__21:57:10 1 /boot  42 21 51%
2018-03-22__21:57:10 0 disk 29941 8857 71.00%
2018-03-22__21:57:12 1 /  29899 8836 70%
2018-03-22__21:57:12 1 /boot  42 21 51%
2018-03-22__21:57:12 0 disk 29941 8857 71.00%
2018-03-22__21:57:14 1 /  29899 8836 70%
2018-03-22__21:57:14 1 /boot  42 21 51%
2018-03-22__21:57:14 0 disk 29941 8857 71.00%
2018-03-22__21:57:16 1 /  29899 8836 70%
2018-03-22__21:57:16 1 /boot  42 21 51%
2018-03-22__21:57:16 0 disk 29941 8857 71.00%
2018-03-22__21:57:18 1 /  29899 8836 70%
2018-03-22__21:57:18 1 /boot  42 21 51%
2018-03-22__21:57:18 0 disk 29941 8857 71.00%
2018-03-22__21:57:20 1 /  29899 8836 70%
2018-03-22__21:57:20 1 /boot  42 21 51%
2018-03-22__21:57:20 0 disk 29941 8857 71.00%
2018-03-22__21:57:22 1 /  29899 8836 70%
2018-03-22__21:57:22 1 /boot  42 21 51%
2018-03-22__21:57:22 0 disk 29941 8857 71.00%
2018-03-22__21:57:24 1 /  29899 8836 70%
2018-03-22__21:57:24 1 /boot  42 21 51%
2018-03-22__21:57:24 0 disk 29941 8857 71.00%
2018-03-22__21:57:26 1 /  29899 8836 70%
2018-03-22__21:57:26 1 /boot  42 21 51%
2018-03-22__21:57:26 0 disk 29941 8857 71.00%
2018-03-22__21:57:28 1 /  29899 8836 70%
2018-03-22__21:57:28 1 /boot  42 21 51%
2018-03-22__21:57:28 0 disk 29941 8857 71.00%
2018-03-22__21:57:30 1 /  29899 8836 70%
2018-03-22__21:57:30 1 /boot  42 21 51%
2018-03-22__21:57:30 0 disk 29941 8857 71.00%
2018-03-22__21:57:33 1 /  29899 8836 70%
2018-03-22__21:57:33 1 /boot  42 21 51%
2018-03-22__21:57:33 0 disk 29941 8857 71.00%
2018-03-22__22:23:49 1 /  29899 15750 46%
2018-03-22__22:23:49 1 /boot  42 21 51%
2018-03-22__22:23:49 1 /home/szg/项目/PiHealth  29899 8836 70%
2018-03-22__22:23:49 0 disk 59840 24607 59.00%
2018-03-22__22:23:51 1 /  29899 15750 46%
2018-03-22__22:23:51 1 /boot  42 21 51%
2018-03-22__22:23:51 1 /home/szg/项目/PiHealth  29899 8836 70%
2018-03-22__22:23:51 0 disk 59840 24607 59.00%
2018-03-22__22:23:53 1 /  29899 15750 46%
2018-03-22__22:23:53 1 /boot  42 21 51%
2018-03-22__22:23:53 1 /home/szg/项目/PiHealth  29899 8836 70%
2018-03-22__22:23:53 0 disk 59840 24607 59.00%
2018-03-22__22:23:55 1 /  29899 15750 46%
2018-03-22__22:23:55 1 /boot  42 21 51%
2018-03-22__22:23:55 1 /home/szg/项目/PiHealth  29899 8836 70%
2018-03-22__22:23:55 0 disk 59840 24607 59.00%
2018-03-22__22:23:57 1 /  29899 15750 46%
2018-03-22__22:23:57 1 /boot  42 21 51%
2018-03-22__22:23:57 1 /home/szg/项目/PiHealth  29899 8836 70%
2018-03-22__22:23:57 0 disk 59840 24607 59.00%
2018-03-22__22:24:10 1 /  29899 15750 46%
2018-03-22__22:24:10 1 /boot  42 21 51%
2018-03-22__22:24:10 1 /home/szg/项目/PiHealth  29899 8836 70%
2018-03-22__22:24:10 0 disk 59840 24607 59.00%
2018-03-22__22:24:12 1 /  29899 15750 46%
2018-03-22__22:24:12 1 /boot  42 21 51%
2018-03-22__22:24:12 1 /home/szg/项目/PiHealth  29899 8836 70%
2018-03-22__22:24:12 0 disk 59840 24607 59.00%
2018-03-22__22:24:14 1 /  29899 15750 46%
2018-03-22__22:24:14 1 /boot  42 21 51%
2018-03-22__22:24:14 1 /home/szg/项目/PiHealth  29899 8836 70%
2018-03-22__22:24:14 0 disk 59840 24607 59.00%
2018-03-22__22:24:16 1 /  29899 15750 46%
2018-03-22__22:24:16 1 /boot  42 21 51%
2018-03-22__22:24:16 1 /home/szg/项目/PiHealth  29899 8836 70%
2018-03-22__22:24:16 0 disk 59840 24607 59.00%
2018-03-22__22:24:18 1 /  29899 15750 46%
2018-03-22__22:24:18 1 /boot  42 21 51%
2018-03-22__22:24:18 1 /home/szg/项目/PiHealth  29899 8836 70%
2018-03-22__22:24:18 0 disk 59840 24607 59.00%
2018-03-22__21:58:06 1 /  29899 8836 70%
2018-03-22__21:58:06 1 /boot  42 21 51%
2018-03-22__21:58:06 0 disk 29941 8857 71.00%
2018-03-22__21:58:08 1 /  29899 8836 70%
2018-03-22__21:58:08 1 /boot  42 21 51%
2018-03-22__21:58:08 0 disk 29941 8857 71.00%
2018-03-22__21:58:10 1 /  29899 8836 70%
2018-03-22__21:58:10 1 /boot  42 21 51%
2018-03-22__21:58:10 0 disk 29941 8857 71.00%
2018-03-22__21:58:12 1 /  29899 8836 70%
2018-03-22__21:58:12 1 /boot  42 21 51%
2018-03-22__21:58:12 0 disk 29941 8857 71.00%
2018-03-22__21:58:14 1 /  29899 8836 70%
2018-03-22__21:58:14 1 /boot  42 21 51%
2018-03-22__21:58:14 0 disk 29941 8857 71.00%
2018-03-22__22:24:20 1 /  29899 15750 46%
2018-03-22__22:24:20 1 /boot  42 21 51%
2018-03-22__22:24:20 1 /home/szg/项目/PiHealth  29899 8836 70%
2018-03-22__22:24:20 0 disk 59840 24607 59.00%
2018-03-22__22:24:22 1 /  29899 15750 46%
2018-03-22__22:24:22 1 /boot  42 21 51%
2018-03-22__22:24:22 1 /home/szg/项目/PiHealth  29899 8836 70%
2018-03-22__22:24:22 0 disk 59840 24607 59.00%
2018-03-22__22:24:24 1 /  29899 15750 46%
2018-03-22__22:24:24 1 /boot  42 21 51%
2018-03-22__22:24:24 1 /home/szg/项目/PiHealth  29899 8836 70%
2018-03-22__22:24:24 0 disk 59840 24607 59.00%
2018-03-22__22:24:26 1 /  29899 15750 46%
2018-03-22__22:24:26 1 /boot  42 21 51%
2018-03-22__22:24:26 1 /home/szg/项目/PiHealth  29899 8836 70%
2018-03-22__22:24:26 0 disk 59840 24607 59.00%
2018-03-22__22:24:28 1 /  29899 15750 46%
2018-03-22__22:24:28 1 /boot  42 21 51%
2018-03-22__22:24:28 1 /home/szg/项目/PiHealth  29899 8836 70%
2018-03-22__22:24:28 0 disk 59840 24607 59.00%
2018-03-22__21:58:16 1 /  29899 8836 70%
2018-03-22__21:58:16 1 /boot  42 21 51%
2018-03-22__21:58:16 0 disk 29941 8857 71.00%
2018-03-22__21:58:18 1 /  29899 8836 70%
2018-03-22__21:58:18 1 /boot  42 21 51%
2018-03-22__21:58:18 0 disk 29941 8857 71.00%
2018-03-22__21:58:20 1 /  29899 8836 70%
2018-03-22__21:58:20 1 /boot  42 21 51%
2018-03-22__21:58:20 0 disk 29941 8857 71.00%
2018-03-22__21:58:22 1 /  29899 8836 70%
2018-03-22__21:58:22 1 /boot  42 21 51%
2018-03-22__21:58:22 0 disk 29941 8857 71.00%
2018-03-22__21:58:24 1 /  29899 8836 70%
2018-03-22__21:58:24 1 /boot  42 21 51%
2018-03-22__21:58:24 0 disk 29941 8857 71.00%
2018-03-22__22:32:06 1 /  29899 8836 70%
2018-03-22__22:32:06 1 /boot  42 21 51%
2018-03-22__22:32:06 0 disk 29941 8857 71.00%
2018-03-22__22:32:08 1 /  29899 8836 70%
2018-03-22__22:32:08 1 /boot  42 21 51%
2018-03-22__22:32:08 0 disk 29941 8857 71.00%
2018-03-22__22:32:10 1 /  29899 8836 70%
2018-03-22__22:32:10 1 /boot  42 21 51%
2018-03-22__22:32:10 0 disk 29941 8857 71.00%
2018-03-22__22:32:12 1 /  29899 8836 70%
2018-03-22__22:32:12 1 /boot  42 21 51%
2018-03-22__22:32:12 0 disk 29941 8857 71.00%
2018-03-22__22:32:14 1 /  29899 8836 70%
2018-03-22__22:32:14 1 /boot  42 21 51%
2018-03-22__22:32:14 0 disk 29941 8857 71.00%
2018-03-22__22:32:16 1 /  29899 8836 70%
2018-03-22__22:32:16 1 /boot  42 21 51%
2018-03-22__22:32:16 0 disk 29941 8857 71.00%
2018-03-22__22:32:19 1 /  29899 8836 70%
2018-03-22__22:32:19 1 /boot  42 21 51%
2018-03-22__22:32:19 0 disk 29941 8857 71.00%
2018-03-22__22:32:21 1 /  29899 8836 70%
2018-03-22__22:32:21 1 /boot  42 21 51%
2018-03-22__22:32:21 0 disk 29941 8857 71.00%
2018-03-22__22:32:23 1 /  29899 8836 70%
2018-03-22__22:32:23 1 /boot  42 21 51%
2018-03-22__22:32:23 0 disk 29941 8857 71.00%
2018-03-22__22:32:25 1 /  29899 8836 70%
2018-03-22__22:32:25 1 /boot  42 21 51%
2018-03-22__22:32:25 0 disk 29941 8857 71.00%
2018-03-22__22:32:27 1 /  29899 8836 70%
2018-03-22__22:32:27 1 /boot  42 21 51%
2018-03-22__22:32:27 0 disk 29941 8857 71.00%
2018-03-22__22:32:29 1 /  29899 8836 70%
2018-03-22__22:32:29 1 /boot  42 21 51%
2018-03-22__22:32:29 0 disk 29941 8857 71.00%
2018-03-22__22:32:31 1 /  29899 8836 70%
2018-03-22__22:32:31 1 /boot  42 21 51%
2018-03-22__22:32:31 0 disk 29941 8857 71.00%
2018-03-22__22:32:33 1 /  29899 8836 70%
2018-03-22__22:32:33 1 /boot  42 21 51%
2018-03-22__22:32:33 0 disk 29941 8857 71.00%
2018-03-22__22:32:35 1 /  29899 8836 70%
2018-03-22__22:32:35 1 /boot  42 21 51%
2018-03-22__22:32:35 0 disk 29941 8857 71.00%
2018-03-22__22:32:37 1 /  29899 8836 70%
2018-03-22__22:32:37 1 /boot  42 21 51%
2018-03-22__22:32:37 0 disk 29941 8857 71.00%
2018-03-22__22:32:39 1 /  29899 8836 70%
2018-03-22__22:32:39 1 /boot  42 21 51%
2018-03-22__22:32:39 0 disk 29941 8857 71.00%
2018-03-22__22:32:41 1 /  29899 8836 70%
2018-03-22__22:32:41 1 /boot  42 21 51%
2018-03-22__22:32:41 0 disk 29941 8857 71.00%
2018-03-22__22:32:43 1 /  29899 8836 70%
2018-03-22__22:32:43 1 /boot  42 21 51%
2018-03-22__22:32:43 0 disk 29941 8857 71.00%
2018-03-22__22:32:45 1 /  29899 8836 70%
2018-03-22__22:32:45 1 /boot  42 21 51%
2018-03-22__22:32:45 0 disk 29941 8857 71.00%
2018-03-22__22:32:48 1 /  29899 8836 70%
2018-03-22__22:32:48 1 /boot  42 21 51%
2018-03-22__22:32:48 0 disk 29941 8857 71.00%
2018-03-22__22:32:50 1 /  29899 8836 70%
2018-03-22__22:32:50 1 /boot  42 21 51%
2018-03-22__22:32:50 0 disk 29941 8857 71.00%
2018-03-22__22:32:52 1 /  29899 8836 70%
2018-03-22__22:32:52 1 /boot  42 21 51%
2018-03-22__22:32:52 0 disk 29941 8857 71.00%
2018-03-22__22:32:54 1 /  29899 8836 70%
2018-03-22__22:32:54 1 /boot  42 21 51%
2018-03-22__22:32:54 0 disk 29941 8857 71.00%
2018-03-22__22:32:56 1 /  29899 8836 70%
2018-03-22__22:32:56 1 /boot  42 21 51%
2018-03-22__22:32:56 0 disk 29941 8857 71.00%
2018-03-22__22:32:58 1 /  29899 8836 70%
2018-03-22__22:32:58 1 /boot  42 21 51%
2018-03-22__22:32:58 0 disk 29941 8857 71.00%
2018-03-22__22:33:00 1 /  29899 8836 70%
2018-03-22__22:33:00 1 /boot  42 21 51%
2018-03-22__22:33:00 0 disk 29941 8857 71.00%
2018-03-22__22:33:02 1 /  29899 8836 70%
2018-03-22__22:33:02 1 /boot  42 21 51%
2018-03-22__22:33:02 0 disk 29941 8857 71.00%
2018-03-22__22:33:04 1 /  29899 8836 70%
2018-03-22__22:33:04 1 /boot  42 21 51%
2018-03-22__22:33:04 0 disk 29941 8857 71.00%
2018-03-22__22:33:06 1 /  29899 8836 70%
2018-03-22__22:33:06 1 /boot  42 21 51%
2018-03-22__22:33:06 0 disk 29941 8857 71.00%
2018-03-22__22:33:08 1 /  29899 8836 70%
2018-03-22__22:33:08 1 /boot  42 21 51%
2018-03-22__22:33:08 0 disk 29941 8857 71.00%
2018-03-22__22:33:10 1 /  29899 8836 70%
2018-03-22__22:33:10 1 /boot  42 21 51%
2018-03-22__22:33:10 0 disk 29941 8857 71.00%
2018-03-22__22:33:12 1 /  29899 8836 70%
2018-03-22__22:33:12 1 /boot  42 21 51%
2018-03-22__22:33:12 0 disk 29941 8857 71.00%
2018-03-22__22:33:14 1 /  29899 8836 70%
2018-03-22__22:33:14 1 /boot  42 21 51%
2018-03-22__22:33:14 0 disk 29941 8857 71.00%
2018-03-22__22:33:16 1 /  29899 8836 70%
2018-03-22__22:33:16 1 /boot  42 21 51%
2018-03-22__22:33:16 0 disk 29941 8857 71.00%
2018-03-22__22:33:19 1 /  29899 8836 70%
2018-03-22__22:33:19 1 /boot  42 21 51%
2018-03-22__22:33:19 0 disk 29941 8857 71.00%
2018-03-22__22:33:21 1 /  29899 8836 70%
2018-03-22__22:33:21 1 /boot  42 21 51%
2018-03-22__22:33:21 0 disk 29941 8857 71.00%
2018-03-22__22:33:23 1 /  29899 8836 70%
2018-03-22__22:33:23 1 /boot  42 21 51%
2018-03-22__22:33:23 0 disk 29941 8857 71.00%
2018-03-22__22:33:25 1 /  29899 8836 70%
2018-03-22__22:33:25 1 /boot  42 21 51%
2018-03-22__22:33:25 0 disk 29941 8857 71.00%
2018-03-22__22:33:27 1 /  29899 8836 70%
2018-03-22__22:33:27 1 /boot  42 21 51%
2018-03-22__22:33:27 0 disk 29941 8857 71.00%
2018-03-22__22:33:29 1 /  29899 8836 70%
2018-03-22__22:33:29 1 /boot  42 21 51%
2018-03-22__22:33:29 0 disk 29941 8857 71.00%
2018-03-22__22:33:31 1 /  29899 8836 70%
2018-03-22__22:33:31 1 /boot  42 21 51%
2018-03-22__22:33:31 0 disk 29941 8857 71.00%
2018-03-22__22:33:33 1 /  29899 8836 70%
2018-03-22__22:33:33 1 /boot  42 21 51%
2018-03-22__22:33:33 0 disk 29941 8857 71.00%
2018-03-22__22:33:35 1 /  29899 8836 70%
2018-03-22__22:33:35 1 /boot  42 21 51%
2018-03-22__22:33:35 0 disk 29941 8857 71.00%
2018-03-22__22:33:37 1 /  29899 8836 70%
2018-03-22__22:33:37 1 /boot  42 21 51%
2018-03-22__22:33:37 0 disk 29941 8857 71.00%
2018-03-22__22:33:39 1 /  29899 8836 70%
2018-03-22__22:33:39 1 /boot  42 21 51%
2018-03-22__22:33:39 0 disk 29941 8857 71.00%
2018-03-22__22:33:41 1 /  29899 8836 70%
2018-03-22__22:33:41 1 /boot  42 21 51%
2018-03-22__22:33:41 0 disk 29941 8857 71.00%
2018-03-22__22:33:43 1 /  29899 8836 70%
2018-03-22__22:33:43 1 /boot  42 21 51%
2018-03-22__22:33:43 0 disk 29941 8857 71.00%
2018-03-22__22:33:45 1 /  29899 8836 70%
2018-03-22__22:33:45 1 /boot  42 21 51%
2018-03-22__22:33:45 0 disk 29941 8857 71.00%
2018-03-22__22:33:47 1 /  29899 8836 70%
2018-03-22__22:33:47 1 /boot  42 21 51%
2018-03-22__22:33:47 0 disk 29941 8857 71.00%
2018-03-22__22:33:50 1 /  29899 8836 70%
2018-03-22__22:33:50 1 /boot  42 21 51%
2018-03-22__22:33:50 0 disk 29941 8857 71.00%
2018-03-22__22:33:52 1 /  29899 8836 70%
2018-03-22__22:33:52 1 /boot  42 21 51%
2018-03-22__22:33:52 0 disk 29941 8857 71.00%
2018-03-22__22:33:54 1 /  29899 8836 70%
2018-03-22__22:33:54 1 /boot  42 21 51%
2018-03-22__22:33:54 0 disk 29941 8857 71.00%
2018-03-22__22:33:56 1 /  29899 8836 70%
2018-03-22__22:33:56 1 /boot  42 21 51%
2018-03-22__22:33:56 0 disk 29941 8857 71.00%
2018-03-22__22:33:58 1 /  29899 8836 70%
2018-03-22__22:33:58 1 /boot  42 21 51%
2018-03-22__22:33:58 0 disk 29941 8857 71.00%
2018-03-22__22:37:59 1 /  29899 8836 70%
2018-03-22__22:37:59 1 /boot  42 21 51%
2018-03-22__22:37:59 0 disk 29941 8857 71.00%
2018-03-22__22:38:01 1 /  29899 8836 70%
2018-03-22__22:38:01 1 /boot  42 21 51%
2018-03-22__22:38:01 0 disk 29941 8857 71.00%
2018-03-22__22:38:03 1 /  29899 8836 70%
2018-03-22__22:38:03 1 /boot  42 21 51%
2018-03-22__22:38:03 0 disk 29941 8857 71.00%
2018-03-22__22:38:05 1 /  29899 8836 70%
2018-03-22__22:38:05 1 /boot  42 21 51%
2018-03-22__22:38:05 0 disk 29941 8857 71.00%
2018-03-22__22:38:07 1 /  29899 8836 70%
2018-03-22__22:38:07 1 /boot  42 21 51%
2018-03-22__22:38:07 0 disk 29941 8857 71.00%
2018-03-22__22:38:09 1 /  29899 8836 70%
2018-03-22__22:38:09 1 /boot  42 21 51%
2018-03-22__22:38:09 0 disk 29941 8857 71.00%
2018-03-22__22:38:11 1 /  29899 8836 70%
2018-03-22__22:38:11 1 /boot  42 21 51%
2018-03-22__22:38:11 0 disk 29941 8857 71.00%
2018-03-22__22:38:13 1 /  29899 8836 70%
2018-03-22__22:38:13 1 /boot  42 21 51%
2018-03-22__22:38:13 0 disk 29941 8857 71.00%
2018-03-22__22:38:16 1 /  29899 8836 70%
2018-03-22__22:38:16 1 /boot  42 21 51%
2018-03-22__22:38:16 0 disk 29941 8857 71.00%
2018-03-22__22:38:18 1 /  29899 8836 70%
2018-03-22__22:38:18 1 /boot  42 21 51%
2018-03-22__22:38:18 0 disk 29941 8857 71.00%
2018-03-22__22:44:15 1 /  29899 8836 70%
2018-03-22__22:44:15 1 /boot  42 21 51%
2018-03-22__22:44:15 0 disk 29941 8857 71.00%
2018-03-22__22:44:17 1 /  29899 8836 70%
2018-03-22__22:44:17 1 /boot  42 21 51%
2018-03-22__22:44:17 0 disk 29941 8857 71.00%
2018-03-22__22:44:19 1 /  29899 8836 70%
2018-03-22__22:44:19 1 /boot  42 21 51%
2018-03-22__22:44:19 0 disk 29941 8857 71.00%
2018-03-22__22:44:21 1 /  29899 8836 70%
2018-03-22__22:44:21 1 /boot  42 21 51%
2018-03-22__22:44:21 0 disk 29941 8857 71.00%
2018-03-22__22:44:23 1 /  29899 8836 70%
2018-03-22__22:44:23 1 /boot  42 21 51%
2018-03-22__22:44:23 0 disk 29941 8857 71.00%
2018-03-22__22:44:25 1 /  29899 8836 70%
2018-03-22__22:44:25 1 /boot  42 21 51%
2018-03-22__22:44:25 0 disk 29941 8857 71.00%
2018-03-22__22:44:27 1 /  29899 8836 70%
2018-03-22__22:44:27 1 /boot  42 21 51%
2018-03-22__22:44:27 0 disk 29941 8857 71.00%
2018-03-22__22:44:29 1 /  29899 8836 70%
2018-03-22__22:44:29 1 /boot  42 21 51%
2018-03-22__22:44:29 0 disk 29941 8857 71.00%
2018-03-22__22:44:31 1 /  29899 8836 70%
2018-03-22__22:44:31 1 /boot  42 21 51%
2018-03-22__22:44:31 0 disk 29941 8857 71.00%
2018-03-22__22:44:33 1 /  29899 8836 70%
2018-03-22__22:44:33 1 /boot  42 21 51%
2018-03-22__22:44:33 0 disk 29941 8857 71.00%
2018-03-22__22:44:35 1 /  29899 8836 70%
2018-03-22__22:44:35 1 /boot  42 21 51%
2018-03-22__22:44:35 0 disk 29941 8857 71.00%
2018-03-22__22:44:37 1 /  29899 8836 70%
2018-03-22__22:44:37 1 /boot  42 21 51%
2018-03-22__22:44:37 0 disk 29941 8857 71.00%
2018-03-22__22:44:40 1 /  29899 8836 70%
2018-03-22__22:44:40 1 /boot  42 21 51%
2018-03-22__22:44:40 0 disk 29941 8857 71.00%
2018-03-22__22:44:42 1 /  29899 8836 70%
2018-03-22__22:44:42 1 /boot  42 21 51%
2018-03-22__22:44:42 0 disk 29941 8857 71.00%
2018-03-22__22:44:44 1 /  29899 8836 70%
2018-03-22__22:44:44 1 /boot  42 21 51%
2018-03-22__22:44:44 0 disk 29941 8857 71.00%
2018-03-22__22:44:46 1 /  29899 8836 70%
2018-03-22__22:44:46 1 /boot  42 21 51%
2018-03-22__22:44:46 0 disk 29941 8857 71.00%
2018-03-22__22:44:48 1 /  29899 8836 70%
2018-03-22__22:44:48 1 /boot  42 21 51%
2018-03-22__22:44:48 0 disk 29941 8857 71.00%
2018-03-22__22:44:50 1 /  29899 8836 70%
2018-03-22__22:44:50 1 /boot  42 21 51%
2018-03-22__22:44:50 0 disk 29941 8857 71.00%
2018-03-22__22:44:52 1 /  29899 8836 70%
2018-03-22__22:44:52 1 /boot  42 21 51%
2018-03-22__22:44:52 0 disk 29941 8857 71.00%
2018-03-22__22:44:54 1 /  29899 8836 70%
2018-03-22__22:44:54 1 /boot  42 21 51%
2018-03-22__22:44:54 0 disk 29941 8857 71.00%
2018-03-22__22:44:56 1 /  29899 8836 70%
2018-03-22__22:44:56 1 /boot  42 21 51%
2018-03-22__22:44:56 0 disk 29941 8857 71.00%
2018-03-22__22:44:58 1 /  29899 8836 70%
2018-03-22__22:44:58 1 /boot  42 21 51%
2018-03-22__22:44:58 0 disk 29941 8857 71.00%
2018-03-22__22:45:00 1 /  29899 8836 70%
2018-03-22__22:45:00 1 /boot  42 21 51%
2018-03-22__22:45:00 0 disk 29941 8857 71.00%
2018-03-22__22:45:02 1 /  29899 8836 70%
2018-03-22__22:45:02 1 /boot  42 21 51%
2018-03-22__22:45:02 0 disk 29941 8857 71.00%
2018-03-22__22:45:04 1 /  29899 8836 70%
2018-03-22__22:45:04 1 /boot  42 21 51%
2018-03-22__22:45:04 0 disk 29941 8857 71.00%
2018-03-22__22:45:06 1 /  29899 8836 70%
2018-03-22__22:45:06 1 /boot  42 21 51%
2018-03-22__22:45:06 0 disk 29941 8857 71.00%
2018-03-22__22:45:08 1 /  29899 8836 70%
2018-03-22__22:45:08 1 /boot  42 21 51%
2018-03-22__22:45:08 0 disk 29941 8857 71.00%
2018-03-22__22:45:10 1 /  29899 8836 70%
2018-03-22__22:45:10 1 /boot  42 21 51%
2018-03-22__22:45:10 0 disk 29941 8857 71.00%
2018-03-22__22:45:13 1 /  29899 8836 70%
2018-03-22__22:45:13 1 /boot  42 21 51%
2018-03-22__22:45:13 0 disk 29941 8857 71.00%
2018-03-22__22:45:15 1 /  29899 8836 70%
2018-03-22__22:45:15 1 /boot  42 21 51%
2018-03-22__22:45:15 0 disk 29941 8857 71.00%
2018-03-22__22:45:17 1 /  29899 8836 70%
2018-03-22__22:45:17 1 /boot  42 21 51%
2018-03-22__22:45:17 0 disk 29941 8857 71.00%
2018-03-22__22:45:19 1 /  29899 8836 70%
2018-03-22__22:45:19 1 /boot  42 21 51%
2018-03-22__22:45:19 0 disk 29941 8857 71.00%
2018-03-22__22:45:21 1 /  29899 8836 70%
2018-03-22__22:45:21 1 /boot  42 21 51%
2018-03-22__22:45:21 0 disk 29941 8857 71.00%
2018-03-22__22:45:23 1 /  29899 8836 70%
2018-03-22__22:45:23 1 /boot  42 21 51%
2018-03-22__22:45:23 0 disk 29941 8857 71.00%
2018-03-22__22:45:25 1 /  29899 8836 70%
2018-03-22__22:45:25 1 /boot  42 21 51%
2018-03-22__22:45:25 0 disk 29941 8857 71.00%
2018-03-22__22:45:27 1 /  29899 8836 70%
2018-03-22__22:45:27 1 /boot  42 21 51%
2018-03-22__22:45:27 0 disk 29941 8857 71.00%
2018-03-22__22:45:29 1 /  29899 8836 70%
2018-03-22__22:45:29 1 /boot  42 21 51%
2018-03-22__22:45:29 0 disk 29941 8857 71.00%
2018-03-22__22:45:31 1 /  29899 8836 70%
2018-03-22__22:45:31 1 /boot  42 21 51%
2018-03-22__22:45:31 0 disk 29941 8857 71.00%
2018-03-22__22:45:33 1 /  29899 8836 70%
2018-03-22__22:45:33 1 /boot  42 21 51%
2018-03-22__22:45:33 0 disk 29941 8857 71.00%
2018-03-22__22:45:35 1 /  29899 8836 70%
2018-03-22__22:45:35 1 /boot  42 21 51%
2018-03-22__22:45:35 0 disk 29941 8857 71.00%
2018-03-22__22:45:37 1 /  29899 8836 70%
2018-03-22__22:45:37 1 /boot  42 21 51%
2018-03-22__22:45:37 0 disk 29941 8857 71.00%
2018-03-22__22:45:39 1 /  29899 8836 70%
2018-03-22__22:45:39 1 /boot  42 21 51%
2018-03-22__22:45:39 0 disk 29941 8857 71.00%
2018-03-22__22:45:41 1 /  29899 8836 70%
2018-03-22__22:45:41 1 /boot  42 21 51%
2018-03-22__22:45:41 0 disk 29941 8857 71.00%
2018-03-22__22:45:43 1 /  29899 8836 70%
2018-03-22__22:45:43 1 /boot  42 21 51%
2018-03-22__22:45:43 0 disk 29941 8857 71.00%
2018-03-22__22:45:46 1 /  29899 8836 70%
2018-03-22__22:45:46 1 /boot  42 21 51%
2018-03-22__22:45:46 0 disk 29941 8857 71.00%
2018-03-22__22:45:48 1 /  29899 8836 70%
2018-03-22__22:45:48 1 /boot  42 21 51%
2018-03-22__22:45:48 0 disk 29941 8857 71.00%
2018-03-22__22:45:50 1 /  29899 8836 70%
2018-03-22__22:45:50 1 /boot  42 21 51%
2018-03-22__22:45:50 0 disk 29941 8857 71.00%
2018-03-22__22:45:52 1 /  29899 8836 70%
2018-03-22__22:45:52 1 /boot  42 21 51%
2018-03-22__22:45:52 0 disk 29941 8857 71.00%
2018-03-22__22:45:54 1 /  29899 8836 70%
2018-03-22__22:45:54 1 /boot  42 21 51%
2018-03-22__22:45:54 0 disk 29941 8857 71.00%
2018-03-22__22:45:56 1 /  29899 8836 70%
2018-03-22__22:45:56 1 /boot  42 21 51%
2018-03-22__22:45:56 0 disk 29941 8857 71.00%
2018-03-22__22:45:58 1 /  29899 8836 70%
2018-03-22__22:45:58 1 /boot  42 21 51%
2018-03-22__22:45:58 0 disk 29941 8857 71.00%
2018-03-22__22:46:00 1 /  29899 8836 70%
2018-03-22__22:46:00 1 /boot  42 21 51%
2018-03-22__22:46:00 0 disk 29941 8857 71.00%
2018-03-22__22:46:02 1 /  29899 8836 70%
2018-03-22__22:46:02 1 /boot  42 21 51%
2018-03-22__22:46:02 0 disk 29941 8857 71.00%
2018-03-22__22:46:04 1 /  29899 8836 70%
2018-03-22__22:46:04 1 /boot  42 21 51%
2018-03-22__22:46:04 0 disk 29941 8857 71.00%
2018-03-22__22:46:06 1 /  29899 8836 70%
2018-03-22__22:46:06 1 /boot  42 21 51%
2018-03-22__22:46:06 0 disk 29941 8857 71.00%
2018-03-22__22:46:08 1 /  29899 8836 70%
2018-03-22__22:46:08 1 /boot  42 21 51%
2018-03-22__22:46:08 0 disk 29941 8857 71.00%
2018-03-22__22:46:10 1 /  29899 8836 70%
2018-03-22__22:46:10 1 /boot  42 21 51%
2018-03-22__22:46:10 0 disk 29941 8857 71.00%
2018-03-22__22:46:13 1 /  29899 8836 70%
2018-03-22__22:46:13 1 /boot  42 21 51%
2018-03-22__22:46:13 0 disk 29941 8857 71.00%
2018-03-22__22:46:15 1 /  29899 8836 70%
2018-03-22__22:46:15 1 /boot  42 21 51%
2018-03-22__22:46:15 0 disk 29941 8857 71.00%
2018-03-22__22:46:17 1 /  29899 8836 70%
2018-03-22__22:46:17 1 /boot  42 21 51%
2018-03-22__22:46:17 0 disk 29941 8857 71.00%
2018-03-22__22:46:19 1 /  29899 8836 70%
2018-03-22__22:46:19 1 /boot  42 21 51%
2018-03-22__22:46:19 0 disk 29941 8857 71.00%
2018-03-22__22:46:21 1 /  29899 8836 70%
2018-03-22__22:46:21 1 /boot  42 21 51%
2018-03-22__22:46:21 0 disk 29941 8857 71.00%
2018-03-22__22:46:23 1 /  29899 8836 70%
2018-03-22__22:46:23 1 /boot  42 21 51%
2018-03-22__22:46:23 0 disk 29941 8857 71.00%
2018-03-22__22:46:25 1 /  29899 8836 70%
2018-03-22__22:46:25 1 /boot  42 21 51%
2018-03-22__22:46:25 0 disk 29941 8857 71.00%
2018-03-22__22:46:27 1 /  29899 8836 70%
2018-03-22__22:46:27 1 /boot  42 21 51%
2018-03-22__22:46:27 0 disk 29941 8857 71.00%
2018-03-22__22:46:29 1 /  29899 8836 70%
2018-03-22__22:46:29 1 /boot  42 21 51%
2018-03-22__22:46:29 0 disk 29941 8857 71.00%
2018-03-22__22:46:31 1 /  29899 8836 70%
2018-03-22__22:46:31 1 /boot  42 21 51%
2018-03-22__22:46:31 0 disk 29941 8857 71.00%
2018-03-22__22:46:33 1 /  29899 8836 70%
2018-03-22__22:46:33 1 /boot  42 21 51%
2018-03-22__22:46:33 0 disk 29941 8857 71.00%
2018-03-22__22:46:35 1 /  29899 8836 70%
2018-03-22__22:46:35 1 /boot  42 21 51%
2018-03-22__22:46:35 0 disk 29941 8857 71.00%
2018-03-22__22:46:37 1 /  29899 8836 70%
2018-03-22__22:46:37 1 /boot  42 21 51%
2018-03-22__22:46:37 0 disk 29941 8857 71.00%
