
21:43:22-03-22__21:43:22 927 777 .06 .060
21:43:26-03-22__21:43:26 927 777 .06 .060
21:43:30-03-22__21:43:30 927 776 .06 .060
21:43:34-03-22__21:43:34 927 776 .06 .060
21:43:38-03-22__21:43:38 927 776 .06 .060
21:43:42-03-22__21:43:42 927 777 .06 .060
21:43:46-03-22__21:43:46 927 777 .06 .060
21:43:51-03-22__21:43:51 927 777 .06 .060
21:43:55-03-22__21:43:55 927 777 .06 .060
21:43:59-03-22__21:43:59 927 776 .06 .060
21:44:03-03-22__21:44:03 927 777 .06 .060
21:44:07-03-22__21:44:07 927 777 .06 .060
21:44:11-03-22__21:44:11 927 776 .06 .060
21:44:15-03-22__21:44:15 927 777 .06 .060
21:44:19-03-22__21:44:19 927 776 .06 .060
21:56:04-03-22__21:56:04 927 775 .06 .060
21:56:08-03-22__21:56:08 927 776 .06 .060
21:56:12-03-22__21:56:12 927 776 .06 .060
21:56:16-03-22__21:56:16 927 776 .06 .060
21:56:20-03-22__21:56:20 927 776 .06 .060
21:56:24-03-22__21:56:24 927 776 .06 .060
21:56:28-03-22__21:56:28 927 775 .06 .060
21:56:32-03-22__21:56:32 927 776 .06 .060
21:56:36-03-22__21:56:36 927 775 .06 .060
21:56:40-03-22__21:56:40 927 776 .06 .060
21:56:45-03-22__21:56:45 927 775 .06 .060
21:56:49-03-22__21:56:49 927 775 .06 .060
21:56:53-03-22__21:56:53 927 775 .06 .060
21:56:57-03-22__21:56:57 927 775 .06 .060
21:57:01-03-22__21:57:01 927 775 .06 .060
21:57:05-03-22__21:57:05 927 775 .06 .060
21:57:09-03-22__21:57:09 927 776 .06 .060
21:57:13-03-22__21:57:13 927 774 .06 .060
21:57:17-03-22__21:57:17 927 775 .06 .060
21:57:21-03-22__21:57:21 927 776 .06 .060
22:24:11-03-22__22:24:11 927 766 .11 .110
22:24:15-03-22__22:24:15 927 769 .11 .110
22:24:19-03-22__22:24:19 927 770 .11 .110
22:24:24-03-22__22:24:24 927 766 .11 .110
22:24:28-03-22__22:24:28 927 766 .11 .110
21:58:06-03-22__21:58:06 927 775 .06 .060
21:58:10-03-22__21:58:10 927 775 .06 .060
21:58:15-03-22__21:58:15 927 775 .06 .060
21:58:19-03-22__21:58:19 927 775 .06 .060
21:58:23-03-22__21:58:23 927 775 .06 .060
22:32:08-03-22__22:32:08 927 775 .06 .060
22:32:12-03-22__22:32:12 927 775 .06 .060
22:32:16-03-22__22:32:16 927 775 .06 .060
22:32:20-03-22__22:32:20 927 775 .06 .060
22:32:25-03-22__22:32:25 927 775 .06 .060
22:32:29-03-22__22:32:29 927 775 .06 .060
22:32:33-03-22__22:32:33 927 775 .06 .060
22:32:37-03-22__22:32:37 927 775 .06 .060
22:32:41-03-22__22:32:41 927 775 .06 .060
22:32:45-03-22__22:32:45 927 774 .06 .060
22:32:49-03-22__22:32:49 927 775 .06 .060
22:32:53-03-22__22:32:53 927 775 .06 .060
22:32:57-03-22__22:32:57 927 775 .06 .060
22:33:01-03-22__22:33:01 927 775 .06 .060
22:33:05-03-22__22:33:05 927 775 .06 .060
22:33:10-03-22__22:33:10 927 776 .06 .060
22:33:14-03-22__22:33:14 927 776 .06 .060
22:33:18-03-22__22:33:18 927 776 .06 .060
22:33:22-03-22__22:33:22 927 773 .06 .060
22:33:26-03-22__22:33:26 927 775 .06 .060
22:33:30-03-22__22:33:30 927 775 .06 .060
22:33:34-03-22__22:33:34 927 775 .06 .060
22:33:38-03-22__22:33:38 927 775 .06 .060
22:33:42-03-22__22:33:42 927 775 .06 .060
22:33:46-03-22__22:33:46 927 775 .06 .060
22:38:01-03-22__22:38:01 927 775 .06 .060
22:38:05-03-22__22:38:05 927 775 .06 .060
22:38:09-03-22__22:38:09 927 775 .06 .060
22:38:13-03-22__22:38:13 927 775 .06 .060
22:38:17-03-22__22:38:17 927 775 .06 .060
22:44:17-03-22__22:44:17 927 775 .06 .060
22:44:21-03-22__22:44:21 927 775 .06 .060
22:44:25-03-22__22:44:25 927 775 .06 .060
22:44:29-03-22__22:44:29 927 774 .06 .060
22:44:33-03-22__22:44:33 927 775 .06 .060
22:44:37-03-22__22:44:37 927 775 .06 .060
22:44:41-03-22__22:44:41 927 774 .06 .060
22:44:45-03-22__22:44:45 927 775 .06 .060
22:44:49-03-22__22:44:49 927 773 .06 .060
22:44:54-03-22__22:44:54 927 775 .06 .060
22:44:58-03-22__22:44:58 927 775 .06 .060
22:45:02-03-22__22:45:02 927 775 .06 .060
22:45:06-03-22__22:45:06 927 775 .06 .060
22:45:10-03-22__22:45:10 927 775 .06 .060
22:45:14-03-22__22:45:14 927 775 .06 .060
22:45:18-03-22__22:45:18 927 775 .06 .060
22:45:22-03-22__22:45:22 927 775 .06 .060
22:45:26-03-22__22:45:26 927 774 .06 .060
22:45:30-03-22__22:45:30 927 775 .06 .060
22:45:34-03-22__22:45:34 927 775 .06 .060
22:45:38-03-22__22:45:38 927 774 .06 .060
22:45:43-03-22__22:45:43 927 774 .06 .060
22:45:47-03-22__22:45:47 927 775 .06 .060
22:45:51-03-22__22:45:51 927 774 .06 .060
22:45:55-03-22__22:45:55 927 775 .06 .060
22:45:59-03-22__22:45:59 927 775 .06 .060
22:46:03-03-22__22:46:03 927 774 .06 .060
22:46:07-03-22__22:46:07 927 774 .06 .060
22:46:11-03-22__22:46:11 927 775 .06 .060
22:46:15-03-22__22:46:15 927 774 .06 .060
22:46:19-03-22__22:46:19 927 775 .06 .060
22:46:23-03-22__22:46:23 927 775 .06 .060
22:46:28-03-22__22:46:28 927 774 .06 .060
22:46:32-03-22__22:46:32 927 775 .06 .060
22:46:36-03-22__22:46:36 927 774 .06 .060
