2018-03-22__21:43:14  4.9.41-v7+ 1578.14 19.666700% 29941 66.2600% 927 6.4700% 53.69℃  normal normal normal
2018-03-22__21:43:17  4.9.41-v7+ 1580.34 21.666700% 29941 66.2600% 927 6.4700% 53.69℃  normal normal normal
2018-03-22__21:43:19  4.9.41-v7+ 1582.49 21.666700% 29941 66.2600% 927 6.3600% 53.69℃  normal normal normal
2018-03-22__21:43:21  4.9.41-v7+ 1584.66 21.333300% 29941 66.2600% 927 6.4700% 53.69℃  normal normal normal
2018-03-22__21:43:23  4.9.41-v7+ 1586.85 21.333300% 29941 66.2600% 927 6.3600% 53.69℃  normal normal normal
2018-03-22__21:43:25  4.9.41-v7+ 1589.06 21.000000% 29941 66.2600% 927 6.3600% 53.69℃  normal normal normal
2018-03-22__21:43:27  4.9.41-v7+ 1591.25 21.000000% 29941 66.2500% 927 6.3600% 53.69℃  normal normal normal
2018-03-22__21:43:30  4.9.41-v7+ 1593.42 20.666700% 29941 66.2500% 927 6.4700% 53.69℃  normal normal normal
2018-03-22__21:43:32  4.9.41-v7+ 1595.58 20.666700% 29941 66.2600% 927 6.3600% 53.69℃  normal normal normal
2018-03-22__21:43:34  4.9.41-v7+ 1597.75 20.666700% 29941 66.2600% 927 6.4700% 53.69℃  normal normal normal
2018-03-22__21:43:36  4.9.41-v7+ 1599.92 20.333300% 29941 66.2600% 927 6.4700% 53.69℃  normal normal normal
2018-03-22__21:43:38  4.9.41-v7+ 1602.11 20.333300% 29941 66.2600% 927 6.3600% 53.69℃  normal normal normal
2018-03-22__21:43:40  4.9.41-v7+ 1604.26 20.000000% 29941 66.2600% 927 6.4700% 53.69℃  normal normal normal
2018-03-22__21:43:43  4.9.41-v7+ 1606.42 20.000000% 29941 66.2600% 927 6.3600% 53.69℃  normal normal normal
2018-03-22__21:43:45  4.9.41-v7+ 1608.61 20.000000% 29941 66.2600% 927 6.4700% 53.69℃  normal normal normal
2018-03-22__21:43:47  4.9.41-v7+ 1610.80 20.000000% 29941 66.2500% 927 6.3600% 53.69℃  normal normal normal
2018-03-22__21:43:49  4.9.41-v7+ 1612.96 20.000000% 29941 66.2500% 927 6.3600% 53.69℃  normal normal normal
2018-03-22__21:43:51  4.9.41-v7+ 1615.15 19.666700% 29941 66.2500% 927 6.3600% 53.69℃  normal normal normal
2018-03-22__21:43:54  4.9.41-v7+ 1617.32 19.666700% 29941 66.2500% 927 6.4700% 53.69℃  normal normal normal
2018-03-22__21:43:56  4.9.41-v7+ 1619.52 19.333300% 29941 66.2500% 927 6.4700% 53.69℃  normal normal normal
2018-03-22__21:43:58  4.9.41-v7+ 1621.70 19.333300% 29941 66.2600% 927 6.4700% 53.69℃  normal normal normal
2018-03-22__21:44:00  4.9.41-v7+ 1623.88 19.666700% 29941 66.2600% 927 6.2500% 53.69℃  normal normal normal
2018-03-22__21:44:02  4.9.41-v7+ 1626.07 19.666700% 29941 66.2600% 927 6.3600% 53.69℃  normal normal normal
2018-03-22__21:44:04  4.9.41-v7+ 1628.23 19.666700% 29941 66.2600% 927 6.2500% 53.69℃  normal normal normal
2018-03-22__21:44:07  4.9.41-v7+ 1630.38 22.333300% 29941 66.2500% 927 6.4700% 53.69℃  normal normal normal
2018-03-22__21:44:09  4.9.41-v7+ 1632.57 22.333300% 29941 66.2500% 927 6.3600% 53.69℃  normal normal normal
2018-03-22__21:44:11  4.9.41-v7+ 1634.70 22.333300% 29941 66.2500% 927 6.3600% 54.23℃  normal normal normal
2018-03-22__21:44:13  4.9.41-v7+ 1636.85 22.333300% 29941 66.2500% 927 6.3600% 53.69℃  normal normal normal
2018-03-22__21:44:15  4.9.41-v7+ 1638.99 23.333300% 29941 66.2600% 927 6.3600% 53.69℃  normal normal normal
2018-03-22__21:44:17  4.9.41-v7+ 1641.15 23.333300% 29941 66.2600% 927 6.3600% 53.69℃  normal normal normal
2018-03-22__21:44:20  4.9.41-v7+ 1643.32 23.333300% 29941 66.2600% 927 6.3600% 53.69℃  normal normal normal
2018-03-22__21:44:22  4.9.41-v7+ 1645.46 24.000000% 29941 66.2600% 927 6.3600% 53.69℃  normal normal normal
2018-03-22__21:44:24  4.9.41-v7+ 1647.59 24.000000% 29941 66.2600% 927 6.2500% 53.69℃  normal normal normal
2018-03-22__21:44:26  4.9.41-v7+ 1649.72 23.333300% 29941 66.2600% 927 6.3600% 54.23℃  normal normal normal
2018-03-22__21:44:28  4.9.41-v7+ 1651.85 23.333300% 29941 66.2600% 927 6.2500% 54.23℃  normal normal normal
2018-03-22__21:56:02  4.9.41-v7+ 2345.40 4.333300% 29941 66.2600% 927 6.5800% 51.00℃  normal normal normal
2018-03-22__21:56:04  4.9.41-v7+ 2347.57 4.333300% 29941 66.2600% 927 6.5800% 52.07℃  normal normal normal
2018-03-22__21:56:06  4.9.41-v7+ 2349.74 4.333300% 29941 66.2600% 927 6.4700% 52.07℃  normal normal normal
2018-03-22__21:56:08  4.9.41-v7+ 2351.90 6.666700% 29941 66.2600% 927 6.4700% 52.07℃  normal normal normal
2018-03-22__21:56:10  4.9.41-v7+ 2354.07 6.666700% 29941 66.2600% 927 6.4700% 52.61℃  normal normal normal
2018-03-22__21:56:12  4.9.41-v7+ 2356.22 6.333300% 29941 66.2600% 927 6.4700% 52.61℃  normal normal normal
2018-03-22__21:56:15  4.9.41-v7+ 2358.39 6.333300% 29941 66.2600% 927 6.4700% 52.61℃  normal normal normal
2018-03-22__21:56:17  4.9.41-v7+ 2360.56 8.000000% 29941 66.2600% 927 6.4700% 53.69℃  normal normal normal
2018-03-22__21:56:19  4.9.41-v7+ 2362.73 8.000000% 29941 66.2600% 927 6.4700% 53.15℃  normal normal normal
2018-03-22__21:56:21  4.9.41-v7+ 2364.89 8.000000% 29941 66.2600% 927 6.4700% 52.61℃  normal normal normal
2018-03-22__21:56:23  4.9.41-v7+ 2367.08 8.000000% 29941 66.2600% 927 6.4700% 52.61℃  normal normal normal
2018-03-22__21:56:25  4.9.41-v7+ 2369.26 8.000000% 29941 66.2600% 927 6.4700% 53.15℃  normal normal normal
2018-03-22__21:56:28  4.9.41-v7+ 2371.41 8.333300% 29941 66.2600% 927 6.4700% 52.61℃  normal normal normal
2018-03-22__21:56:30  4.9.41-v7+ 2373.59 8.333300% 29941 66.2600% 927 6.4700% 52.61℃  normal normal normal
2018-03-22__21:56:32  4.9.41-v7+ 2375.74 8.333300% 29941 66.2600% 927 6.4700% 53.69℃  normal normal normal
2018-03-22__21:56:34  4.9.41-v7+ 2377.90 8.333300% 29941 66.2600% 927 6.4700% 52.61℃  normal normal normal
2018-03-22__21:56:36  4.9.41-v7+ 2380.05 9.000000% 29941 66.2600% 927 6.4700% 53.15℃  normal normal normal
2018-03-22__21:56:38  4.9.41-v7+ 2382.22 9.000000% 29941 66.2600% 927 6.5800% 53.15℃  normal normal normal
2018-03-22__21:56:41  4.9.41-v7+ 2384.36 9.000000% 29941 66.2600% 927 6.4700% 53.15℃  normal normal normal
2018-03-22__21:56:43  4.9.41-v7+ 2386.51 9.000000% 29941 66.2600% 927 6.4700% 52.61℃  normal normal normal
2018-03-22__21:56:45  4.9.41-v7+ 2388.67 9.000000% 29941 66.2600% 927 6.4700% 52.61℃  normal normal normal
2018-03-22__21:56:47  4.9.41-v7+ 2390.85 9.000000% 29941 66.2600% 927 6.5800% 53.15℃  normal normal normal
2018-03-22__21:56:49  4.9.41-v7+ 2392.98 9.000000% 29941 66.2600% 927 6.5800% 53.69℃  normal normal normal
2018-03-22__21:56:51  4.9.41-v7+ 2395.13 8.666700% 29941 66.2600% 927 6.5800% 53.15℃  normal normal normal
2018-03-22__21:56:54  4.9.41-v7+ 2397.32 8.666700% 29941 66.2600% 927 6.5800% 52.61℃  normal normal normal
2018-03-22__21:56:56  4.9.41-v7+ 2399.53 8.666700% 29941 66.2600% 927 6.5800% 53.69℃  normal normal normal
2018-03-22__21:56:58  4.9.41-v7+ 2401.71 8.333300% 29941 66.2600% 927 6.4700% 52.61℃  normal normal normal
2018-03-22__21:57:00  4.9.41-v7+ 2403.88 8.333300% 29941 66.2600% 927 6.5800% 53.15℃  normal normal normal
2018-03-22__21:57:02  4.9.41-v7+ 2406.07 8.333300% 29941 66.2600% 927 6.4700% 53.15℃  normal normal normal
2018-03-22__21:57:04  4.9.41-v7+ 2408.24 8.333300% 29941 66.2600% 927 6.5800% 52.61℃  normal normal normal
2018-03-22__21:57:07  4.9.41-v7+ 2410.39 8.333300% 29941 66.2600% 927 6.5800% 54.23℃  normal normal normal
2018-03-22__21:57:09  4.9.41-v7+ 2412.56 8.333300% 29941 66.2600% 927 6.4700% 52.61℃  normal normal normal
2018-03-22__21:57:11  4.9.41-v7+ 2414.70 8.333300% 29941 66.2600% 927 6.4700% 53.69℃  normal normal normal
2018-03-22__21:57:13  4.9.41-v7+ 2416.86 9.666700% 29941 66.2600% 927 6.4700% 53.69℃  normal normal normal
2018-03-22__21:57:15  4.9.41-v7+ 2419.04 9.666700% 29941 66.2600% 927 6.4700% 53.15℃  normal normal normal
2018-03-22__21:57:17  4.9.41-v7+ 2421.23 9.666700% 29941 66.2600% 927 6.6800% 53.15℃  normal normal normal
2018-03-22__21:57:20  4.9.41-v7+ 2423.43 9.666700% 29941 66.2600% 927 6.5800% 53.69℃  normal normal normal
2018-03-22__21:57:22  4.9.41-v7+ 2425.60 9.333300% 29941 66.2600% 927 6.5800% 53.15℃  normal normal normal
2018-03-22__21:57:24  4.9.41-v7+ 2427.79 9.333300% 29941 66.2600% 927 6.5800% 53.15℃  normal normal normal
2018-03-22__21:57:26  4.9.41-v7+ 2429.99 9.333300% 29941 66.2600% 927 6.4700% 53.15℃  normal normal normal
2018-03-22__21:57:39  4.9.41-v7+ 2443.02 9.000000% 29941 66.2600% 927 6.4700% 53.69℃  normal normal normal
2018-03-22__21:57:41  4.9.41-v7+ 2445.15 9.000000% 29941 66.2600% 927 6.5800% 54.23℃  normal normal normal
2018-03-22__21:57:43  4.9.41-v7+ 2447.27 9.000000% 29941 66.2600% 927 6.5800% 53.15℃  normal normal normal
2018-03-22__21:57:46  4.9.41-v7+ 2449.41 9.000000% 29941 66.2600% 927 6.5800% 52.61℃  normal normal normal
2018-03-22__21:57:48  4.9.41-v7+ 2451.56 8.666700% 29941 66.2600% 927 6.5800% 52.61℃  normal normal normal
2018-03-22__22:24:10  4.9.41-v7+ 192445.49 29.666700% 59840 54.7100% 927 11.4300% 46.16℃  normal normal normal
2018-03-22__22:24:12  4.9.41-v7+ 192447.63 29.666700% 59840 54.7100% 927 11.0000% 46.16℃  normal normal normal
2018-03-22__22:24:15  4.9.41-v7+ 192449.79 28.000000% 59840 54.7100% 927 11.0000% 45.62℃  normal normal normal
2018-03-22__22:24:17  4.9.41-v7+ 192451.92 28.000000% 59840 54.7100% 927 11.0000% 45.62℃  normal normal normal
2018-03-22__22:24:19  4.9.41-v7+ 192454.07 28.000000% 59840 54.7100% 927 11.0000% 45.08℃  normal normal normal
2018-03-22__21:58:01  4.9.41-v7+ 2464.52 10.000000% 29941 66.2600% 927 6.5800% 53.69℃  normal normal normal
2018-03-22__21:58:03  4.9.41-v7+ 2466.71 9.666700% 29941 66.2600% 927 6.4700% 53.69℃  normal normal normal
2018-03-22__21:58:05  4.9.41-v7+ 2468.89 9.666700% 29941 66.2600% 927 6.5800% 53.69℃  normal normal normal
2018-03-22__21:58:07  4.9.41-v7+ 2471.05 9.666700% 29941 66.2600% 927 6.4700% 53.69℃  normal normal normal
2018-03-22__21:58:09  4.9.41-v7+ 2473.22 9.666700% 29941 66.2600% 927 6.6800% 53.69℃  normal normal normal
2018-03-22__22:24:21  4.9.41-v7+ 192456.21 33.333300% 59840 54.7100% 927 11.2100% 47.23℃  normal normal normal
2018-03-22__22:24:23  4.9.41-v7+ 192458.37 33.333300% 59840 54.7100% 927 11.5400% 46.69℃  normal normal normal
2018-03-22__22:24:25  4.9.41-v7+ 192460.52 31.333300% 59840 54.7100% 927 11.4300% 46.69℃  normal normal normal
2018-03-22__22:24:27  4.9.41-v7+ 192462.72 31.333300% 59840 54.7100% 927 11.4300% 47.23℃  normal normal normal
2018-03-22__22:24:30  4.9.41-v7+ 192464.85 29.333300% 59840 54.7100% 927 11.4300% 47.77℃  normal normal normal
2018-03-22__21:58:12  4.9.41-v7+ 2475.39 9.666700% 29941 66.2600% 927 6.5800% 53.69℃  normal normal normal
2018-03-22__21:58:14  4.9.41-v7+ 2477.56 9.666700% 29941 66.2600% 927 6.5800% 53.69℃  normal normal normal
2018-03-22__21:58:16  4.9.41-v7+ 2479.75 9.666700% 29941 66.2600% 927 6.4700% 53.69℃  normal normal normal
2018-03-22__21:58:18  4.9.41-v7+ 2481.90 9.666700% 29941 66.2600% 927 6.5800% 52.61℃  normal normal normal
2018-03-22__21:58:20  4.9.41-v7+ 2484.05 9.666700% 29941 66.2600% 927 6.4700% 53.15℃  normal normal normal
2018-03-22__21:58:22  4.9.41-v7+ 2486.21 9.333300% 29941 66.2600% 927 6.5800% 53.15℃  normal normal normal
2018-03-22__21:58:25  4.9.41-v7+ 2488.35 9.333300% 29941 66.2600% 927 6.4700% 53.69℃  normal normal normal
2018-03-22__21:58:27  4.9.41-v7+ 2490.52 9.333300% 29941 66.2600% 927 6.5800% 53.69℃  normal normal normal
2018-03-22__21:58:29  4.9.41-v7+ 2492.69 9.333300% 29941 66.2600% 927 6.5800% 53.69℃  normal normal normal
2018-03-22__21:58:31  4.9.41-v7+ 2494.87 9.333300% 29941 66.2600% 927 6.4700% 53.69℃  normal normal normal
2018-03-22__22:26:49  4.9.41-v7+ 4192.84 .666700% 29941 66.2600% 927 6.3600% 51.00℃  normal normal normal
2018-03-22__22:26:56  4.9.41-v7+ 4199.45 .666700% 29941 66.2600% 927 6.3600% 51.00℃  normal warning normal
2018-03-22__22:26:57  4.9.41-v7+ 4200.39 .666700% 29941 66.2600% 927 6.3600% 52.07℃  warning normal normal
2018-03-22__22:26:58  4.9.41-v7+ 4201.79 .666700% 29941 66.2600% 927 6.3600% 51.54℃  normal normal normal
2018-03-22__22:26:59  4.9.41-v7+ 4202.37 .666700% 29941 66.2600% 927 6.3600% 52.61℃  normal normal warning
2018-03-22__22:32:06  4.9.41-v7+ 4509.87 1.666700% 29941 66.2600% 927 6.7900% 52.61℃  normal normal normal
2018-03-22__22:32:08  4.9.41-v7+ 4512.04 1.666700% 29941 66.2600% 927 6.5800% 52.07℃  normal normal normal
2018-03-22__22:32:10  4.9.41-v7+ 4514.19 1.666700% 29941 66.2600% 927 6.5800% 52.61℃  normal normal normal
2018-03-22__22:32:13  4.9.41-v7+ 4516.37 1.666700% 29941 66.2600% 927 6.5800% 52.61℃  normal normal normal
2018-03-22__22:32:15  4.9.41-v7+ 4518.54 1.666700% 29941 66.2600% 927 6.6800% 52.61℃  normal normal normal
2018-03-22__22:32:17  4.9.41-v7+ 4520.70 1.666700% 29941 66.2600% 927 6.4700% 53.69℃  normal normal normal
2018-03-22__22:32:19  4.9.41-v7+ 4522.83 1.666700% 29941 66.2600% 927 6.4700% 53.15℃  normal normal normal
2018-03-22__22:32:21  4.9.41-v7+ 4524.98 1.666700% 29941 66.2600% 927 6.4700% 52.61℃  normal normal normal
2018-03-22__22:32:23  4.9.41-v7+ 4527.13 1.666700% 29941 66.2600% 927 6.4700% 52.61℃  normal normal normal
2018-03-22__22:32:26  4.9.41-v7+ 4529.31 1.666700% 29941 66.2600% 927 6.4700% 52.61℃  normal normal normal
2018-03-22__22:32:28  4.9.41-v7+ 4531.46 1.666700% 29941 66.2600% 927 6.4700% 52.61℃  normal normal normal
2018-03-22__22:32:30  4.9.41-v7+ 4533.61 1.666700% 29941 66.2600% 927 6.4700% 53.15℃  normal normal normal
2018-03-22__22:32:32  4.9.41-v7+ 4535.78 1.666700% 29941 66.2600% 927 6.5800% 53.69℃  normal normal normal
2018-03-22__22:32:34  4.9.41-v7+ 4537.94 1.666700% 29941 66.2600% 927 6.4700% 53.15℃  normal normal normal
2018-03-22__22:32:36  4.9.41-v7+ 4540.09 2.333300% 29941 66.2600% 927 6.4700% 53.15℃  normal normal normal
2018-03-22__22:32:38  4.9.41-v7+ 4542.25 2.333300% 29941 66.2600% 927 6.4700% 53.15℃  normal normal normal
2018-03-22__22:32:41  4.9.41-v7+ 4544.39 2.333300% 29941 66.2600% 927 6.5800% 53.15℃  normal normal normal
2018-03-22__22:32:43  4.9.41-v7+ 4546.53 2.333300% 29941 66.2600% 927 6.5800% 53.69℃  normal normal normal
2018-03-22__22:32:45  4.9.41-v7+ 4548.73 2.333300% 29941 66.2600% 927 6.4700% 53.69℃  normal normal normal
2018-03-22__22:32:47  4.9.41-v7+ 4550.89 2.333300% 29941 66.2600% 927 6.5800% 52.61℃  normal normal normal
2018-03-22__22:32:49  4.9.41-v7+ 4553.05 2.333300% 29941 66.2600% 927 6.4700% 53.15℃  normal normal normal
2018-03-22__22:32:51  4.9.41-v7+ 4555.21 2.333300% 29941 66.2600% 927 6.5800% 53.15℃  normal normal normal
2018-03-22__22:32:54  4.9.41-v7+ 4557.36 2.333300% 29941 66.2600% 927 6.5800% 53.69℃  normal normal normal
2018-03-22__22:32:56  4.9.41-v7+ 4559.54 2.333300% 29941 66.2600% 927 6.5800% 53.69℃  normal normal normal
2018-03-22__22:32:58  4.9.41-v7+ 4561.69 2.333300% 29941 66.2600% 927 6.5800% 53.69℃  normal normal normal
2018-03-22__22:33:00  4.9.41-v7+ 4563.86 2.333300% 29941 66.2600% 927 6.5800% 52.61℃  normal normal normal
2018-03-22__22:33:02  4.9.41-v7+ 4566.02 2.333300% 29941 66.2600% 927 6.4700% 53.69℃  normal normal normal
2018-03-22__22:33:04  4.9.41-v7+ 4568.19 2.333300% 29941 66.2600% 927 6.5800% 53.69℃  normal normal normal
2018-03-22__22:33:07  4.9.41-v7+ 4570.33 2.000000% 29941 66.2600% 927 6.4700% 54.23℃  normal normal normal
2018-03-22__22:33:09  4.9.41-v7+ 4572.49 2.000000% 29941 66.2600% 927 6.5800% 53.69℃  normal normal normal
2018-03-22__22:33:11  4.9.41-v7+ 4574.66 2.000000% 29941 66.2600% 927 6.4700% 53.69℃  normal normal normal
2018-03-22__22:33:13  4.9.41-v7+ 4576.82 2.000000% 29941 66.2600% 927 6.4700% 52.61℃  normal normal normal
2018-03-22__22:33:15  4.9.41-v7+ 4578.98 2.000000% 29941 66.2600% 927 6.4700% 53.69℃  normal normal normal
2018-03-22__22:33:17  4.9.41-v7+ 4581.15 2.000000% 29941 66.2600% 927 6.4700% 53.69℃  normal normal normal
2018-03-22__22:33:20  4.9.41-v7+ 4583.29 2.000000% 29941 66.2600% 927 6.5800% 53.69℃  normal normal normal
2018-03-22__22:33:22  4.9.41-v7+ 4585.46 2.000000% 29941 66.2600% 927 6.5800% 53.69℃  normal normal normal
2018-03-22__22:33:24  4.9.41-v7+ 4587.62 2.000000% 29941 66.2600% 927 6.5800% 53.15℃  normal normal normal
2018-03-22__22:33:26  4.9.41-v7+ 4589.78 2.000000% 29941 66.2600% 927 6.4700% 53.69℃  normal normal normal
2018-03-22__22:33:28  4.9.41-v7+ 4591.94 2.000000% 29941 66.2600% 927 6.5800% 53.69℃  normal normal normal
2018-03-22__22:33:30  4.9.41-v7+ 4594.13 2.000000% 29941 66.2600% 927 6.4700% 52.61℃  normal normal normal
2018-03-22__22:33:33  4.9.41-v7+ 4596.30 2.333300% 29941 66.2600% 927 6.5800% 53.69℃  normal normal normal
2018-03-22__22:33:35  4.9.41-v7+ 4598.45 2.333300% 29941 66.2600% 927 6.5800% 53.69℃  normal normal normal
2018-03-22__22:33:37  4.9.41-v7+ 4600.64 2.333300% 29941 66.2600% 927 6.5800% 53.69℃  normal normal normal
2018-03-22__22:33:39  4.9.41-v7+ 4602.79 2.333300% 29941 66.2600% 927 6.4700% 53.69℃  normal normal normal
2018-03-22__22:33:41  4.9.41-v7+ 4604.96 2.333300% 29941 66.2600% 927 6.5800% 53.69℃  normal normal normal
2018-03-22__22:33:43  4.9.41-v7+ 4607.13 2.333300% 29941 66.2600% 927 6.4700% 53.69℃  normal normal normal
2018-03-22__22:33:45  4.9.41-v7+ 4609.26 2.333300% 29941 66.2600% 927 6.5800% 53.69℃  normal normal normal
2018-03-22__22:33:48  4.9.41-v7+ 4611.41 3.333300% 29941 66.2600% 927 6.4700% 53.69℃  normal normal normal
2018-03-22__22:33:50  4.9.41-v7+ 4613.60 3.333300% 29941 66.2600% 927 6.5800% 53.69℃  normal normal normal
2018-03-22__22:33:52  4.9.41-v7+ 4615.76 3.333300% 29941 66.2600% 927 6.5800% 53.69℃  normal normal normal
2018-03-22__22:37:59  4.9.41-v7+ 4862.71 5.333300% 29941 66.2600% 927 6.7900% 52.61℃  normal normal normal
2018-03-22__22:38:01  4.9.41-v7+ 4864.88 5.333300% 29941 66.2600% 927 6.5800% 52.61℃  normal normal normal
2018-03-22__22:38:03  4.9.41-v7+ 4867.04 5.333300% 29941 66.2600% 927 6.5800% 53.69℃  normal normal normal
2018-03-22__22:38:05  4.9.41-v7+ 4869.22 5.333300% 29941 66.2600% 927 6.5800% 52.61℃  normal normal normal
2018-03-22__22:38:08  4.9.41-v7+ 4871.38 5.333300% 29941 66.2600% 927 6.4700% 53.69℃  normal normal normal
2018-03-22__22:38:10  4.9.41-v7+ 4873.51 5.333300% 29941 66.2600% 927 6.4700% 53.69℃  normal normal normal
2018-03-22__22:38:12  4.9.41-v7+ 4875.64 5.333300% 29941 66.2600% 927 6.4700% 52.61℃  normal normal normal
2018-03-22__22:38:14  4.9.41-v7+ 4877.79 5.333300% 29941 66.2600% 927 6.4700% 52.61℃  normal normal normal
2018-03-22__22:38:16  4.9.41-v7+ 4879.95 5.666700% 29941 66.2600% 927 6.4700% 53.15℃  normal normal normal
2018-03-22__22:38:18  4.9.41-v7+ 4882.11 5.666700% 29941 66.2600% 927 6.5800% 53.15℃  normal normal normal
2018-03-22__22:44:15  4.9.41-v7+ 5238.46 6.000000% 29941 66.2600% 927 6.6800% 52.07℃  normal normal normal
2018-03-22__22:44:17  4.9.41-v7+ 5240.61 6.333300% 29941 66.2600% 927 6.4700% 52.61℃  normal normal normal
2018-03-22__22:44:19  4.9.41-v7+ 5242.77 6.333300% 29941 66.2600% 927 6.5800% 53.15℃  normal normal normal
2018-03-22__22:44:21  4.9.41-v7+ 5244.93 6.333300% 29941 66.2600% 927 6.5800% 52.61℃  normal normal normal
2018-03-22__22:44:23  4.9.41-v7+ 5247.09 6.000000% 29941 66.2600% 927 6.6800% 53.15℃  normal normal normal
2018-03-22__22:44:26  4.9.41-v7+ 5249.30 6.000000% 29941 66.2600% 927 6.6800% 52.61℃  normal normal normal
2018-03-22__22:44:28  4.9.41-v7+ 5251.47 6.000000% 29941 66.2600% 927 6.6800% 52.61℃  normal normal normal
2018-03-22__22:44:30  4.9.41-v7+ 5253.68 6.000000% 29941 66.2600% 927 6.6800% 53.15℃  normal normal normal
2018-03-22__22:44:32  4.9.41-v7+ 5255.87 6.000000% 29941 66.2600% 927 6.6800% 52.61℃  normal normal normal
2018-03-22__22:44:34  4.9.41-v7+ 5258.07 6.000000% 29941 66.2600% 927 6.5800% 53.69℃  normal normal normal
2018-03-22__22:44:36  4.9.41-v7+ 5260.23 6.000000% 29941 66.2600% 927 6.5800% 53.69℃  normal normal normal
2018-03-22__22:44:39  4.9.41-v7+ 5262.37 6.000000% 29941 66.2600% 927 6.5800% 53.15℃  normal normal normal
2018-03-22__22:44:41  4.9.41-v7+ 5264.55 6.000000% 29941 66.2600% 927 6.5800% 53.15℃  normal normal normal
2018-03-22__22:44:43  4.9.41-v7+ 5266.70 6.000000% 29941 66.2600% 927 6.4700% 52.61℃  normal normal normal
2018-03-22__22:44:45  4.9.41-v7+ 5268.87 6.000000% 29941 66.2600% 927 6.5800% 53.69℃  normal normal normal
2018-03-22__22:44:47  4.9.41-v7+ 5271.02 6.000000% 29941 66.2600% 927 6.5800% 53.69℃  normal normal normal
2018-03-22__22:44:49  4.9.41-v7+ 5273.20 6.000000% 29941 66.2600% 927 6.5800% 53.69℃  normal normal normal
2018-03-22__22:44:52  4.9.41-v7+ 5275.34 6.000000% 29941 66.2600% 927 6.5800% 53.69℃  normal normal normal
2018-03-22__22:44:54  4.9.41-v7+ 5277.49 6.000000% 29941 66.2600% 927 6.5800% 53.69℃  normal normal normal
2018-03-22__22:44:56  4.9.41-v7+ 5279.66 6.000000% 29941 66.2600% 927 6.6800% 53.69℃  normal normal normal
2018-03-22__22:44:58  4.9.41-v7+ 5281.84 6.000000% 29941 66.2600% 927 6.5800% 53.69℃  normal normal normal
2018-03-22__22:45:00  4.9.41-v7+ 5283.97 6.000000% 29941 66.2600% 927 6.5800% 53.69℃  normal normal normal
2018-03-22__22:45:02  4.9.41-v7+ 5286.11 6.000000% 29941 66.2600% 927 6.4700% 53.69℃  normal normal normal
2018-03-22__22:45:04  4.9.41-v7+ 5288.24 6.000000% 29941 66.2600% 927 6.5800% 53.69℃  normal normal normal
2018-03-22__22:45:07  4.9.41-v7+ 5290.37 6.000000% 29941 66.2600% 927 6.5800% 53.69℃  normal normal normal
2018-03-22__22:45:09  4.9.41-v7+ 5292.51 6.000000% 29941 66.2600% 927 6.5800% 53.69℃  normal normal normal
2018-03-22__22:45:11  4.9.41-v7+ 5294.66 6.000000% 29941 66.2600% 927 6.5800% 53.69℃  normal normal normal
2018-03-22__22:45:13  4.9.41-v7+ 5296.81 6.000000% 29941 66.2600% 927 6.6800% 53.15℃  normal normal normal
2018-03-22__22:45:15  4.9.41-v7+ 5298.97 6.000000% 29941 66.2600% 927 6.5800% 52.61℃  normal normal normal
2018-03-22__22:45:17  4.9.41-v7+ 5301.15 6.000000% 29941 66.2600% 927 6.6800% 53.69℃  normal normal normal
2018-03-22__22:45:20  4.9.41-v7+ 5303.34 6.000000% 29941 66.2600% 927 6.5800% 53.69℃  normal normal normal
2018-03-22__22:45:22  4.9.41-v7+ 5305.52 6.000000% 29941 66.2600% 927 6.5800% 53.15℃  normal normal normal
2018-03-22__22:45:24  4.9.41-v7+ 5307.69 6.666700% 29941 66.2600% 927 6.5800% 53.15℃  normal normal normal
2018-03-22__22:45:26  4.9.41-v7+ 5309.87 6.666700% 29941 66.2600% 927 6.5800% 53.15℃  normal normal normal
2018-03-22__22:45:28  4.9.41-v7+ 5312.03 6.666700% 29941 66.2600% 927 6.5800% 53.69℃  normal normal normal
2018-03-22__22:45:30  4.9.41-v7+ 5314.21 6.666700% 29941 66.2600% 927 6.5800% 53.69℃  normal normal normal
2018-03-22__22:45:33  4.9.41-v7+ 5316.35 6.666700% 29941 66.2600% 927 6.5800% 53.69℃  normal normal normal
2018-03-22__22:45:35  4.9.41-v7+ 5318.52 6.666700% 29941 66.2600% 927 6.5800% 53.69℃  normal normal normal
2018-03-22__22:45:37  4.9.41-v7+ 5320.67 6.666700% 29941 66.2600% 927 6.5800% 53.69℃  normal normal normal
2018-03-22__22:45:39  4.9.41-v7+ 5322.84 8.333300% 29941 66.2600% 927 6.5800% 53.69℃  normal normal normal
2018-03-22__22:45:41  4.9.41-v7+ 5325.05 8.333300% 29941 66.2600% 927 6.6800% 53.69℃  normal normal normal
2018-03-22__22:45:43  4.9.41-v7+ 5327.22 8.333300% 29941 66.2600% 927 6.6800% 53.69℃  normal normal normal
2018-03-22__22:45:46  4.9.41-v7+ 5329.41 8.333300% 29941 66.2600% 927 6.5800% 53.69℃  normal normal normal
2018-03-22__22:45:48  4.9.41-v7+ 5331.55 8.333300% 29941 66.2600% 927 6.5800% 53.69℃  normal normal normal
2018-03-22__22:45:50  4.9.41-v7+ 5333.71 8.333300% 29941 66.2600% 927 6.5800% 53.69℃  normal normal normal
2018-03-22__22:45:52  4.9.41-v7+ 5335.88 8.333300% 29941 66.2600% 927 6.5800% 53.69℃  normal normal normal
2018-03-22__22:45:54  4.9.41-v7+ 5338.05 8.333300% 29941 66.2600% 927 6.6800% 53.69℃  normal normal normal
2018-03-22__22:45:56  4.9.41-v7+ 5340.23 8.333300% 29941 66.2600% 927 6.5800% 53.69℃  normal normal normal
2018-03-22__22:45:59  4.9.41-v7+ 5342.40 9.000000% 29941 66.2600% 927 6.5800% 53.69℃  normal normal normal
2018-03-22__22:46:01  4.9.41-v7+ 5344.56 9.000000% 29941 66.2600% 927 6.5800% 53.69℃  normal normal normal
2018-03-22__22:46:03  4.9.41-v7+ 5346.70 9.000000% 29941 66.2600% 927 6.5800% 53.69℃  normal normal normal
2018-03-22__22:46:05  4.9.41-v7+ 5348.89 9.000000% 29941 66.2600% 927 6.5800% 53.69℃  normal normal normal
2018-03-22__22:46:07  4.9.41-v7+ 5351.01 9.000000% 29941 66.2600% 927 6.5800% 53.69℃  normal normal normal
2018-03-22__22:46:09  4.9.41-v7+ 5353.14 9.000000% 29941 66.2600% 927 6.5800% 53.69℃  normal normal normal
2018-03-22__22:46:12  4.9.41-v7+ 5355.31 9.000000% 29941 66.2600% 927 6.5800% 53.69℃  normal normal normal
2018-03-22__22:46:14  4.9.41-v7+ 5357.46 9.000000% 29941 66.2600% 927 6.6800% 54.23℃  normal normal normal
2018-03-22__22:46:16  4.9.41-v7+ 5359.61 9.000000% 29941 66.2600% 927 6.6800% 53.69℃  normal normal normal
2018-03-22__22:46:18  4.9.41-v7+ 5361.82 9.000000% 29941 66.2600% 927 6.5800% 53.69℃  normal normal normal
2018-03-22__22:46:20  4.9.41-v7+ 5363.97 9.000000% 29941 66.2600% 927 6.6800% 53.69℃  normal normal normal
2018-03-22__22:46:22  4.9.41-v7+ 5366.14 8.666700% 29941 66.2600% 927 6.6800% 53.69℃  normal normal normal
2018-03-22__22:46:25  4.9.41-v7+ 5368.31 8.666700% 29941 66.2600% 927 6.6800% 53.69℃  normal normal normal
2018-03-22__22:46:27  4.9.41-v7+ 5370.48 8.666700% 29941 66.2600% 927 6.6800% 53.69℃  normal normal normal
2018-03-22__22:46:29  4.9.41-v7+ 5372.65 9.000000% 29941 66.2600% 927 6.5800% 53.69℃  normal normal normal
2018-03-22__22:46:31  4.9.41-v7+ 5374.85 9.000000% 29941 66.2600% 927 6.5800% 53.69℃  normal normal normal
2018-03-22__22:46:33  4.9.41-v7+ 5377.03 9.000000% 29941 66.2600% 927 6.6800% 53.69℃  normal normal normal
