2018-03-22__21:43:25
total_u	active	freq	cur_u	pts	ip
35	pi	79	szg	pts/0	192.168.1.41
	qx	48			
	luoyi	45			
					
2018-03-22__21:43:28
total_u	active	freq	cur_u	pts	ip
35	pi	79	szg	pts/0	192.168.1.41
	qx	48			
	luoyi	45			
					
2018-03-22__21:43:30
total_u	active	freq	cur_u	pts	ip
35	pi	79	szg	pts/0	192.168.1.41
	qx	48			
	luoyi	45			
					
2018-03-22__21:43:32
total_u	active	freq	cur_u	pts	ip
35	pi	79	szg	pts/0	192.168.1.41
	qx	48			
	luoyi	45			
					
2018-03-22__21:43:34
total_u	active	freq	cur_u	pts	ip
35	pi	79	szg	pts/0	192.168.1.41
	qx	48			
	luoyi	45			
					
2018-03-22__21:43:36
total_u	active	freq	cur_u	pts	ip
35	pi	79	szg	pts/0	192.168.1.41
	qx	48			
	luoyi	45			
					
2018-03-22__21:43:38
total_u	active	freq	cur_u	pts	ip
35	pi	79	szg	pts/0	192.168.1.41
	qx	48			
	luoyi	45			
					
2018-03-22__21:43:41
total_u	active	freq	cur_u	pts	ip
35	pi	79	szg	pts/0	192.168.1.41
	qx	48			
	luoyi	45			
					
2018-03-22__21:43:43
total_u	active	freq	cur_u	pts	ip
35	pi	79	szg	pts/0	192.168.1.41
	qx	48			
	luoyi	45			
					
2018-03-22__21:43:45
total_u	active	freq	cur_u	pts	ip
35	pi	79	szg	pts/0	192.168.1.41
	qx	48			
	luoyi	45			
					
2018-03-22__21:43:47
total_u	active	freq	cur_u	pts	ip
35	pi	79	szg	pts/0	192.168.1.41
	qx	48			
	luoyi	45			
					
2018-03-22__21:43:49
total_u	active	freq	cur_u	pts	ip
35	pi	79	szg	pts/0	192.168.1.41
	qx	48			
	luoyi	45			
					
2018-03-22__21:43:51
total_u	active	freq	cur_u	pts	ip
35	pi	79	szg	pts/0	192.168.1.41
	qx	48			
	luoyi	45			
					
2018-03-22__21:43:54
total_u	active	freq	cur_u	pts	ip
35	pi	79	szg	pts/0	192.168.1.41
	qx	48			
	luoyi	45			
					
2018-03-22__21:43:56
total_u	active	freq	cur_u	pts	ip
35	pi	79	szg	pts/0	192.168.1.41
	qx	48			
	luoyi	45			
					
2018-03-22__21:43:58
total_u	active	freq	cur_u	pts	ip
35	pi	79	szg	pts/0	192.168.1.41
	qx	48			
	luoyi	45			
					
2018-03-22__21:44:00
total_u	active	freq	cur_u	pts	ip
35	pi	79	szg	pts/0	192.168.1.41
	qx	48			
	luoyi	45			
					
2018-03-22__21:44:02
total_u	active	freq	cur_u	pts	ip
35	pi	79	szg	pts/0	192.168.1.41
	qx	48			
	luoyi	45			
					
2018-03-22__21:44:05
total_u	active	freq	cur_u	pts	ip
35	pi	79	szg	pts/0	192.168.1.41
	qx	48			
	luoyi	45			
					
2018-03-22__21:44:07
total_u	active	freq	cur_u	pts	ip
35	pi	79	szg	pts/0	192.168.1.41
	qx	48			
	luoyi	45			
					
2018-03-22__21:44:09
total_u	active	freq	cur_u	pts	ip
35	pi	79	szg	pts/0	192.168.1.41
	qx	48			
	luoyi	45			
					
2018-03-22__21:44:11
total_u	active	freq	cur_u	pts	ip
35	pi	79	szg	pts/0	192.168.1.41
	qx	48			
	luoyi	45			
					
2018-03-22__21:44:13
total_u	active	freq	cur_u	pts	ip
35	pi	79	szg	pts/0	192.168.1.41
	qx	48			
	luoyi	45			
					
2018-03-22__21:44:15
total_u	active	freq	cur_u	pts	ip
35	pi	79	szg	pts/0	192.168.1.41
	qx	48			
	luoyi	45			
					
2018-03-22__21:44:17
total_u	active	freq	cur_u	pts	ip
35	pi	79	szg	pts/0	192.168.1.41
	qx	48			
	luoyi	45			
					
2018-03-22__21:44:20
total_u	active	freq	cur_u	pts	ip
35	pi	79	szg	pts/0	192.168.1.41
	qx	48			
	luoyi	45			
					
2018-03-22__21:44:22
total_u	active	freq	cur_u	pts	ip
35	pi	79	szg	pts/0	192.168.1.41
	qx	48			
	luoyi	45			
					
2018-03-22__21:44:24
total_u	active	freq	cur_u	pts	ip
35	pi	79	szg	pts/0	192.168.1.41
	qx	48			
	luoyi	45			
					
2018-03-22__21:44:26
total_u	active	freq	cur_u	pts	ip
35	pi	79	szg	pts/0	192.168.1.41
	qx	48			
	luoyi	45			
					
2018-03-22__21:44:28
total_u	active	freq	cur_u	pts	ip
35	pi	79	szg	pts/0	192.168.1.41
	qx	48			
	luoyi	45			
					
2018-03-22__21:56:02
total_u	active	freq	cur_u	pts	ip
35	pi	79	szg	pts/0	192.168.1.41
	qx	48			
	luoyi	45			
					
2018-03-22__21:56:04
total_u	active	freq	cur_u	pts	ip
35	pi	79	szg	pts/0	192.168.1.41
	qx	48			
	luoyi	45			
					
2018-03-22__21:56:06
total_u	active	freq	cur_u	pts	ip
35	pi	79	szg	pts/0	192.168.1.41
	qx	48			
	luoyi	45			
					
2018-03-22__21:56:08
total_u	active	freq	cur_u	pts	ip
35	pi	79	szg	pts/0	192.168.1.41
	qx	48			
	luoyi	45			
					
2018-03-22__21:56:10
total_u	active	freq	cur_u	pts	ip
35	pi	79	szg	pts/0	192.168.1.41
	qx	48			
	luoyi	45			
					
2018-03-22__21:56:13
total_u	active	freq	cur_u	pts	ip
35	pi	79	szg	pts/0	192.168.1.41
	qx	48			
	luoyi	45			
					
2018-03-22__21:56:15
total_u	active	freq	cur_u	pts	ip
35	pi	79	szg	pts/0	192.168.1.41
	qx	48			
	luoyi	45			
					
2018-03-22__21:56:17
total_u	active	freq	cur_u	pts	ip
35	pi	79	szg	pts/0	192.168.1.41
	qx	48			
	luoyi	45			
					
2018-03-22__21:56:19
total_u	active	freq	cur_u	pts	ip
35	pi	79	szg	pts/0	192.168.1.41
	qx	48			
	luoyi	45			
					
2018-03-22__21:56:21
total_u	active	freq	cur_u	pts	ip
35	pi	79	szg	pts/0	192.168.1.41
	qx	48			
	luoyi	45			
					
2018-03-22__21:56:23
total_u	active	freq	cur_u	pts	ip
35	pi	79	szg	pts/0	192.168.1.41
	qx	48			
	luoyi	45			
					
2018-03-22__21:56:26
total_u	active	freq	cur_u	pts	ip
35	pi	79	szg	pts/0	192.168.1.41
	qx	48			
	luoyi	45			
					
2018-03-22__21:56:28
total_u	active	freq	cur_u	pts	ip
35	pi	79	szg	pts/0	192.168.1.41
	qx	48			
	luoyi	45			
					
2018-03-22__21:56:30
total_u	active	freq	cur_u	pts	ip
35	pi	79	szg	pts/0	192.168.1.41
	qx	48			
	luoyi	45			
					
2018-03-22__21:56:32
total_u	active	freq	cur_u	pts	ip
35	pi	79	szg	pts/0	192.168.1.41
	qx	48			
	luoyi	45			
					
2018-03-22__21:56:34
total_u	active	freq	cur_u	pts	ip
35	pi	79	szg	pts/0	192.168.1.41
	qx	48			
	luoyi	45			
					
2018-03-22__21:56:36
total_u	active	freq	cur_u	pts	ip
35	pi	79	szg	pts/0	192.168.1.41
	qx	48			
	luoyi	45			
					
2018-03-22__21:56:38
total_u	active	freq	cur_u	pts	ip
35	pi	79	szg	pts/0	192.168.1.41
	qx	48			
	luoyi	45			
					
2018-03-22__21:56:41
total_u	active	freq	cur_u	pts	ip
35	pi	79	szg	pts/0	192.168.1.41
	qx	48			
	luoyi	45			
					
2018-03-22__21:56:43
total_u	active	freq	cur_u	pts	ip
35	pi	79	szg	pts/0	192.168.1.41
	qx	48			
	luoyi	45			
					
2018-03-22__21:56:45
total_u	active	freq	cur_u	pts	ip
35	pi	79	szg	pts/0	192.168.1.41
	qx	48			
	luoyi	45			
					
2018-03-22__21:56:47
total_u	active	freq	cur_u	pts	ip
35	pi	79	szg	pts/0	192.168.1.41
	qx	48			
	luoyi	45			
					
2018-03-22__21:56:49
total_u	active	freq	cur_u	pts	ip
35	pi	79	szg	pts/0	192.168.1.41
	qx	48			
	luoyi	45			
					
2018-03-22__21:56:51
total_u	active	freq	cur_u	pts	ip
35	pi	79	szg	pts/0	192.168.1.41
	qx	48			
	luoyi	45			
					
2018-03-22__21:56:54
total_u	active	freq	cur_u	pts	ip
35	pi	79	szg	pts/0	192.168.1.41
	qx	48			
	luoyi	45			
					
2018-03-22__21:56:56
total_u	active	freq	cur_u	pts	ip
35	pi	79	szg	pts/0	192.168.1.41
	qx	48			
	luoyi	45			
					
2018-03-22__21:56:58
total_u	active	freq	cur_u	pts	ip
35	pi	79	szg	pts/0	192.168.1.41
	qx	48			
	luoyi	45			
					
2018-03-22__21:57:00
total_u	active	freq	cur_u	pts	ip
35	pi	79	szg	pts/0	192.168.1.41
	qx	48			
	luoyi	45			
					
2018-03-22__21:57:02
total_u	active	freq	cur_u	pts	ip
35	pi	79	szg	pts/0	192.168.1.41
	qx	48			
	luoyi	45			
					
2018-03-22__21:57:05
total_u	active	freq	cur_u	pts	ip
35	pi	79	szg	pts/0	192.168.1.41
	qx	48			
	luoyi	45			
					
2018-03-22__21:57:07
total_u	active	freq	cur_u	pts	ip
35	pi	79	szg	pts/0	192.168.1.41
	qx	48			
	luoyi	45			
					
2018-03-22__21:57:09
total_u	active	freq	cur_u	pts	ip
35	pi	79	szg	pts/0	192.168.1.41
	qx	48			
	luoyi	45			
					
2018-03-22__21:57:11
total_u	active	freq	cur_u	pts	ip
35	pi	79	szg	pts/0	192.168.1.41
	qx	48			
	luoyi	45			
					
2018-03-22__21:57:13
total_u	active	freq	cur_u	pts	ip
35	pi	79	szg	pts/0	192.168.1.41
	qx	48			
	luoyi	45			
					
2018-03-22__21:57:15
total_u	active	freq	cur_u	pts	ip
35	pi	79	szg	pts/0	192.168.1.41
	qx	48			
	luoyi	45			
					
2018-03-22__21:57:18
total_u	active	freq	cur_u	pts	ip
35	pi	79	szg	pts/0	192.168.1.41
	qx	48			
	luoyi	45			
					
2018-03-22__21:57:20
total_u	active	freq	cur_u	pts	ip
35	pi	79	szg	pts/0	192.168.1.41
	qx	48			
	luoyi	45			
					
2018-03-22__21:57:22
total_u	active	freq	cur_u	pts	ip
35	pi	79	szg	pts/0	192.168.1.41
	qx	48			
	luoyi	45			
					
2018-03-22__21:57:24
total_u	active	freq	cur_u	pts	ip
35	pi	79	szg	pts/0	192.168.1.41
	qx	48			
	luoyi	45			
					
2018-03-22__21:57:26
total_u	active	freq	cur_u	pts	ip
35	pi	79	szg	pts/0	192.168.1.41
	qx	48			
	luoyi	45			
					
2018-03-22__21:58:01
total_u	active	freq	cur_u	pts	ip
35	pi	79	szg	pts/0	192.168.1.41
	qx	48			
	luoyi	45			
					
2018-03-22__21:58:03
total_u	active	freq	cur_u	pts	ip
35	pi	79	szg	pts/0	192.168.1.41
	qx	48			
	luoyi	45			
					
2018-03-22__21:58:05
total_u	active	freq	cur_u	pts	ip
35	pi	79	szg	pts/0	192.168.1.41
	qx	48			
	luoyi	45			
					
2018-03-22__21:58:07
total_u	active	freq	cur_u	pts	ip
35	pi	79	szg	pts/0	192.168.1.41
	qx	48			
	luoyi	45			
					
2018-03-22__21:58:10
total_u	active	freq	cur_u	pts	ip
35	pi	79	szg	pts/0	192.168.1.41
	qx	48			
	luoyi	45			
					
2018-03-22__22:24:21
total_u	active	freq	cur_u	pts	ip
32	pi	49	cyq	pts/0	192.168.1.132
	qx	28	szg	pts/1	192.168.1.181
	bty	27	cyq	pts/2	192.168.1.132
			szg	pts/3	192.168.1.181
					
2018-03-22__22:24:23
total_u	active	freq	cur_u	pts	ip
32	pi	49	cyq	pts/0	192.168.1.132
	qx	28	szg	pts/1	192.168.1.181
	bty	27	cyq	pts/2	192.168.1.132
			szg	pts/3	192.168.1.181
					
2018-03-22__22:24:25
total_u	active	freq	cur_u	pts	ip
32	pi	49	cyq	pts/0	192.168.1.132
	qx	28	szg	pts/1	192.168.1.181
	bty	27	cyq	pts/2	192.168.1.132
			szg	pts/3	192.168.1.181
					
2018-03-22__22:24:27
total_u	active	freq	cur_u	pts	ip
32	pi	49	cyq	pts/0	192.168.1.132
	qx	28	szg	pts/1	192.168.1.181
	bty	27	cyq	pts/2	192.168.1.132
			szg	pts/3	192.168.1.181
					
2018-03-22__22:24:29
total_u	active	freq	cur_u	pts	ip
32	pi	49	cyq	pts/0	192.168.1.132
	qx	28	szg	pts/1	192.168.1.181
	bty	27	cyq	pts/2	192.168.1.132
			szg	pts/3	192.168.1.181
					
2018-03-22__21:58:12
total_u	active	freq	cur_u	pts	ip
35	pi	79	szg	pts/0	192.168.1.41
	qx	48			
	luoyi	45			
					
2018-03-22__21:58:14
total_u	active	freq	cur_u	pts	ip
35	pi	79	szg	pts/0	192.168.1.41
	qx	48			
	luoyi	45			
					
2018-03-22__21:58:16
total_u	active	freq	cur_u	pts	ip
35	pi	79	szg	pts/0	192.168.1.41
	qx	48			
	luoyi	45			
					
2018-03-22__21:58:18
total_u	active	freq	cur_u	pts	ip
35	pi	79	szg	pts/0	192.168.1.41
	qx	48			
	luoyi	45			
					
2018-03-22__21:58:20
total_u	active	freq	cur_u	pts	ip
35	pi	79	szg	pts/0	192.168.1.41
	qx	48			
	luoyi	45			
					
2018-03-22__21:58:22
total_u	active	freq	cur_u	pts	ip
35	pi	79	szg	pts/0	192.168.1.41
	qx	48			
	luoyi	45			
					
2018-03-22__21:58:25
total_u	active	freq	cur_u	pts	ip
35	pi	79	szg	pts/0	192.168.1.41
	qx	48			
	luoyi	45			
					
2018-03-22__21:58:27
total_u	active	freq	cur_u	pts	ip
35	pi	79	szg	pts/0	192.168.1.41
	qx	48			
	luoyi	45			
					
2018-03-22__21:58:29
total_u	active	freq	cur_u	pts	ip
35	pi	79	szg	pts/0	192.168.1.41
	qx	48			
	luoyi	45			
					
2018-03-22__21:58:31
total_u	active	freq	cur_u	pts	ip
35	pi	79	szg	pts/0	192.168.1.41
	qx	48			
	luoyi	45			
					
2018-03-22__22:32:06
total_u	active	freq	cur_u	pts	ip
35	pi	79	szg	pts/0	192.168.1.41
	qx	48			
	luoyi	45			
					
2018-03-22__22:32:08
total_u	active	freq	cur_u	pts	ip
35	pi	79	szg	pts/0	192.168.1.41
	qx	48			
	luoyi	45			
					
2018-03-22__22:32:11
total_u	active	freq	cur_u	pts	ip
35	pi	79	szg	pts/0	192.168.1.41
	qx	48			
	luoyi	45			
					
2018-03-22__22:32:13
total_u	active	freq	cur_u	pts	ip
35	pi	79	szg	pts/0	192.168.1.41
	qx	48			
	luoyi	45			
					
2018-03-22__22:32:15
total_u	active	freq	cur_u	pts	ip
35	pi	79	szg	pts/0	192.168.1.41
	qx	48			
	luoyi	45			
					
2018-03-22__22:32:17
total_u	active	freq	cur_u	pts	ip
35	pi	79	szg	pts/0	192.168.1.41
	qx	48			
	luoyi	45			
					
2018-03-22__22:32:19
total_u	active	freq	cur_u	pts	ip
35	pi	79	szg	pts/0	192.168.1.41
	qx	48			
	luoyi	45			
					
2018-03-22__22:32:21
total_u	active	freq	cur_u	pts	ip
35	pi	79	szg	pts/0	192.168.1.41
	qx	48			
	luoyi	45			
					
2018-03-22__22:32:23
total_u	active	freq	cur_u	pts	ip
35	pi	79	szg	pts/0	192.168.1.41
	qx	48			
	luoyi	45			
					
2018-03-22__22:32:26
total_u	active	freq	cur_u	pts	ip
35	pi	79	szg	pts/0	192.168.1.41
	qx	48			
	luoyi	45			
					
2018-03-22__22:32:28
total_u	active	freq	cur_u	pts	ip
35	pi	79	szg	pts/0	192.168.1.41
	qx	48			
	luoyi	45			
					
2018-03-22__22:32:30
total_u	active	freq	cur_u	pts	ip
35	pi	79	szg	pts/0	192.168.1.41
	qx	48			
	luoyi	45			
					
2018-03-22__22:32:32
total_u	active	freq	cur_u	pts	ip
35	pi	79	szg	pts/0	192.168.1.41
	qx	48			
	luoyi	45			
					
2018-03-22__22:32:34
total_u	active	freq	cur_u	pts	ip
35	pi	79	szg	pts/0	192.168.1.41
	qx	48			
	luoyi	45			
					
2018-03-22__22:32:36
total_u	active	freq	cur_u	pts	ip
35	pi	79	szg	pts/0	192.168.1.41
	qx	48			
	luoyi	45			
					
2018-03-22__22:32:39
total_u	active	freq	cur_u	pts	ip
35	pi	79	szg	pts/0	192.168.1.41
	qx	48			
	luoyi	45			
					
2018-03-22__22:32:41
total_u	active	freq	cur_u	pts	ip
35	pi	79	szg	pts/0	192.168.1.41
	qx	48			
	luoyi	45			
					
2018-03-22__22:32:43
total_u	active	freq	cur_u	pts	ip
35	pi	79	szg	pts/0	192.168.1.41
	qx	48			
	luoyi	45			
					
2018-03-22__22:32:45
total_u	active	freq	cur_u	pts	ip
35	pi	79	szg	pts/0	192.168.1.41
	qx	48			
	luoyi	45			
					
2018-03-22__22:32:47
total_u	active	freq	cur_u	pts	ip
35	pi	79	szg	pts/0	192.168.1.41
	qx	48			
	luoyi	45			
					
2018-03-22__22:32:49
total_u	active	freq	cur_u	pts	ip
35	pi	79	szg	pts/0	192.168.1.41
	qx	48			
	luoyi	45			
					
2018-03-22__22:32:52
total_u	active	freq	cur_u	pts	ip
35	pi	79	szg	pts/0	192.168.1.41
	qx	48			
	luoyi	45			
					
2018-03-22__22:32:54
total_u	active	freq	cur_u	pts	ip
35	pi	79	szg	pts/0	192.168.1.41
	qx	48			
	luoyi	45			
					
2018-03-22__22:32:56
total_u	active	freq	cur_u	pts	ip
35	pi	79	szg	pts/0	192.168.1.41
	qx	48			
	luoyi	45			
					
2018-03-22__22:32:58
total_u	active	freq	cur_u	pts	ip
35	pi	79	szg	pts/0	192.168.1.41
	qx	48			
	luoyi	45			
					
2018-03-22__22:33:00
total_u	active	freq	cur_u	pts	ip
35	pi	79	szg	pts/0	192.168.1.41
	qx	48			
	luoyi	45			
					
2018-03-22__22:33:02
total_u	active	freq	cur_u	pts	ip
35	pi	79	szg	pts/0	192.168.1.41
	qx	48			
	luoyi	45			
					
2018-03-22__22:33:04
total_u	active	freq	cur_u	pts	ip
35	pi	79	szg	pts/0	192.168.1.41
	qx	48			
	luoyi	45			
					
2018-03-22__22:33:07
total_u	active	freq	cur_u	pts	ip
35	pi	79	szg	pts/0	192.168.1.41
	qx	48			
	luoyi	45			
					
2018-03-22__22:33:09
total_u	active	freq	cur_u	pts	ip
35	pi	79	szg	pts/0	192.168.1.41
	qx	48			
	luoyi	45			
					
2018-03-22__22:33:11
total_u	active	freq	cur_u	pts	ip
35	pi	79	szg	pts/0	192.168.1.41
	qx	48			
	luoyi	45			
					
2018-03-22__22:33:13
total_u	active	freq	cur_u	pts	ip
35	pi	79	szg	pts/0	192.168.1.41
	qx	48			
	luoyi	45			
					
2018-03-22__22:33:15
total_u	active	freq	cur_u	pts	ip
35	pi	79	szg	pts/0	192.168.1.41
	qx	48			
	luoyi	45			
					
2018-03-22__22:33:17
total_u	active	freq	cur_u	pts	ip
35	pi	79	szg	pts/0	192.168.1.41
	qx	48			
	luoyi	45			
					
2018-03-22__22:33:20
total_u	active	freq	cur_u	pts	ip
35	pi	79	szg	pts/0	192.168.1.41
	qx	48			
	luoyi	45			
					
2018-03-22__22:33:22
total_u	active	freq	cur_u	pts	ip
35	pi	79	szg	pts/0	192.168.1.41
	qx	48			
	luoyi	45			
					
2018-03-22__22:33:24
total_u	active	freq	cur_u	pts	ip
35	pi	79	szg	pts/0	192.168.1.41
	qx	48			
	luoyi	45			
					
2018-03-22__22:33:26
total_u	active	freq	cur_u	pts	ip
35	pi	79	szg	pts/0	192.168.1.41
	qx	48			
	luoyi	45			
					
2018-03-22__22:33:28
total_u	active	freq	cur_u	pts	ip
35	pi	79	szg	pts/0	192.168.1.41
	qx	48			
	luoyi	45			
					
2018-03-22__22:33:30
total_u	active	freq	cur_u	pts	ip
35	pi	79	szg	pts/0	192.168.1.41
	qx	48			
	luoyi	45			
					
2018-03-22__22:33:33
total_u	active	freq	cur_u	pts	ip
35	pi	79	szg	pts/0	192.168.1.41
	qx	48			
	luoyi	45			
					
2018-03-22__22:33:35
total_u	active	freq	cur_u	pts	ip
35	pi	79	szg	pts/0	192.168.1.41
	qx	48			
	luoyi	45			
					
2018-03-22__22:33:37
total_u	active	freq	cur_u	pts	ip
35	pi	79	szg	pts/0	192.168.1.41
	qx	48			
	luoyi	45			
					
2018-03-22__22:33:39
total_u	active	freq	cur_u	pts	ip
35	pi	79	szg	pts/0	192.168.1.41
	qx	48			
	luoyi	45			
					
2018-03-22__22:33:41
total_u	active	freq	cur_u	pts	ip
35	pi	79	szg	pts/0	192.168.1.41
	qx	48			
	luoyi	45			
					
2018-03-22__22:33:43
total_u	active	freq	cur_u	pts	ip
35	pi	79	szg	pts/0	192.168.1.41
	qx	48			
	luoyi	45			
					
2018-03-22__22:33:46
total_u	active	freq	cur_u	pts	ip
35	pi	79	szg	pts/0	192.168.1.41
	qx	48			
	luoyi	45			
					
2018-03-22__22:33:48
total_u	active	freq	cur_u	pts	ip
35	pi	79	szg	pts/0	192.168.1.41
	qx	48			
	luoyi	45			
					
2018-03-22__22:33:50
total_u	active	freq	cur_u	pts	ip
35	pi	79	szg	pts/0	192.168.1.41
	qx	48			
	luoyi	45			
					
2018-03-22__22:33:52
total_u	active	freq	cur_u	pts	ip
35	pi	79	szg	pts/0	192.168.1.41
	qx	48			
	luoyi	45			
					
2018-03-22__22:37:59
total_u	active	freq	cur_u	pts	ip
35	pi	79	szg	pts/0	192.168.1.41
	qx	48			
	luoyi	45			
					
2018-03-22__22:38:01
total_u	active	freq	cur_u	pts	ip
35	pi	79	szg	pts/0	192.168.1.41
	qx	48			
	luoyi	45			
					
2018-03-22__22:38:03
total_u	active	freq	cur_u	pts	ip
35	pi	79	szg	pts/0	192.168.1.41
	qx	48			
	luoyi	45			
					
2018-03-22__22:38:06
total_u	active	freq	cur_u	pts	ip
35	pi	79	szg	pts/0	192.168.1.41
	qx	48			
	luoyi	45			
					
2018-03-22__22:38:08
total_u	active	freq	cur_u	pts	ip
35	pi	79	szg	pts/0	192.168.1.41
	qx	48			
	luoyi	45			
					
2018-03-22__22:38:10
total_u	active	freq	cur_u	pts	ip
35	pi	79	szg	pts/0	192.168.1.41
	qx	48			
	luoyi	45			
					
2018-03-22__22:38:12
total_u	active	freq	cur_u	pts	ip
35	pi	79	szg	pts/0	192.168.1.41
	qx	48			
	luoyi	45			
					
2018-03-22__22:38:14
total_u	active	freq	cur_u	pts	ip
35	pi	79	szg	pts/0	192.168.1.41
	qx	48			
	luoyi	45			
					
2018-03-22__22:38:16
total_u	active	freq	cur_u	pts	ip
35	pi	79	szg	pts/0	192.168.1.41
	qx	48			
	luoyi	45			
					
2018-03-22__22:38:18
total_u	active	freq	cur_u	pts	ip
35	pi	79	szg	pts/0	192.168.1.41
	qx	48			
	luoyi	45			
					
2018-03-22__22:44:15
total_u	active	freq	cur_u	pts	ip
35	pi	79	szg	pts/0	192.168.1.41
	qx	48			
	luoyi	45			
					
2018-03-22__22:44:17
total_u	active	freq	cur_u	pts	ip
35	pi	79	szg	pts/0	192.168.1.41
	qx	48			
	luoyi	45			
					
2018-03-22__22:44:19
total_u	active	freq	cur_u	pts	ip
35	pi	79	szg	pts/0	192.168.1.41
	qx	48			
	luoyi	45			
					
2018-03-22__22:44:21
total_u	active	freq	cur_u	pts	ip
35	pi	79	szg	pts/0	192.168.1.41
	qx	48			
	luoyi	45			
					
2018-03-22__22:44:23
total_u	active	freq	cur_u	pts	ip
35	pi	79	szg	pts/0	192.168.1.41
	qx	48			
	luoyi	45			
					
2018-03-22__22:44:26
total_u	active	freq	cur_u	pts	ip
35	pi	79	szg	pts/0	192.168.1.41
	qx	48			
	luoyi	45			
					
2018-03-22__22:44:28
total_u	active	freq	cur_u	pts	ip
35	pi	79	szg	pts/0	192.168.1.41
	qx	48			
	luoyi	45			
					
2018-03-22__22:44:30
total_u	active	freq	cur_u	pts	ip
35	pi	79	szg	pts/0	192.168.1.41
	qx	48			
	luoyi	45			
					
2018-03-22__22:44:32
total_u	active	freq	cur_u	pts	ip
35	pi	79	szg	pts/0	192.168.1.41
	qx	48			
	luoyi	45			
					
2018-03-22__22:44:34
total_u	active	freq	cur_u	pts	ip
35	pi	79	szg	pts/0	192.168.1.41
	qx	48			
	luoyi	45			
					
2018-03-22__22:44:36
total_u	active	freq	cur_u	pts	ip
35	pi	79	szg	pts/0	192.168.1.41
	qx	48			
	luoyi	45			
					
2018-03-22__22:44:39
total_u	active	freq	cur_u	pts	ip
35	pi	79	szg	pts/0	192.168.1.41
	qx	48			
	luoyi	45			
					
2018-03-22__22:44:41
total_u	active	freq	cur_u	pts	ip
35	pi	79	szg	pts/0	192.168.1.41
	qx	48			
	luoyi	45			
					
2018-03-22__22:44:43
total_u	active	freq	cur_u	pts	ip
35	pi	79	szg	pts/0	192.168.1.41
	qx	48			
	luoyi	45			
					
2018-03-22__22:44:45
total_u	active	freq	cur_u	pts	ip
35	pi	79	szg	pts/0	192.168.1.41
	qx	48			
	luoyi	45			
					
2018-03-22__22:44:47
total_u	active	freq	cur_u	pts	ip
35	pi	79	szg	pts/0	192.168.1.41
	qx	48			
	luoyi	45			
					
2018-03-22__22:44:49
total_u	active	freq	cur_u	pts	ip
35	pi	79	szg	pts/0	192.168.1.41
	qx	48			
	luoyi	45			
					
2018-03-22__22:44:52
total_u	active	freq	cur_u	pts	ip
35	pi	79	szg	pts/0	192.168.1.41
	qx	48			
	luoyi	45			
					
2018-03-22__22:44:54
total_u	active	freq	cur_u	pts	ip
35	pi	79	szg	pts/0	192.168.1.41
	qx	48			
	luoyi	45			
					
2018-03-22__22:44:56
total_u	active	freq	cur_u	pts	ip
35	pi	79	szg	pts/0	192.168.1.41
	qx	48			
	luoyi	45			
					
2018-03-22__22:44:58
total_u	active	freq	cur_u	pts	ip
35	pi	79	szg	pts/0	192.168.1.41
	qx	48			
	luoyi	45			
					
2018-03-22__22:45:00
total_u	active	freq	cur_u	pts	ip
35	pi	79	szg	pts/0	192.168.1.41
	qx	48			
	luoyi	45			
					
2018-03-22__22:45:02
total_u	active	freq	cur_u	pts	ip
35	pi	79	szg	pts/0	192.168.1.41
	qx	48			
	luoyi	45			
					
2018-03-22__22:45:04
total_u	active	freq	cur_u	pts	ip
35	pi	79	szg	pts/0	192.168.1.41
	qx	48			
	luoyi	45			
					
2018-03-22__22:45:07
total_u	active	freq	cur_u	pts	ip
35	pi	79	szg	pts/0	192.168.1.41
	qx	48			
	luoyi	45			
					
2018-03-22__22:45:09
total_u	active	freq	cur_u	pts	ip
35	pi	79	szg	pts/0	192.168.1.41
	qx	48			
	luoyi	45			
					
2018-03-22__22:45:11
total_u	active	freq	cur_u	pts	ip
35	pi	79	szg	pts/0	192.168.1.41
	qx	48			
	luoyi	45			
					
2018-03-22__22:45:13
total_u	active	freq	cur_u	pts	ip
35	pi	79	szg	pts/0	192.168.1.41
	qx	48			
	luoyi	45			
					
2018-03-22__22:45:15
total_u	active	freq	cur_u	pts	ip
35	pi	79	szg	pts/0	192.168.1.41
	qx	48			
	luoyi	45			
					
2018-03-22__22:45:17
total_u	active	freq	cur_u	pts	ip
35	pi	79	szg	pts/0	192.168.1.41
	qx	48			
	luoyi	45			
					
2018-03-22__22:45:20
total_u	active	freq	cur_u	pts	ip
35	pi	79	szg	pts/0	192.168.1.41
	qx	48			
	luoyi	45			
					
2018-03-22__22:45:22
total_u	active	freq	cur_u	pts	ip
35	pi	79	szg	pts/0	192.168.1.41
	qx	48			
	luoyi	45			
					
2018-03-22__22:45:24
total_u	active	freq	cur_u	pts	ip
35	pi	79	szg	pts/0	192.168.1.41
	qx	48			
	luoyi	45			
					
2018-03-22__22:45:26
total_u	active	freq	cur_u	pts	ip
35	pi	79	szg	pts/0	192.168.1.41
	qx	48			
	luoyi	45			
					
2018-03-22__22:45:28
total_u	active	freq	cur_u	pts	ip
35	pi	79	szg	pts/0	192.168.1.41
	qx	48			
	luoyi	45			
					
2018-03-22__22:45:30
total_u	active	freq	cur_u	pts	ip
35	pi	79	szg	pts/0	192.168.1.41
	qx	48			
	luoyi	45			
					
2018-03-22__22:45:33
total_u	active	freq	cur_u	pts	ip
35	pi	79	szg	pts/0	192.168.1.41
	qx	48			
	luoyi	45			
					
2018-03-22__22:45:35
total_u	active	freq	cur_u	pts	ip
35	pi	79	szg	pts/0	192.168.1.41
	qx	48			
	luoyi	45			
					
2018-03-22__22:45:37
total_u	active	freq	cur_u	pts	ip
35	pi	79	szg	pts/0	192.168.1.41
	qx	48			
	luoyi	45			
					
2018-03-22__22:45:39
total_u	active	freq	cur_u	pts	ip
35	pi	79	szg	pts/0	192.168.1.41
	qx	48			
	luoyi	45			
					
2018-03-22__22:45:41
total_u	active	freq	cur_u	pts	ip
35	pi	79	szg	pts/0	192.168.1.41
	qx	48			
	luoyi	45			
					
2018-03-22__22:45:44
total_u	active	freq	cur_u	pts	ip
35	pi	79	szg	pts/0	192.168.1.41
	qx	48			
	luoyi	45			
					
2018-03-22__22:45:46
total_u	active	freq	cur_u	pts	ip
35	pi	79	szg	pts/0	192.168.1.41
	qx	48			
	luoyi	45			
					
2018-03-22__22:45:48
total_u	active	freq	cur_u	pts	ip
35	pi	79	szg	pts/0	192.168.1.41
	qx	48			
	luoyi	45			
					
2018-03-22__22:45:50
total_u	active	freq	cur_u	pts	ip
35	pi	79	szg	pts/0	192.168.1.41
	qx	48			
	luoyi	45			
					
2018-03-22__22:45:52
total_u	active	freq	cur_u	pts	ip
35	pi	79	szg	pts/0	192.168.1.41
	qx	48			
	luoyi	45			
					
2018-03-22__22:45:54
total_u	active	freq	cur_u	pts	ip
35	pi	79	szg	pts/0	192.168.1.41
	qx	48			
	luoyi	45			
					
2018-03-22__22:45:56
total_u	active	freq	cur_u	pts	ip
35	pi	79	szg	pts/0	192.168.1.41
	qx	48			
	luoyi	45			
					
2018-03-22__22:45:59
total_u	active	freq	cur_u	pts	ip
35	pi	79	szg	pts/0	192.168.1.41
	qx	48			
	luoyi	45			
					
2018-03-22__22:46:01
total_u	active	freq	cur_u	pts	ip
35	pi	79	szg	pts/0	192.168.1.41
	qx	48			
	luoyi	45			
					
2018-03-22__22:46:03
total_u	active	freq	cur_u	pts	ip
35	pi	79	szg	pts/0	192.168.1.41
	qx	48			
	luoyi	45			
					
2018-03-22__22:46:05
total_u	active	freq	cur_u	pts	ip
35	pi	79	szg	pts/0	192.168.1.41
	qx	48			
	luoyi	45			
					
2018-03-22__22:46:07
total_u	active	freq	cur_u	pts	ip
35	pi	79	szg	pts/0	192.168.1.41
	qx	48			
	luoyi	45			
					
2018-03-22__22:46:09
total_u	active	freq	cur_u	pts	ip
35	pi	79	szg	pts/0	192.168.1.41
	qx	48			
	luoyi	45			
					
2018-03-22__22:46:12
total_u	active	freq	cur_u	pts	ip
35	pi	79	szg	pts/0	192.168.1.41
	qx	48			
	luoyi	45			
					
2018-03-22__22:46:14
total_u	active	freq	cur_u	pts	ip
35	pi	79	szg	pts/0	192.168.1.41
	qx	48			
	luoyi	45			
					
2018-03-22__22:46:16
total_u	active	freq	cur_u	pts	ip
35	pi	79	szg	pts/0	192.168.1.41
	qx	48			
	luoyi	45			
					
2018-03-22__22:46:18
total_u	active	freq	cur_u	pts	ip
35	pi	79	szg	pts/0	192.168.1.41
	qx	48			
	luoyi	45			
					
2018-03-22__22:46:20
total_u	active	freq	cur_u	pts	ip
35	pi	79	szg	pts/0	192.168.1.41
	qx	48			
	luoyi	45			
					
2018-03-22__22:46:22
total_u	active	freq	cur_u	pts	ip
35	pi	79	szg	pts/0	192.168.1.41
	qx	48			
	luoyi	45			
					
2018-03-22__22:46:25
total_u	active	freq	cur_u	pts	ip
35	pi	79	szg	pts/0	192.168.1.41
	qx	48			
	luoyi	45			
					
2018-03-22__22:46:27
total_u	active	freq	cur_u	pts	ip
35	pi	79	szg	pts/0	192.168.1.41
	qx	48			
	luoyi	45			
					
2018-03-22__22:46:29
total_u	active	freq	cur_u	pts	ip
35	pi	79	szg	pts/0	192.168.1.41
	qx	48			
	luoyi	45			
					
2018-03-22__22:46:31
total_u	active	freq	cur_u	pts	ip
35	pi	79	szg	pts/0	192.168.1.41
	qx	48			
	luoyi	45			
					
2018-03-22__22:46:33
total_u	active	freq	cur_u	pts	ip
35	pi	79	szg	pts/0	192.168.1.41
	qx	48			
	luoyi	45			
					
2018-03-22__22:46:36
total_u	active	freq	cur_u	pts	ip
35	pi	79	szg	pts/0	192.168.1.41
	qx	48			
	luoyi	45			
					
2018-03-22__22:46:38
total_u	active	freq	cur_u	pts	ip
35	pi	79	szg	pts/0	192.168.1.41
	qx	48			
	luoyi	45			
					
2018-03-22__22:46:40
total_u	active	freq	cur_u	pts	ip
35	pi	79	szg	pts/0	192.168.1.41
	qx	48			
	luoyi	45			
					
2018-03-22__22:46:42
total_u	active	freq	cur_u	pts	ip
35	pi	79	szg	pts/0	192.168.1.41
	qx	48			
	luoyi	45			
					
2018-03-22__22:46:44
total_u	active	freq	cur_u	pts	ip
35	pi	79	szg	pts/0	192.168.1.41
	qx	48			
	luoyi	45			
					
