
2018-03-17__19:48:03 0.00 0.00 0.00 1.45 45.62℃  normal
2018-03-17__19:48:06 0.00 0.00 0.00 1.46 46.16℃  normal
2018-03-17__19:48:10 0.00 0.00 0.00 1.45 46.16℃  normal
2018-03-17__19:48:14 0.00 0.00 0.00 4.86 45.62℃  normal
2018-03-17__19:48:17 0.00 0.00 0.00 9.18 45.62℃  normal

2018-03-17__19:47:35 0.10 0.07 0.01 2.40 40.24℃  normal
2018-03-17__19:47:39 0.10 0.06 0.01 2.48 40.78℃  normal
2018-03-17__19:47:43 0.09 0.06 0.01 7.97 40.78℃  normal
2018-03-17__19:47:46 0.08 0.06 0.01 1.45 40.78℃  normal
2018-03-17__19:47:50 0.08 0.06 0.01 16.59 40.24℃  normal
2018-03-17__19:47:44 0.00 0.00 0.00 1.46 45.62℃  normal
2018-03-17__19:47:48 0.00 0.00 0.00 4.88 46.16℃  normal
2018-03-17__19:47:52 0.00 0.00 0.00 0.98 45.62℃  normal
2018-03-17__19:47:55 0.00 0.00 0.00 13.11 46.16℃  normal
2018-03-17__19:47:59 0.00 0.00 0.00 0.50 47.23℃  normal
2018-03-17__19:47:08 0.00 0.00 0.00 0.98 46.16℃  normal
2018-03-17__19:47:12 0.00 0.00 0.00 9.27 45.62℃  normal
2018-03-17__19:47:15 0.00 0.00 0.00 1.45 45.62℃  normal
2018-03-17__19:47:19 0.00 0.00 0.00 1.45 46.16℃  normal
2018-03-17__19:47:23 0.00 0.00 0.00 6.29 46.16℃  normal
2018-03-17__19:47:17 0.13 0.07 0.01 1.93 40.78℃  normal
2018-03-17__19:47:21 0.12 0.07 0.01 21.57 40.78℃  normal
2018-03-17__19:47:24 0.12 0.07 0.01 0.99 40.78℃  normal
2018-03-17__19:47:28 0.11 0.07 0.01 2.41 40.78℃  normal
2018-03-17__19:47:32 0.10 0.07 0.01 10.91 39.70℃  normal
2018-03-17__19:46:41 0.12 0.06 0.01 3.42 40.78℃  normal
2018-03-17__19:46:45 0.12 0.06 0.01 0.98 39.70℃  normal
2018-03-17__19:46:48 0.11 0.06 0.01 0.49 40.78℃  normal
2018-03-17__19:46:52 0.10 0.06 0.01 5.64 40.24℃  normal
2018-03-17__19:46:55 0.10 0.06 0.01 1.45 40.24℃  normal
2018-03-17__19:46:50 0.00 0.00 0.00 6.47 45.62℃  normal
2018-03-17__19:46:54 0.00 0.00 0.00 0.50 46.16℃  normal
2018-03-17__19:46:57 0.00 0.00 0.00 3.95 46.16℃  normal
2018-03-17__19:47:01 0.00 0.00 0.00 0.99 46.16℃  normal
2018-03-17__19:47:05 0.00 0.00 0.00 4.86 46.16℃  normal
2018-03-17__19:45:35 0.07 0.12 0.09 1.95 51.54℃  note
2018-03-17__19:45:38 0.07 0.12 0.09 4.42 51.54℃  note
2018-03-17__19:45:42 0.07 0.12 0.09 1.45 51.54℃  note
2018-03-17__19:45:46 0.06 0.12 0.09 0.98 51.54℃  note
2018-03-17__19:45:49 0.22 0.15 0.10 1.45 51.54℃  note
