
2018-03-17__19:48:05 1 /  29899 16712 42%
2018-03-17__19:48:05 1 /boot  42 21 51%
2018-03-17__19:48:05 1 /home/szg/项目/PiHealth  29899 8522 71%
2018-03-17__19:48:05 0 disk 59840 25255 58.00%
2018-03-17__19:48:08 1 /  29899 16712 42%
2018-03-17__19:48:08 1 /boot  42 21 51%
2018-03-17__19:48:08 1 /home/szg/项目/PiHealth  29899 8522 71%
2018-03-17__19:48:08 0 disk 59840 25255 58.00%
2018-03-17__19:48:11 1 /  29899 16712 42%
2018-03-17__19:48:11 1 /boot  42 21 51%
2018-03-17__19:48:11 1 /home/szg/项目/PiHealth  29899 8522 71%
2018-03-17__19:48:11 0 disk 59840 25255 58.00%
2018-03-17__19:48:14 1 /  29899 16712 42%
2018-03-17__19:48:14 1 /boot  42 21 51%
2018-03-17__19:48:14 1 /home/szg/项目/PiHealth  29899 8522 71%
2018-03-17__19:48:14 0 disk 59840 25255 58.00%
2018-03-17__19:48:17 1 /  29899 16712 42%
2018-03-17__19:48:17 1 /boot  42 21 51%
2018-03-17__19:48:17 1 /home/szg/项目/PiHealth  29899 8522 71%
2018-03-17__19:48:17 0 disk 59840 25255 58.00%
2018-03-17__19:48:14 1 /  29899 16372 43%
2018-03-17__19:48:14 1 /boot  42 21 51%
2018-03-17__19:48:14 1 /home/szg/项目/PiHealth  29899 8522 71%
2018-03-17__19:48:14 0 disk 59840 24915 59.00%
2018-03-17__19:48:17 1 /  29899 16372 43%
2018-03-17__19:48:17 1 /boot  42 21 51%
2018-03-17__19:48:17 1 /home/szg/项目/PiHealth  29899 8522 71%
2018-03-17__19:48:17 0 disk 59840 24915 59.00%
2018-03-17__19:48:20 1 /  29899 16372 43%
2018-03-17__19:48:20 1 /boot  42 21 51%
2018-03-17__19:48:20 1 /home/szg/项目/PiHealth  29899 8522 71%
2018-03-17__19:48:20 0 disk 59840 24915 59.00%
2018-03-17__19:48:23 1 /  29899 16372 43%
2018-03-17__19:48:23 1 /boot  42 21 51%
2018-03-17__19:48:23 1 /home/szg/项目/PiHealth  29899 8522 71%
2018-03-17__19:48:23 0 disk 59840 24915 59.00%
2018-03-17__19:48:26 1 /  29899 16372 43%
2018-03-17__19:48:26 1 /boot  42 21 51%
2018-03-17__19:48:26 1 /home/szg/项目/PiHealth  29899 8522 71%
2018-03-17__19:48:26 0 disk 59840 24915 59.00%
2018-03-17__19:47:43 1 /  29899 16372 43%
2018-03-17__19:47:43 1 /boot  42 21 51%
2018-03-17__19:47:43 1 /home/szg/项目/PiHealth  29899 8522 71%
2018-03-17__19:47:43 0 disk 59840 24915 59.00%
2018-03-17__19:47:46 1 /  29899 16372 43%
2018-03-17__19:47:46 1 /boot  42 21 51%
2018-03-17__19:47:46 1 /home/szg/项目/PiHealth  29899 8522 71%
2018-03-17__19:47:46 0 disk 59840 24915 59.00%
2018-03-17__19:47:49 1 /  29899 16372 43%
2018-03-17__19:47:49 1 /boot  42 21 51%
2018-03-17__19:47:49 1 /home/szg/项目/PiHealth  29899 8522 71%
2018-03-17__19:47:49 0 disk 59840 24915 59.00%
2018-03-17__19:47:52 1 /  29899 16372 43%
2018-03-17__19:47:52 1 /boot  42 21 51%
2018-03-17__19:47:52 1 /home/szg/项目/PiHealth  29899 8522 71%
2018-03-17__19:47:52 0 disk 59840 24915 59.00%
2018-03-17__19:47:55 1 /  29899 16372 43%
2018-03-17__19:47:55 1 /boot  42 21 51%
2018-03-17__19:47:55 1 /home/szg/项目/PiHealth  29899 8522 71%
2018-03-17__19:47:55 0 disk 59840 24915 59.00%
2018-03-17__19:47:49 1 /  29899 16712 42%
2018-03-17__19:47:49 1 /boot  42 21 51%
2018-03-17__19:47:49 1 /home/szg/项目/PiHealth  29899 8522 71%
2018-03-17__19:47:49 0 disk 59840 25255 58.00%
2018-03-17__19:47:52 1 /  29899 16712 42%
2018-03-17__19:47:52 1 /boot  42 21 51%
2018-03-17__19:47:52 1 /home/szg/项目/PiHealth  29899 8522 71%
2018-03-17__19:47:52 0 disk 59840 25255 58.00%
2018-03-17__19:47:56 1 /  29899 16712 42%
2018-03-17__19:47:56 1 /boot  42 21 51%
2018-03-17__19:47:56 1 /home/szg/项目/PiHealth  29899 8522 71%
2018-03-17__19:47:56 0 disk 59840 25255 58.00%
2018-03-17__19:47:59 1 /  29899 16712 42%
2018-03-17__19:47:59 1 /boot  42 21 51%
2018-03-17__19:47:59 1 /home/szg/项目/PiHealth  29899 8522 71%
2018-03-17__19:47:59 0 disk 59840 25255 58.00%
2018-03-17__19:48:02 1 /  29899 16712 42%
2018-03-17__19:48:02 1 /boot  42 21 51%
2018-03-17__19:48:02 1 /home/szg/项目/PiHealth  29899 8522 71%
2018-03-17__19:48:02 0 disk 59840 25255 58.00%
2018-03-17__19:47:12 1 /  29899 16372 43%
2018-03-17__19:47:12 1 /boot  42 21 51%
2018-03-17__19:47:12 1 /home/szg/项目/PiHealth  29899 8522 71%
2018-03-17__19:47:12 0 disk 59840 24915 59.00%
2018-03-17__19:47:15 1 /  29899 16372 43%
2018-03-17__19:47:15 1 /boot  42 21 51%
2018-03-17__19:47:15 1 /home/szg/项目/PiHealth  29899 8522 71%
2018-03-17__19:47:15 0 disk 59840 24915 59.00%
2018-03-17__19:47:18 1 /  29899 16372 43%
2018-03-17__19:47:18 1 /boot  42 21 51%
2018-03-17__19:47:18 1 /home/szg/项目/PiHealth  29899 8522 71%
2018-03-17__19:47:18 0 disk 59840 24915 59.00%
2018-03-17__19:47:21 1 /  29899 16372 43%
2018-03-17__19:47:21 1 /boot  42 21 51%
2018-03-17__19:47:21 1 /home/szg/项目/PiHealth  29899 8522 71%
2018-03-17__19:47:21 0 disk 59840 24915 59.00%
2018-03-17__19:47:24 1 /  29899 16372 43%
2018-03-17__19:47:24 1 /boot  42 21 51%
2018-03-17__19:47:24 1 /home/szg/项目/PiHealth  29899 8522 71%
2018-03-17__19:47:24 0 disk 59840 24915 59.00%
2018-03-17__19:47:18 1 /  29899 16712 42%
2018-03-17__19:47:18 1 /boot  42 21 51%
2018-03-17__19:47:18 1 /home/szg/项目/PiHealth  29899 8522 71%
2018-03-17__19:47:18 0 disk 59840 25255 58.00%
2018-03-17__19:47:21 1 /  29899 16712 42%
2018-03-17__19:47:21 1 /boot  42 21 51%
2018-03-17__19:47:21 1 /home/szg/项目/PiHealth  29899 8522 71%
2018-03-17__19:47:21 0 disk 59840 25255 58.00%
2018-03-17__19:47:25 1 /  29899 16712 42%
2018-03-17__19:47:25 1 /boot  42 21 51%
2018-03-17__19:47:25 1 /home/szg/项目/PiHealth  29899 8522 71%
2018-03-17__19:47:25 0 disk 59840 25255 58.00%
2018-03-17__19:47:28 1 /  29899 16712 42%
2018-03-17__19:47:28 1 /boot  42 21 51%
2018-03-17__19:47:28 1 /home/szg/项目/PiHealth  29899 8522 71%
2018-03-17__19:47:28 0 disk 59840 25255 58.00%
2018-03-17__19:47:31 1 /  29899 16712 42%
2018-03-17__19:47:31 1 /boot  42 21 51%
2018-03-17__19:47:31 1 /home/szg/项目/PiHealth  29899 8522 71%
2018-03-17__19:47:31 0 disk 59840 25255 58.00%
2018-03-17__19:47:27 1 /  29899 16372 43%
2018-03-17__19:47:27 1 /boot  42 21 51%
2018-03-17__19:47:27 1 /home/szg/项目/PiHealth  29899 8522 71%
2018-03-17__19:47:27 0 disk 59840 24915 59.00%
2018-03-17__19:47:31 1 /  29899 16372 43%
2018-03-17__19:47:31 1 /boot  42 21 51%
2018-03-17__19:47:31 1 /home/szg/项目/PiHealth  29899 8522 71%
2018-03-17__19:47:31 0 disk 59840 24915 59.00%
2018-03-17__19:47:34 1 /  29899 16372 43%
2018-03-17__19:47:34 1 /boot  42 21 51%
2018-03-17__19:47:34 1 /home/szg/项目/PiHealth  29899 8522 71%
2018-03-17__19:47:34 0 disk 59840 24915 59.00%
2018-03-17__19:47:37 1 /  29899 16372 43%
2018-03-17__19:47:37 1 /boot  42 21 51%
2018-03-17__19:47:37 1 /home/szg/项目/PiHealth  29899 8522 71%
2018-03-17__19:47:37 0 disk 59840 24915 59.00%
2018-03-17__19:47:40 1 /  29899 16372 43%
2018-03-17__19:47:40 1 /boot  42 21 51%
2018-03-17__19:47:40 1 /home/szg/项目/PiHealth  29899 8522 71%
2018-03-17__19:47:40 0 disk 59840 24915 59.00%
2018-03-17__19:46:47 1 /  29899 16712 42%
2018-03-17__19:46:47 1 /boot  42 21 51%
2018-03-17__19:46:47 1 /home/szg/项目/PiHealth  29899 8522 71%
2018-03-17__19:46:47 0 disk 59840 25255 58.00%
2018-03-17__19:46:50 1 /  29899 16712 42%
2018-03-17__19:46:50 1 /boot  42 21 51%
2018-03-17__19:46:50 1 /home/szg/项目/PiHealth  29899 8522 71%
2018-03-17__19:46:50 0 disk 59840 25255 58.00%
2018-03-17__19:46:54 1 /  29899 16712 42%
2018-03-17__19:46:54 1 /boot  42 21 51%
2018-03-17__19:46:54 1 /home/szg/项目/PiHealth  29899 8522 71%
2018-03-17__19:46:54 0 disk 59840 25255 58.00%
2018-03-17__19:46:57 1 /  29899 16712 42%
2018-03-17__19:46:57 1 /boot  42 21 51%
2018-03-17__19:46:57 1 /home/szg/项目/PiHealth  29899 8522 71%
2018-03-17__19:46:57 0 disk 59840 25255 58.00%
2018-03-17__19:47:00 1 /  29899 16712 42%
2018-03-17__19:47:00 1 /boot  42 21 51%
2018-03-17__19:47:00 1 /home/szg/项目/PiHealth  29899 8522 71%
2018-03-17__19:47:00 0 disk 59840 25255 58.00%
2018-03-17__19:46:56 1 /  29899 16372 43%
2018-03-17__19:46:56 1 /boot  42 21 51%
2018-03-17__19:46:56 1 /home/szg/项目/PiHealth  29899 8522 71%
2018-03-17__19:46:56 0 disk 59840 24915 59.00%
2018-03-17__19:47:00 1 /  29899 16372 43%
2018-03-17__19:47:00 1 /boot  42 21 51%
2018-03-17__19:47:00 1 /home/szg/项目/PiHealth  29899 8522 71%
2018-03-17__19:47:00 0 disk 59840 24915 59.00%
2018-03-17__19:47:03 1 /  29899 16372 43%
2018-03-17__19:47:03 1 /boot  42 21 51%
2018-03-17__19:47:03 1 /home/szg/项目/PiHealth  29899 8522 71%
2018-03-17__19:47:03 0 disk 59840 24915 59.00%
2018-03-17__19:47:06 1 /  29899 16372 43%
2018-03-17__19:47:06 1 /boot  42 21 51%
2018-03-17__19:47:06 1 /home/szg/项目/PiHealth  29899 8522 71%
2018-03-17__19:47:06 0 disk 59840 24915 59.00%
2018-03-17__19:47:09 1 /  29899 16372 43%
2018-03-17__19:47:09 1 /boot  42 21 51%
2018-03-17__19:47:09 1 /home/szg/项目/PiHealth  29899 8522 71%
2018-03-17__19:47:09 0 disk 59840 24915 59.00%
2018-03-17__19:45:32 1 /  29899 16996 41%
2018-03-17__19:45:32 1 /boot  42 21 51%
2018-03-17__19:45:32 1 /home/szg/项目/PiHealth  29899 8522 71%
2018-03-17__19:45:32 0 disk 59840 25539 58.00%
2018-03-17__19:45:35 1 /  29899 16996 41%
2018-03-17__19:45:35 1 /boot  42 21 51%
2018-03-17__19:45:35 1 /home/szg/项目/PiHealth  29899 8522 71%
2018-03-17__19:45:35 0 disk 59840 25539 58.00%
2018-03-17__19:45:38 1 /  29899 16996 41%
2018-03-17__19:45:38 1 /boot  42 21 51%
2018-03-17__19:45:38 1 /home/szg/项目/PiHealth  29899 8522 71%
2018-03-17__19:45:38 0 disk 59840 25539 58.00%
2018-03-17__19:45:41 1 /  29899 16996 41%
2018-03-17__19:45:41 1 /boot  42 21 51%
2018-03-17__19:45:41 1 /home/szg/项目/PiHealth  29899 8522 71%
2018-03-17__19:45:41 0 disk 59840 25539 58.00%
2018-03-17__19:45:44 1 /  29899 16996 41%
2018-03-17__19:45:44 1 /boot  42 21 51%
2018-03-17__19:45:44 1 /home/szg/项目/PiHealth  29899 8522 71%
2018-03-17__19:45:44 0 disk 59840 25539 58.00%
2018-03-17__19:46:32 1 /  29899 16712 42%
2018-03-17__19:46:32 1 /boot  42 21 51%
2018-03-17__19:46:32 1 /home/szg/项目/PiHealth  29899 8522 71%
2018-03-17__19:46:32 0 disk 59840 25255 58.00%
2018-03-17__19:46:35 1 /  29899 16712 42%
2018-03-17__19:46:35 1 /boot  42 21 51%
2018-03-17__19:46:35 1 /home/szg/项目/PiHealth  29899 8522 71%
2018-03-17__19:46:35 0 disk 59840 25255 58.00%
2018-03-17__19:46:38 1 /  29899 16712 42%
2018-03-17__19:46:38 1 /boot  42 21 51%
2018-03-17__19:46:38 1 /home/szg/项目/PiHealth  29899 8522 71%
2018-03-17__19:46:38 0 disk 59840 25255 58.00%
2018-03-17__19:46:41 1 /  29899 16712 42%
2018-03-17__19:46:41 1 /boot  42 21 51%
2018-03-17__19:46:41 1 /home/szg/项目/PiHealth  29899 8522 71%
2018-03-17__19:46:41 0 disk 59840 25255 58.00%
2018-03-17__19:46:44 1 /  29899 16712 42%
2018-03-17__19:46:44 1 /boot  42 21 51%
2018-03-17__19:46:44 1 /home/szg/项目/PiHealth  29899 8522 71%
2018-03-17__19:46:44 0 disk 59840 25255 58.00%
