
19:47:59-03-17__19:47:59  702 .16 .160
19:48:05-03-17__19:48:05  702 .16 .160
19:48:10-03-17__19:48:10  702 .16 .160
19:48:15-03-17__19:48:15  701 .16 .160
19:48:20-03-17__19:48:20  702 .16 .160
19:47:34-03-17__19:47:34  702 .16 .160
19:47:39-03-17__19:47:39  701 .16 .160
19:47:44-03-17__19:47:44  701 .16 .160
19:47:49-03-17__19:47:49  702 .16 .160
19:47:54-03-17__19:47:54  702 .16 .160
19:47:08-03-17__19:47:08  702 .16 .160
19:47:14-03-17__19:47:14  702 .16 .160
19:47:19-03-17__19:47:19  702 .16 .160
19:47:24-03-17__19:47:24  702 .16 .160
19:47:29-03-17__19:47:29  702 .16 .160
19:46:43-03-17__19:46:43  702 .16 .160
19:46:48-03-17__19:46:48  702 .16 .160
19:46:53-03-17__19:46:53  702 .16 .160
19:46:58-03-17__19:46:58  702 .16 .160
19:47:03-03-17__19:47:03  702 .16 .160
