
2018-03-22__21:57:20 0.36 0.16 0.13 9.36 52.61℃  note
2018-03-22__21:57:22 0.33 0.15 0.13 0.50 53.15℃  note
2018-03-22__21:57:25 0.33 0.15 0.13 0.50 53.69℃  note
2018-03-22__21:57:28 0.30 0.15 0.13 1.45 53.15℃  note
2018-03-22__21:57:30 0.30 0.15 0.13 29.13 52.61℃  note
2018-03-22__22:23:49 0.15 0.06 0.07 19.72 44.00℃  normal
2018-03-22__22:23:51 0.54 0.14 0.09 3.39 45.08℃  normal
2018-03-22__22:23:54 0.50 0.14 0.09 1.94 45.62℃  normal
2018-03-22__22:23:57 0.50 0.14 0.09 12.14 45.08℃  normal
2018-03-22__22:23:59 0.54 0.16 0.10 43.00 46.16℃  normal
2018-03-22__21:57:46 0.23 0.14 0.13 4.48 54.23℃  note
2018-03-22__21:57:48 0.21 0.14 0.12 1.46 53.69℃  note
2018-03-22__21:57:51 0.21 0.14 0.12 24.02 53.69℃  note
2018-03-22__21:57:54 0.36 0.17 0.14 5.86 53.69℃  note
2018-03-22__21:57:56 0.36 0.17 0.14 19.81 53.69℃  note
2018-03-22__21:57:59 0.33 0.17 0.13 0.99 53.69℃  note
2018-03-22__21:58:01 0.30 0.16 0.13 8.30 53.69℃  note
2018-03-22__21:58:04 0.30 0.16 0.13 5.32 53.69℃  note
2018-03-22__21:58:07 0.28 0.16 0.13 1.95 53.15℃  note
2018-03-22__21:58:09 0.28 0.16 0.13 22.50 52.61℃  note
2018-03-22__22:24:15 0.55 0.18 0.11 5.89 45.62℃  normal
2018-03-22__22:24:17 0.55 0.18 0.11 6.94 45.62℃  normal
2018-03-22__22:24:20 0.67 0.21 0.12 14.78 46.16℃  normal
2018-03-22__22:24:23 0.67 0.21 0.12 28.43 46.16℃  normal
2018-03-22__22:24:25 0.62 0.21 0.11 18.45 46.69℃  normal
