
2018-03-22__21:57:35 1 /  29899 8836 70%
2018-03-22__21:57:35 1 /boot  42 21 51%
2018-03-22__21:57:35 0 disk 29941 8857 71.00%
2018-03-22__21:57:37 1 /  29899 8836 70%
2018-03-22__21:57:37 1 /boot  42 21 51%
2018-03-22__21:57:37 0 disk 29941 8857 71.00%
2018-03-22__21:57:39 1 /  29899 8836 70%
2018-03-22__21:57:39 1 /boot  42 21 51%
2018-03-22__21:57:39 0 disk 29941 8857 71.00%
2018-03-22__21:57:41 1 /  29899 8836 70%
2018-03-22__21:57:41 1 /boot  42 21 51%
2018-03-22__21:57:41 0 disk 29941 8857 71.00%
2018-03-22__21:57:43 1 /  29899 8836 70%
2018-03-22__21:57:43 1 /boot  42 21 51%
2018-03-22__21:57:43 0 disk 29941 8857 71.00%
2018-03-22__21:57:45 1 /  29899 8836 70%
2018-03-22__21:57:45 1 /boot  42 21 51%
2018-03-22__21:57:45 0 disk 29941 8857 71.00%
2018-03-22__21:57:47 1 /  29899 8836 70%
2018-03-22__21:57:47 1 /boot  42 21 51%
2018-03-22__21:57:47 0 disk 29941 8857 71.00%
2018-03-22__21:57:49 1 /  29899 8836 70%
2018-03-22__21:57:49 1 /boot  42 21 51%
2018-03-22__21:57:49 0 disk 29941 8857 71.00%
2018-03-22__21:57:51 1 /  29899 8836 70%
2018-03-22__21:57:51 1 /boot  42 21 51%
2018-03-22__21:57:51 0 disk 29941 8857 71.00%
2018-03-22__21:57:53 1 /  29899 8836 70%
2018-03-22__21:57:53 1 /boot  42 21 51%
2018-03-22__21:57:53 0 disk 29941 8857 71.00%
2018-03-22__22:23:59 1 /  29899 15750 46%
2018-03-22__22:23:59 1 /boot  42 21 51%
2018-03-22__22:23:59 1 /home/szg/项目/PiHealth  29899 8836 70%
2018-03-22__22:23:59 0 disk 59840 24607 59.00%
2018-03-22__22:24:01 1 /  29899 15750 46%
2018-03-22__22:24:01 1 /boot  42 21 51%
2018-03-22__22:24:01 1 /home/szg/项目/PiHealth  29899 8836 70%
2018-03-22__22:24:01 0 disk 59840 24607 59.00%
2018-03-22__22:24:03 1 /  29899 15750 46%
2018-03-22__22:24:03 1 /boot  42 21 51%
2018-03-22__22:24:03 1 /home/szg/项目/PiHealth  29899 8836 70%
2018-03-22__22:24:03 0 disk 59840 24607 59.00%
2018-03-22__22:24:05 1 /  29899 15750 46%
2018-03-22__22:24:05 1 /boot  42 21 51%
2018-03-22__22:24:05 1 /home/szg/项目/PiHealth  29899 8836 70%
2018-03-22__22:24:05 0 disk 59840 24607 59.00%
2018-03-22__22:24:07 1 /  29899 15750 46%
2018-03-22__22:24:07 1 /boot  42 21 51%
2018-03-22__22:24:07 1 /home/szg/项目/PiHealth  29899 8836 70%
2018-03-22__22:24:07 0 disk 59840 24607 59.00%
2018-03-22__21:57:55 1 /  29899 8836 70%
2018-03-22__21:57:55 1 /boot  42 21 51%
2018-03-22__21:57:55 0 disk 29941 8857 71.00%
2018-03-22__21:57:57 1 /  29899 8836 70%
2018-03-22__21:57:57 1 /boot  42 21 51%
2018-03-22__21:57:57 0 disk 29941 8857 71.00%
2018-03-22__21:57:59 1 /  29899 8836 70%
2018-03-22__21:57:59 1 /boot  42 21 51%
2018-03-22__21:57:59 0 disk 29941 8857 71.00%
2018-03-22__21:58:02 1 /  29899 8836 70%
2018-03-22__21:58:02 1 /boot  42 21 51%
2018-03-22__21:58:02 0 disk 29941 8857 71.00%
2018-03-22__21:58:04 1 /  29899 8836 70%
2018-03-22__21:58:04 1 /boot  42 21 51%
2018-03-22__21:58:04 0 disk 29941 8857 71.00%
