
2018-03-17__19:19:14 0.13 0.15 0.09 3.85 51.54â„ƒ  note
2018-03-17__19:19:17 0.12 0.15 0.09 0.99 52.07â„ƒ  note
2018-03-17__19:19:21 0.11 0.15 0.09 0.98 51.54â„ƒ  note
2018-03-17__19:19:25 0.11 0.15 0.09 1.93 52.07â„ƒ  note
2018-03-17__19:19:28 0.18 0.16 0.09 2.43 51.54â„ƒ  note
2018-03-17__19:19:32 0.17 0.16 0.09 9.18 52.07â„ƒ  note
2018-03-17__19:19:35 0.17 0.16 0.09 1.46 51.54â„ƒ  note
2018-03-17__19:19:39 0.15 0.16 0.09 4.44 51.54â„ƒ  note
2018-03-17__19:19:43 0.14 0.15 0.09 1.94 51.54â„ƒ  note
2018-03-17__19:19:46 0.13 0.15 0.09 5.80 52.07â„ƒ  note
2018-03-17__19:19:50 0.13 0.15 0.09 1.47 52.07â„ƒ  note
2018-03-17__19:19:54 0.12 0.15 0.09 7.89 51.54â„ƒ  note
2018-03-17__19:19:57 0.11 0.14 0.09 0.50 52.07â„ƒ  note
2018-03-17__19:20:01 0.10 0.14 0.09 1.97 52.61â„ƒ  note
2018-03-17__19:20:04 0.10 0.14 0.09 4.91 52.07â„ƒ  note
2018-03-17__19:20:08 0.09 0.14 0.09 0.99 51.54â„ƒ  note
2018-03-17__19:20:12 0.08 0.14 0.09 4.84 52.07â„ƒ  note
2018-03-17__19:20:15 0.08 0.14 0.09 10.20 51.54â„ƒ  note
2018-03-17__19:20:19 0.08 0.13 0.09 1.46 52.07â„ƒ  note
2018-03-17__19:20:23 0.07 0.13 0.09 0.50 52.61â„ƒ  note
2018-03-17__19:20:26 0.06 0.13 0.09 1.96 52.07â„ƒ  note
2018-03-17__19:20:30 0.06 0.13 0.09 5.34 52.07â„ƒ  note
2018-03-17__19:20:33 0.06 0.13 0.08 1.45 51.54â„ƒ  note
2018-03-17__19:20:37 0.05 0.12 0.08 14.91 52.07â„ƒ  note
2018-03-17__19:20:41 0.05 0.12 0.08 1.95 52.07â„ƒ  note
2018-03-17__19:20:44 0.05 0.12 0.08 0.98 52.07â„ƒ  note
2018-03-17__19:20:48 0.05 0.12 0.08 1.00 52.61â„ƒ  note
2018-03-17__19:20:52 0.04 0.12 0.08 1.95 52.07â„ƒ  note
2018-03-17__19:20:55 0.04 0.12 0.08 1.45 52.07â„ƒ  note
2018-03-17__19:20:59 0.20 0.15 0.09 11.54 52.07â„ƒ  note
2018-03-17__19:21:02 0.18 0.15 0.09 1.99 52.07â„ƒ  note
2018-03-17__19:21:06 0.17 0.14 0.09 1.47 52.61â„ƒ  note
2018-03-17__19:21:10 0.17 0.14 0.09 1.94 51.54â„ƒ  note
2018-03-17__19:21:13 0.15 0.14 0.09 0.50 52.07â„ƒ  note
2018-03-17__19:21:17 0.22 0.16 0.10 0.50 52.07â„ƒ  note
2018-03-17__19:21:21 0.22 0.16 0.10 11.54 52.07â„ƒ  note
2018-03-17__19:21:24 0.28 0.17 0.10 1.45 51.54â„ƒ  note
2018-03-17__19:21:28 0.26 0.17 0.10 1.47 51.54â„ƒ  note
2018-03-17__19:21:31 0.24 0.16 0.10 6.23 52.61â„ƒ  note
2018-03-17__19:21:35 0.24 0.16 0.10 0.98 52.07â„ƒ  note
2018-03-17__19:21:39 0.22 0.16 0.10 0.98 51.54â„ƒ  note
2018-03-17__19:21:42 0.20 0.16 0.10 12.02 51.54â„ƒ  note
2018-03-17__19:21:46 0.20 0.16 0.10 0.99 52.61â„ƒ  note
2018-03-17__19:21:50 0.19 0.16 0.10 0.50 52.61â„ƒ  note
2018-03-17__19:21:53 0.17 0.15 0.10 0.98 52.07â„ƒ  note
2018-03-17__19:21:57 0.16 0.15 0.09 5.75 51.54â„ƒ  note
2018-03-17__19:22:00 0.16 0.15 0.09 0.99 52.07â„ƒ  note
2018-03-17__19:22:04 0.14 0.15 0.09 3.47 52.07â„ƒ  note
2018-03-17__19:22:08 0.13 0.14 0.09 12.07 51.54â„ƒ  note
2018-03-17__19:22:11 0.20 0.16 0.10 0.50 52.07â„ƒ  note
2018-03-17__19:22:15 0.20 0.16 0.10 1.45 52.07â„ƒ  note
2018-03-17__19:22:19 0.19 0.16 0.10 1.94 51.54â„ƒ  note
2018-03-17__19:22:22 0.17 0.15 0.10 5.42 52.07â„ƒ  note
2018-03-17__19:22:26 0.17 0.15 0.10 1.45 52.61â„ƒ  note
2018-03-17__19:22:29 0.16 0.15 0.09 15.46 51.54â„ƒ  note
2018-03-17__19:22:33 0.14 0.15 0.09 0.50 52.07â„ƒ  note
2018-03-17__19:22:37 0.13 0.14 0.09 1.46 52.61â„ƒ  note
2018-03-17__19:22:40 0.13 0.14 0.09 0.98 51.54â„ƒ  note
2018-03-17__19:22:44 0.12 0.14 0.09 1.46 51.54â„ƒ  note
2018-03-17__19:22:48 0.11 0.14 0.09 1.48 51.54â„ƒ  note
2018-03-17__19:22:51 0.10 0.14 0.09 12.26 52.07â„ƒ  note
2018-03-17__19:22:55 0.10 0.14 0.09 3.44 52.07â„ƒ  note
2018-03-17__19:22:58 0.09 0.13 0.09 0.99 52.61â„ƒ  note
2018-03-17__19:23:02 0.09 0.13 0.09 1.45 52.07â„ƒ  note
2018-03-17__19:23:06 0.09 0.13 0.09 1.47 52.07â„ƒ  note
2018-03-17__19:23:09 0.08 0.13 0.09 1.45 52.07â„ƒ  note
2018-03-17__19:23:13 0.07 0.13 0.09 11.12 51.54â„ƒ  note
2018-03-17__19:23:17 0.07 0.12 0.09 1.45 52.07â„ƒ  note
2018-03-17__19:23:20 0.07 0.12 0.09 1.45 51.54â„ƒ  note
2018-03-17__19:23:24 0.06 0.12 0.09 4.88 51.54â„ƒ  note
2018-03-17__19:23:27 0.06 0.12 0.09 0.98 51.54â„ƒ  note
2018-03-17__19:23:31 0.06 0.12 0.09 1.46 51.54â„ƒ  note
2018-03-17__19:23:35 0.05 0.12 0.09 9.86 51.54â„ƒ  note
2018-03-17__19:23:38 0.13 0.13 0.09 1.45 51.54â„ƒ  note
2018-03-17__19:23:42 0.28 0.16 0.10 0.98 52.07â„ƒ  note
2018-03-17__19:23:46 0.28 0.16 0.10 0.49 52.07â„ƒ  note
2018-03-17__19:23:49 0.34 0.18 0.11 6.70 52.61â„ƒ  note
2018-03-17__19:23:53 0.31 0.17 0.11 1.94 52.07â„ƒ  note
2018-03-17__19:23:56 0.28 0.17 0.10 17.65 52.07â„ƒ  note
2018-03-17__19:24:00 0.28 0.17 0.10 0.50 52.61â„ƒ  note
2018-03-17__19:24:04 0.26 0.17 0.10 0.50 53.15â„ƒ  note
2018-03-17__19:24:07 0.24 0.17 0.10 1.48 52.07â„ƒ  note
2018-03-17__19:24:11 0.24 0.17 0.10 0.50 51.54â„ƒ  note
2018-03-17__19:24:15 0.22 0.16 0.10 4.86 51.54â„ƒ  note
2018-03-17__19:24:18 0.20 0.16 0.10 12.57 51.54â„ƒ  note
2018-03-17__19:24:22 0.19 0.16 0.10 5.80 51.54â„ƒ  note
2018-03-17__19:24:25 0.19 0.16 0.10 1.46 51.54â„ƒ  note
2018-03-17__19:24:29 0.17 0.15 0.10 1.46 52.07â„ƒ  note
2018-03-17__19:24:33 0.16 0.15 0.10 1.95 52.07â„ƒ  note
2018-03-17__19:24:36 0.16 0.15 0.10 1.47 52.07â„ƒ  note
2018-03-17__19:24:40 0.14 0.15 0.10 18.14 51.54â„ƒ  note
2018-03-17__19:24:44 0.13 0.14 0.10 1.49 51.54â„ƒ  note
2018-03-17__19:24:47 0.12 0.14 0.09 7.18 52.61â„ƒ  note
2018-03-17__19:24:51 0.12 0.14 0.09 8.26 52.61â„ƒ  note
2018-03-17__19:24:54 0.11 0.14 0.09 1.00 52.61â„ƒ  note
2018-03-17__19:24:58 0.10 0.14 0.09 1.46 52.61â„ƒ  note
2018-03-17__19:25:02 0.09 0.14 0.09 3.39 51.54â„ƒ  note
2018-03-17__19:25:05 0.09 0.14 0.09 4.37 52.61â„ƒ  note
2018-03-17__19:25:09 0.09 0.13 0.09 1.45 52.07â„ƒ  note
2018-03-17__19:25:13 0.08 0.13 0.09 5.32 52.07â„ƒ  note
2018-03-17__19:25:16 0.08 0.13 0.09 0.98 52.07â„ƒ  note
2018-03-17__19:25:20 0.07 0.13 0.09 3.40 52.07â„ƒ  note
2018-03-17__19:25:24 0.07 0.13 0.09 4.33 52.61â„ƒ  note
2018-03-17__19:25:27 0.06 0.12 0.09 13.34 52.07â„ƒ  note
2018-03-17__19:25:31 0.06 0.12 0.09 0.50 52.61â„ƒ  note
2018-03-17__19:25:34 0.22 0.15 0.10 0.98 52.61â„ƒ  note
2018-03-17__19:25:38 0.20 0.15 0.10 2.93 52.07â„ƒ  note
2018-03-17__19:25:42 0.18 0.15 0.10 0.98 52.07â„ƒ  note
2018-03-17__19:25:45 0.18 0.15 0.10 5.24 51.54â„ƒ  note
2018-03-17__19:25:49 0.17 0.15 0.10 11.28 52.61â„ƒ  note
2018-03-17__19:25:53 0.15 0.14 0.10 1.48 52.61â„ƒ  note
2018-03-17__19:25:56 0.15 0.14 0.10 0.98 52.61â„ƒ  note
2018-03-17__19:26:00 0.14 0.14 0.09 0.50 53.15â„ƒ  note
2018-03-17__19:26:04 0.13 0.14 0.09 1.47 52.61â„ƒ  note
2018-03-17__19:26:07 0.12 0.14 0.09 4.37 51.54â„ƒ  note
2018-03-17__19:22:52 0.15 0.11 0.05 1.97 44.00â„ƒ  normal
2018-03-17__19:22:56 0.15 0.11 0.05 10.95 44.00â„ƒ  normal
2018-03-17__19:22:59 0.22 0.13 0.05 1.94 45.08â„ƒ  normal
2018-03-17__19:23:03 0.20 0.13 0.05 1.93 44.00â„ƒ  normal
2018-03-17__19:23:07 0.19 0.12 0.05 5.80 42.93â„ƒ  normal
2018-03-17__19:23:10 0.19 0.12 0.05 5.37 44.00â„ƒ  normal
2018-03-17__19:23:14 0.17 0.12 0.05 3.35 44.00â„ƒ  normal
2018-03-17__19:23:18 0.24 0.14 0.05 6.29 44.00â„ƒ  normal
2018-03-17__19:23:21 0.24 0.14 0.05 1.93 44.00â„ƒ  normal
2018-03-17__19:23:25 0.38 0.17 0.07 5.34 44.00â„ƒ  normal
2018-03-17__19:23:28 0.35 0.17 0.06 0.98 43.47â„ƒ  normal
2018-03-17__19:23:32 0.32 0.16 0.06 10.15 44.00â„ƒ  normal
2018-03-17__19:23:36 0.32 0.16 0.06 2.93 44.00â„ƒ  normal
2018-03-17__19:23:39 0.29 0.16 0.06 2.40 43.47â„ƒ  normal
2018-03-17__19:23:43 0.27 0.16 0.06 8.10 44.00â„ƒ  normal
2018-03-17__19:23:47 0.25 0.15 0.06 5.75 44.00â„ƒ  normal
2018-03-17__19:23:50 0.25 0.15 0.06 7.73 43.47â„ƒ  normal
2018-03-17__19:23:54 0.23 0.15 0.06 9.81 44.54â„ƒ  normal
2018-03-17__19:23:57 0.21 0.15 0.06 2.41 44.00â„ƒ  normal
2018-03-17__19:24:01 0.21 0.15 0.06 2.41 43.47â„ƒ  normal
2018-03-17__19:24:05 0.19 0.14 0.06 15.79 44.00â„ƒ  normal
2018-03-17__19:24:08 0.18 0.14 0.06 7.62 44.00â„ƒ  normal
2018-03-17__19:24:12 0.16 0.14 0.06 1.93 43.47â„ƒ  normal
2018-03-17__19:24:16 0.16 0.14 0.06 19.62 44.00â„ƒ  normal
2018-03-17__19:24:19 0.15 0.14 0.06 1.47 44.00â„ƒ  normal
2018-03-17__19:24:23 0.14 0.14 0.06 0.98 44.00â„ƒ  normal
2018-03-17__19:24:26 0.13 0.13 0.06 1.45 44.00â„ƒ  normal
2018-03-17__19:24:30 0.13 0.13 0.06 2.41 43.47â„ƒ  normal
2018-03-17__19:24:34 0.12 0.13 0.06 1.46 43.47â„ƒ  normal
2018-03-17__19:24:37 0.19 0.14 0.06 8.62 44.00â„ƒ  normal
2018-03-17__19:24:41 0.19 0.14 0.06 8.10 44.00â„ƒ  normal
2018-03-17__19:24:45 0.17 0.14 0.06 10.53 43.47â„ƒ  normal
2018-03-17__19:24:48 0.16 0.14 0.06 1.95 44.00â„ƒ  normal
2018-03-17__19:24:52 0.14 0.14 0.06 1.94 44.54â„ƒ  normal
2018-03-17__19:24:56 0.14 0.14 0.06 3.39 43.47â„ƒ  normal
2018-03-17__19:24:59 0.13 0.14 0.06 6.83 43.47â„ƒ  normal
2018-03-17__19:25:03 0.12 0.13 0.06 1.96 44.00â„ƒ  normal
2018-03-17__19:25:06 0.12 0.13 0.06 5.27 44.54â„ƒ  normal
2018-03-17__19:25:10 0.11 0.13 0.06 2.40 44.00â„ƒ  normal
2018-03-17__19:25:14 0.10 0.13 0.06 16.35 44.00â„ƒ  normal
2018-03-17__19:25:17 0.09 0.13 0.06 1.93 44.00â„ƒ  normal
2018-03-17__19:25:21 0.09 0.13 0.06 2.90 44.00â„ƒ  normal
2018-03-17__19:25:25 0.09 0.12 0.06 15.79 44.54â„ƒ  normal
2018-03-17__19:25:28 0.08 0.12 0.06 0.98 44.00â„ƒ  normal
2018-03-17__19:25:32 0.07 0.12 0.06 1.93 45.08â„ƒ  normal
2018-03-17__19:25:35 0.07 0.12 0.06 4.86 44.00â„ƒ  normal
2018-03-17__19:25:39 0.07 0.12 0.06 15.28 45.08â„ƒ  normal
2018-03-17__19:25:43 0.06 0.11 0.06 0.99 46.16â„ƒ  normal
2018-03-17__19:25:46 0.06 0.11 0.06 9.27 44.54â„ƒ  normal
2018-03-17__19:25:50 0.06 0.11 0.06 1.93 44.00â„ƒ  normal
2018-03-17__19:25:54 0.05 0.11 0.06 14.71 45.08â„ƒ  normal
2018-03-17__19:25:57 0.05 0.11 0.06 1.46 44.54â„ƒ  normal
2018-03-17__19:26:01 0.05 0.11 0.06 4.44 44.00â„ƒ  normal
2018-03-17__19:26:04 0.04 0.11 0.06 3.91 44.00â„ƒ  normal
2018-03-17__19:26:08 0.04 0.10 0.06 16.12 44.00â„ƒ  normal
2018-03-17__19:19:14 0.13 0.15 0.09 3.85 51.54â„ƒ  note
2018-03-17__19:19:17 0.12 0.15 0.09 0.99 52.07â„ƒ  note
2018-03-17__19:19:21 0.11 0.15 0.09 0.98 51.54â„ƒ  note
2018-03-17__19:19:25 0.11 0.15 0.09 1.93 52.07â„ƒ  note
2018-03-17__19:19:28 0.18 0.16 0.09 2.43 51.54â„ƒ  note
2018-03-17__19:19:32 0.17 0.16 0.09 9.18 52.07â„ƒ  note
2018-03-17__19:19:35 0.17 0.16 0.09 1.46 51.54â„ƒ  note
2018-03-17__19:19:39 0.15 0.16 0.09 4.44 51.54â„ƒ  note
2018-03-17__19:19:43 0.14 0.15 0.09 1.94 51.54â„ƒ  note
2018-03-17__19:19:46 0.13 0.15 0.09 5.80 52.07â„ƒ  note
2018-03-17__19:19:50 0.13 0.15 0.09 1.47 52.07â„ƒ  note
2018-03-17__19:19:54 0.12 0.15 0.09 7.89 51.54â„ƒ  note
2018-03-17__19:19:57 0.11 0.14 0.09 0.50 52.07â„ƒ  note
2018-03-17__19:20:01 0.10 0.14 0.09 1.97 52.61â„ƒ  note
2018-03-17__19:20:04 0.10 0.14 0.09 4.91 52.07â„ƒ  note
2018-03-17__19:20:08 0.09 0.14 0.09 0.99 51.54â„ƒ  note
2018-03-17__19:20:12 0.08 0.14 0.09 4.84 52.07â„ƒ  note
2018-03-17__19:20:15 0.08 0.14 0.09 10.20 51.54â„ƒ  note
2018-03-17__19:20:19 0.08 0.13 0.09 1.46 52.07â„ƒ  note
2018-03-17__19:20:23 0.07 0.13 0.09 0.50 52.61â„ƒ  note
2018-03-17__19:20:26 0.06 0.13 0.09 1.96 52.07â„ƒ  note
2018-03-17__19:20:30 0.06 0.13 0.09 5.34 52.07â„ƒ  note
2018-03-17__19:20:33 0.06 0.13 0.08 1.45 51.54â„ƒ  note
2018-03-17__19:20:37 0.05 0.12 0.08 14.91 52.07â„ƒ  note
2018-03-17__19:20:41 0.05 0.12 0.08 1.95 52.07â„ƒ  note
2018-03-17__19:20:44 0.05 0.12 0.08 0.98 52.07â„ƒ  note
2018-03-17__19:20:48 0.05 0.12 0.08 1.00 52.61â„ƒ  note
2018-03-17__19:20:52 0.04 0.12 0.08 1.95 52.07â„ƒ  note
2018-03-17__19:20:55 0.04 0.12 0.08 1.45 52.07â„ƒ  note
2018-03-17__19:20:59 0.20 0.15 0.09 11.54 52.07â„ƒ  note
2018-03-17__19:21:02 0.18 0.15 0.09 1.99 52.07â„ƒ  note
2018-03-17__19:21:06 0.17 0.14 0.09 1.47 52.61â„ƒ  note
2018-03-17__19:21:10 0.17 0.14 0.09 1.94 51.54â„ƒ  note
2018-03-17__19:21:13 0.15 0.14 0.09 0.50 52.07â„ƒ  note
2018-03-17__19:21:17 0.22 0.16 0.10 0.50 52.07â„ƒ  note
2018-03-17__19:21:21 0.22 0.16 0.10 11.54 52.07â„ƒ  note
2018-03-17__19:21:24 0.28 0.17 0.10 1.45 51.54â„ƒ  note
2018-03-17__19:21:28 0.26 0.17 0.10 1.47 51.54â„ƒ  note
2018-03-17__19:21:31 0.24 0.16 0.10 6.23 52.61â„ƒ  note
2018-03-17__19:21:35 0.24 0.16 0.10 0.98 52.07â„ƒ  note
2018-03-17__19:21:39 0.22 0.16 0.10 0.98 51.54â„ƒ  note
2018-03-17__19:21:42 0.20 0.16 0.10 12.02 51.54â„ƒ  note
2018-03-17__19:21:46 0.20 0.16 0.10 0.99 52.61â„ƒ  note
2018-03-17__19:21:50 0.19 0.16 0.10 0.50 52.61â„ƒ  note
2018-03-17__19:21:53 0.17 0.15 0.10 0.98 52.07â„ƒ  note
2018-03-17__19:21:57 0.16 0.15 0.09 5.75 51.54â„ƒ  note
2018-03-17__19:22:00 0.16 0.15 0.09 0.99 52.07â„ƒ  note
2018-03-17__19:22:04 0.14 0.15 0.09 3.47 52.07â„ƒ  note
2018-03-17__19:22:08 0.13 0.14 0.09 12.07 51.54â„ƒ  note
2018-03-17__19:22:11 0.20 0.16 0.10 0.50 52.07â„ƒ  note
2018-03-17__19:22:15 0.20 0.16 0.10 1.45 52.07â„ƒ  note
2018-03-17__19:22:19 0.19 0.16 0.10 1.94 51.54â„ƒ  note
2018-03-17__19:22:22 0.17 0.15 0.10 5.42 52.07â„ƒ  note
2018-03-17__19:22:26 0.17 0.15 0.10 1.45 52.61â„ƒ  note
2018-03-17__19:22:29 0.16 0.15 0.09 15.46 51.54â„ƒ  note
2018-03-17__19:22:33 0.14 0.15 0.09 0.50 52.07â„ƒ  note
2018-03-17__19:22:37 0.13 0.14 0.09 1.46 52.61â„ƒ  note
2018-03-17__19:22:40 0.13 0.14 0.09 0.98 51.54â„ƒ  note
2018-03-17__19:22:44 0.12 0.14 0.09 1.46 51.54â„ƒ  note
2018-03-17__19:22:48 0.11 0.14 0.09 1.48 51.54â„ƒ  note
2018-03-17__19:22:51 0.10 0.14 0.09 12.26 52.07â„ƒ  note
2018-03-17__19:22:55 0.10 0.14 0.09 3.44 52.07â„ƒ  note
2018-03-17__19:22:58 0.09 0.13 0.09 0.99 52.61â„ƒ  note
2018-03-17__19:23:02 0.09 0.13 0.09 1.45 52.07â„ƒ  note
2018-03-17__19:23:06 0.09 0.13 0.09 1.47 52.07â„ƒ  note
2018-03-17__19:23:09 0.08 0.13 0.09 1.45 52.07â„ƒ  note
2018-03-17__19:23:13 0.07 0.13 0.09 11.12 51.54â„ƒ  note
2018-03-17__19:23:17 0.07 0.12 0.09 1.45 52.07â„ƒ  note
2018-03-17__19:23:20 0.07 0.12 0.09 1.45 51.54â„ƒ  note
2018-03-17__19:23:24 0.06 0.12 0.09 4.88 51.54â„ƒ  note
2018-03-17__19:23:27 0.06 0.12 0.09 0.98 51.54â„ƒ  note
2018-03-17__19:23:31 0.06 0.12 0.09 1.46 51.54â„ƒ  note
2018-03-17__19:23:35 0.05 0.12 0.09 9.86 51.54â„ƒ  note
2018-03-17__19:23:38 0.13 0.13 0.09 1.45 51.54â„ƒ  note
2018-03-17__19:23:42 0.28 0.16 0.10 0.98 52.07â„ƒ  note
2018-03-17__19:23:46 0.28 0.16 0.10 0.49 52.07â„ƒ  note
2018-03-17__19:23:49 0.34 0.18 0.11 6.70 52.61â„ƒ  note
2018-03-17__19:23:53 0.31 0.17 0.11 1.94 52.07â„ƒ  note
2018-03-17__19:23:56 0.28 0.17 0.10 17.65 52.07â„ƒ  note
2018-03-17__19:24:00 0.28 0.17 0.10 0.50 52.61â„ƒ  note
2018-03-17__19:24:04 0.26 0.17 0.10 0.50 53.15â„ƒ  note
2018-03-17__19:24:07 0.24 0.17 0.10 1.48 52.07â„ƒ  note
2018-03-17__19:24:11 0.24 0.17 0.10 0.50 51.54â„ƒ  note
2018-03-17__19:24:15 0.22 0.16 0.10 4.86 51.54â„ƒ  note
2018-03-17__19:24:18 0.20 0.16 0.10 12.57 51.54â„ƒ  note
2018-03-17__19:24:22 0.19 0.16 0.10 5.80 51.54â„ƒ  note
2018-03-17__19:24:25 0.19 0.16 0.10 1.46 51.54â„ƒ  note
2018-03-17__19:24:29 0.17 0.15 0.10 1.46 52.07â„ƒ  note
2018-03-17__19:24:33 0.16 0.15 0.10 1.95 52.07â„ƒ  note
2018-03-17__19:24:36 0.16 0.15 0.10 1.47 52.07â„ƒ  note
2018-03-17__19:24:40 0.14 0.15 0.10 18.14 51.54â„ƒ  note
2018-03-17__19:24:44 0.13 0.14 0.10 1.49 51.54â„ƒ  note
2018-03-17__19:24:47 0.12 0.14 0.09 7.18 52.61â„ƒ  note
2018-03-17__19:24:51 0.12 0.14 0.09 8.26 52.61â„ƒ  note
2018-03-17__19:24:54 0.11 0.14 0.09 1.00 52.61â„ƒ  note
2018-03-17__19:24:58 0.10 0.14 0.09 1.46 52.61â„ƒ  note
2018-03-17__19:25:02 0.09 0.14 0.09 3.39 51.54â„ƒ  note
2018-03-17__19:25:05 0.09 0.14 0.09 4.37 52.61â„ƒ  note
2018-03-17__19:25:09 0.09 0.13 0.09 1.45 52.07â„ƒ  note
2018-03-17__19:25:13 0.08 0.13 0.09 5.32 52.07â„ƒ  note
2018-03-17__19:25:16 0.08 0.13 0.09 0.98 52.07â„ƒ  note
2018-03-17__19:25:20 0.07 0.13 0.09 3.40 52.07â„ƒ  note
2018-03-17__19:25:24 0.07 0.13 0.09 4.33 52.61â„ƒ  note
2018-03-17__19:25:27 0.06 0.12 0.09 13.34 52.07â„ƒ  note
2018-03-17__19:25:31 0.06 0.12 0.09 0.50 52.61â„ƒ  note
2018-03-17__19:25:34 0.22 0.15 0.10 0.98 52.61â„ƒ  note
2018-03-17__19:25:38 0.20 0.15 0.10 2.93 52.07â„ƒ  note
2018-03-17__19:25:42 0.18 0.15 0.10 0.98 52.07â„ƒ  note
2018-03-17__19:25:45 0.18 0.15 0.10 5.24 51.54â„ƒ  note
2018-03-17__19:25:49 0.17 0.15 0.10 11.28 52.61â„ƒ  note
2018-03-17__19:25:53 0.15 0.14 0.10 1.48 52.61â„ƒ  note
2018-03-17__19:25:56 0.15 0.14 0.10 0.98 52.61â„ƒ  note
2018-03-17__19:26:00 0.14 0.14 0.09 0.50 53.15â„ƒ  note
2018-03-17__19:26:04 0.13 0.14 0.09 1.47 52.61â„ƒ  note
2018-03-17__19:26:07 0.12 0.14 0.09 4.37 51.54â„ƒ  note
2018-03-17__19:26:11 0.12 0.14 0.09 16.51 52.61â„ƒ  note
2018-03-17__19:26:14 0.11 0.13 0.09 5.42 52.61â„ƒ  note
2018-03-17__19:26:18 0.10 0.13 0.09 0.50 53.15â„ƒ  note
2018-03-17__19:26:22 0.10 0.13 0.09 1.46 52.61â„ƒ  note
2018-03-17__19:26:25 0.09 0.13 0.09 1.47 52.61â„ƒ  note
2018-03-17__19:19:14 0.13 0.15 0.09 3.85 51.54â„ƒ  note
2018-03-17__19:19:17 0.12 0.15 0.09 0.99 52.07â„ƒ  note
2018-03-17__19:19:21 0.11 0.15 0.09 0.98 51.54â„ƒ  note
2018-03-17__19:19:25 0.11 0.15 0.09 1.93 52.07â„ƒ  note
2018-03-17__19:19:28 0.18 0.16 0.09 2.43 51.54â„ƒ  note
2018-03-17__19:19:32 0.17 0.16 0.09 9.18 52.07â„ƒ  note
2018-03-17__19:19:35 0.17 0.16 0.09 1.46 51.54â„ƒ  note
2018-03-17__19:19:39 0.15 0.16 0.09 4.44 51.54â„ƒ  note
2018-03-17__19:19:43 0.14 0.15 0.09 1.94 51.54â„ƒ  note
2018-03-17__19:19:46 0.13 0.15 0.09 5.80 52.07â„ƒ  note
2018-03-17__19:19:50 0.13 0.15 0.09 1.47 52.07â„ƒ  note
2018-03-17__19:19:54 0.12 0.15 0.09 7.89 51.54â„ƒ  note
2018-03-17__19:19:57 0.11 0.14 0.09 0.50 52.07â„ƒ  note
2018-03-17__19:20:01 0.10 0.14 0.09 1.97 52.61â„ƒ  note
2018-03-17__19:20:04 0.10 0.14 0.09 4.91 52.07â„ƒ  note
2018-03-17__19:20:08 0.09 0.14 0.09 0.99 51.54â„ƒ  note
2018-03-17__19:20:12 0.08 0.14 0.09 4.84 52.07â„ƒ  note
2018-03-17__19:20:15 0.08 0.14 0.09 10.20 51.54â„ƒ  note
2018-03-17__19:20:19 0.08 0.13 0.09 1.46 52.07â„ƒ  note
2018-03-17__19:20:23 0.07 0.13 0.09 0.50 52.61â„ƒ  note
2018-03-17__19:20:26 0.06 0.13 0.09 1.96 52.07â„ƒ  note
2018-03-17__19:20:30 0.06 0.13 0.09 5.34 52.07â„ƒ  note
2018-03-17__19:20:33 0.06 0.13 0.08 1.45 51.54â„ƒ  note
2018-03-17__19:20:37 0.05 0.12 0.08 14.91 52.07â„ƒ  note
2018-03-17__19:20:41 0.05 0.12 0.08 1.95 52.07â„ƒ  note
2018-03-17__19:20:44 0.05 0.12 0.08 0.98 52.07â„ƒ  note
2018-03-17__19:20:48 0.05 0.12 0.08 1.00 52.61â„ƒ  note
2018-03-17__19:20:52 0.04 0.12 0.08 1.95 52.07â„ƒ  note
2018-03-17__19:20:55 0.04 0.12 0.08 1.45 52.07â„ƒ  note
2018-03-17__19:20:59 0.20 0.15 0.09 11.54 52.07â„ƒ  note
2018-03-17__19:21:02 0.18 0.15 0.09 1.99 52.07â„ƒ  note
2018-03-17__19:21:06 0.17 0.14 0.09 1.47 52.61â„ƒ  note
2018-03-17__19:21:10 0.17 0.14 0.09 1.94 51.54â„ƒ  note
2018-03-17__19:21:13 0.15 0.14 0.09 0.50 52.07â„ƒ  note
2018-03-17__19:21:17 0.22 0.16 0.10 0.50 52.07â„ƒ  note
2018-03-17__19:21:21 0.22 0.16 0.10 11.54 52.07â„ƒ  note
2018-03-17__19:21:24 0.28 0.17 0.10 1.45 51.54â„ƒ  note
2018-03-17__19:21:28 0.26 0.17 0.10 1.47 51.54â„ƒ  note
2018-03-17__19:21:31 0.24 0.16 0.10 6.23 52.61â„ƒ  note
2018-03-17__19:21:35 0.24 0.16 0.10 0.98 52.07â„ƒ  note
2018-03-17__19:21:39 0.22 0.16 0.10 0.98 51.54â„ƒ  note
2018-03-17__19:21:42 0.20 0.16 0.10 12.02 51.54â„ƒ  note
2018-03-17__19:21:46 0.20 0.16 0.10 0.99 52.61â„ƒ  note
2018-03-17__19:21:50 0.19 0.16 0.10 0.50 52.61â„ƒ  note
2018-03-17__19:21:53 0.17 0.15 0.10 0.98 52.07â„ƒ  note
2018-03-17__19:21:57 0.16 0.15 0.09 5.75 51.54â„ƒ  note
2018-03-17__19:22:00 0.16 0.15 0.09 0.99 52.07â„ƒ  note
2018-03-17__19:22:04 0.14 0.15 0.09 3.47 52.07â„ƒ  note
2018-03-17__19:22:08 0.13 0.14 0.09 12.07 51.54â„ƒ  note
2018-03-17__19:22:11 0.20 0.16 0.10 0.50 52.07â„ƒ  note
2018-03-17__19:22:15 0.20 0.16 0.10 1.45 52.07â„ƒ  note
2018-03-17__19:22:19 0.19 0.16 0.10 1.94 51.54â„ƒ  note
2018-03-17__19:22:22 0.17 0.15 0.10 5.42 52.07â„ƒ  note
2018-03-17__19:22:26 0.17 0.15 0.10 1.45 52.61â„ƒ  note
2018-03-17__19:22:29 0.16 0.15 0.09 15.46 51.54â„ƒ  note
2018-03-17__19:22:33 0.14 0.15 0.09 0.50 52.07â„ƒ  note
2018-03-17__19:22:37 0.13 0.14 0.09 1.46 52.61â„ƒ  note
2018-03-17__19:22:40 0.13 0.14 0.09 0.98 51.54â„ƒ  note
2018-03-17__19:22:44 0.12 0.14 0.09 1.46 51.54â„ƒ  note
2018-03-17__19:22:48 0.11 0.14 0.09 1.48 51.54â„ƒ  note
2018-03-17__19:22:51 0.10 0.14 0.09 12.26 52.07â„ƒ  note
2018-03-17__19:22:55 0.10 0.14 0.09 3.44 52.07â„ƒ  note
2018-03-17__19:22:58 0.09 0.13 0.09 0.99 52.61â„ƒ  note
2018-03-17__19:23:02 0.09 0.13 0.09 1.45 52.07â„ƒ  note
2018-03-17__19:23:06 0.09 0.13 0.09 1.47 52.07â„ƒ  note
2018-03-17__19:23:09 0.08 0.13 0.09 1.45 52.07â„ƒ  note
2018-03-17__19:23:13 0.07 0.13 0.09 11.12 51.54â„ƒ  note
2018-03-17__19:23:17 0.07 0.12 0.09 1.45 52.07â„ƒ  note
2018-03-17__19:23:20 0.07 0.12 0.09 1.45 51.54â„ƒ  note
2018-03-17__19:23:24 0.06 0.12 0.09 4.88 51.54â„ƒ  note
2018-03-17__19:23:27 0.06 0.12 0.09 0.98 51.54â„ƒ  note
2018-03-17__19:23:31 0.06 0.12 0.09 1.46 51.54â„ƒ  note
2018-03-17__19:23:35 0.05 0.12 0.09 9.86 51.54â„ƒ 2018-03-17__19:44:49 0.16 0.14 0.06 1.95 45.08â„ƒ  normal
2018-03-17__19:44:53 0.16 0.14 0.06 1.45 44.00â„ƒ  normal
2018-03-17__19:44:57 0.15 0.14 0.06 2.43 45.08â„ƒ  normal
2018-03-17__19:45:00 0.14 0.14 0.06 1.93 44.54â„ƒ  normal
2018-03-17__19:45:04 0.13 0.14 0.06 11.45 44.00â„ƒ  normal
2018-03-17__19:44:59 0.15 0.14 0.10 1.46 51.54â„ƒ  note
2018-03-17__19:45:02 0.13 0.14 0.10 1.45 51.54â„ƒ  note
2018-03-17__19:45:06 0.12 0.14 0.10 0.98 51.54â„ƒ  note
2018-03-17__19:45:09 0.11 0.13 0.10 1.46 51.54â„ƒ  note
2018-03-17__19:45:13 0.11 0.13 0.10 4.42 51.54â„ƒ  note
2018-03-17__19:44:22 0.06 0.12 0.10 1.47 51.54â„ƒ  note
2018-03-17__19:44:26 0.05 0.12 0.10 0.98 51.54â„ƒ  note
2018-03-17__19:44:29 0.05 0.12 0.09 8.38 50.46â„ƒ  note
2018-03-17__19:44:33 0.05 0.12 0.09 1.94 51.54â„ƒ  note
2018-03-17__19:44:37 0.20 0.15 0.10 0.49 51.54â„ƒ  note
ƒ  normal
2018-03-17__19:44:31 0.13 0.14 0.06 2.89 44.00â„ƒ  normal
2018-03-17__19:44:35 0.12 0.14 0.05 1.45 44.00â„ƒ  normal
2018-03-17__19:44:39 0.12 0.14 0.05 5.80 44.00â„ƒ  normal
2018-03-17__19:44:42 0.19 0.15 0.06 10.96 44.00â„ƒ  normal
2018-03-17__19:44:46 0.18 0.15 0.06 2.44 44.54â„ƒ  normal
2018-03-17__19:43:55 0.15 0.14 0.05 2.86 44.00â„ƒ  normal
2018-03-17__19:43:59 0.15 0.14 0.05 0.97 43.47â„ƒ  normal
2018-03-17__19:44:02 0.22 0.15 0.06 10.15 44.00â„ƒ  normal
2018-03-17__19:44:06 0.20 0.15 0.06 1.45 44.54â„ƒ  normal
2018-03-17__19:44:10 0.19 0.15 0.06 4.35 44.54â„ƒ  normal
2018-03-17__19:44:04 0.07 0.13 0.10 1.93 51.54â„ƒ  note
2018-03-17__19:44:08 0.07 0.13 0.10 10.10 51.54â„ƒ  note
2018-03-17__19:44:11 0.07 0.13 0.10 5.83 51.54â„ƒ  note
2018-03-17__19:44:15 0.06 0.13 0.10 1.46 52.07â„ƒ  note
2018-03-17__19:44:19 0.06 0.13 0.10 7.62 51.54â„ƒ  note
2018-03-17__19:43:37 0.22 0.15 0.05 6.70 44.00â„ƒ  normal
2018-03-17__19:43:41 0.20 0.15 0.05 8.79 44.54â„ƒ  normal
2018-03-17__19:43:44 0.18 0.14 0.05 6.25 44.54â„ƒ  normal
2018-03-17__19:43:48 0.18 0.14 0.05 1.46 44.54â„ƒ  normal
2018-03-17__19:43:51 0.17 0.14 0.05 0.98 44.54â„ƒ  normal
2018-03-17__19:42:43 0.18 0.13 0.04 1.45 44.54â„ƒ  normal
2018-03-17__19:42:46 0.17 0.13 0.04 5.34 45.08â„ƒ  normal
2018-03-17__19:42:50 0.15 0.13 0.04 1.46 44.54â„ƒ  normal
2018-03-17__19:42:53 0.15 0.13 0.04 12.63 44.00â„ƒ  normal
2018-03-17__19:42:57 0.14 0.12 0.04 10.10 44.00â„ƒ  normal
2018-03-17__19:42:52 0.27 0.17 0.11 0.50 51.54â„ƒ  note
2018-03-17__19:42:55 0.25 0.17 0.11 4.88 52.07â„ƒ  note
2018-03-17__19:42:59 0.23 0.17 0.11 0.98 51.54â„ƒ  note
2018-03-17__19:43:02 0.23 0.17 0.11 9.18 51.54â„ƒ  note
2018-03-17__19:43:06 0.21 0.16 0.11 0.98 51.54â„ƒ  note
2018-03-17__19:42:15 0.19 0.16 0.11 0.98 51.54â„ƒ  note
2018-03-17__19:42:19 0.18 0.16 0.11 1.45 51.00â„ƒ  note
2018-03-17__19:42:22 0.18 0.16 0.11 8.30 52.07â„ƒ  note
2018-03-17__19:42:26 0.16 0.15 0.11 1.46 51.54â„ƒ  note
2018-03-17__19:42:30 0.15 0.15 0.11 0.98 51.54â„ƒ  note
â„ƒ  normal
2018-03-17__19:42:24 0.23 0.14 0.04 0.50 44.54â„ƒ  normal
2018-03-17__19:42:28 0.23 0.14 0.04 1.45 45.08â„ƒ  normal
2018-03-17__19:42:32 0.21 0.14 0.04 0.49 44.00â„ƒ  normal
2018-03-17__19:42:35 0.20 0.13 0.04 7.89 44.00â„ƒ  normal
2018-03-17__19:42:39 0.18 0.13 0.04 0.98 45.08â„ƒ  normal
2018-03-17__19:41:48 0.06 0.09 0.03 2.40 45.08â„ƒ  normal
2018-03-17__19:41:52 0.30 0.14 0.04 9.96 45.08â„ƒ  normal
2018-03-17__19:41:55 0.27 0.14 0.04 0.98 44.00â„ƒ  normal
2018-03-17__19:41:59 0.25 0.13 0.04 2.86 44.00â„ƒ  normal
2018-03-17__19:42:03 0.25 0.13 0.04 1.45 44.54â„ƒ  normal
2018-03-17__19:41:57 0.27 0.17 0.11 1.45 51.54â„ƒ  note
2018-03-17__19:42:00 0.25 0.17 0.11 10.15 51.54â„ƒ  note
2018-03-17__19:42:04 0.23 0.17 0.11 1.95 51.54â„ƒ  note
2018-03-17__19:42:08 0.23 0.17 0.11 1.45 51.54â„ƒ  note
2018-03-17__19:42:11 0.21 0.16 0.11 1.45 52.07â„ƒ  note
2018-03-17__19:41:30 0.08 0.10 0.03 1.92 44.00â„ƒ  normal
2018-03-17__19:41:34 0.07 0.09 0.03 9.18 44.54â„ƒ  normal
2018-03-17__19:41:37 0.07 0.09 0.03 3.35 44.00â„ƒ  normal
2018-03-17__19:41:41 0.07 0.09 0.03 1.92 45.08â„ƒ  normal
2018-03-17__19:41:45 0.06 0.09 0.03 0.98 44.54â„ƒ  normal
2018-03-17__19:41:02 0.19 0.14 0.10 5.77 51.00â„ƒ  note
2018-03-17__19:41:06 0.17 0.13 0.10 2.90 51.54â„ƒ  note
2018-03-17__19:41:10 0.16 0.13 0.10 5.37 51.54â„ƒ  note
2018-03-17__19:41:13 0.16 0.13 0.10 1.46 50.46â„ƒ  note
2018-03-17__19:41:17 0.23 0.14 0.10 1.45 51.54â„ƒ  note
ƒ  normal
2018-03-17__19:41:12 0.11 0.10 0.03 7.85 44.00â„ƒ  normal
2018-03-17__19:41:15 0.11 0.10 0.03 1.45 44.54â„ƒ  normal
2018-03-17__19:41:19 0.10 0.10 0.03 4.42 44.00â„ƒ  normal
2018-03-17__19:41:23 0.10 0.10 0.03 0.49 44.54â„ƒ  normal
2018-03-17__19:41:26 0.09 0.10 0.03 6.77 44.00â„ƒ  normal
2018-03-17__19:40:36 0.21 0.12 0.03 5.86 44.54â„ƒ  normal
2018-03-17__19:40:39 0.19 0.11 0.03 0.49 44.00â„ƒ  normal
2018-03-17__19:40:43 0.19 0.11 0.03 0.49 44.00â„ƒ  normal
2018-03-17__19:40:46 0.18 0.11 0.03 1.45 45.08â„ƒ  normal
2018-03-17__19:40:50 0.16 0.11 0.03 8.79 44.54â„ƒ  normal
2018-03-17__19:40:44 0.24 0.14 0.10 4.88 51.54â„ƒ  note
2018-03-17__19:40:48 0.24 0.14 0.10 1.45 50.46â„ƒ  note
2018-03-17__19:40:51 0.22 0.14 0.10 1.46 51.54â„ƒ  note
2018-03-17__19:40:55 0.20 0.14 0.10 1.45 51.54â„ƒ  note
2018-03-17__19:40:59 0.19 0.14 0.10 10.10 51.54â„ƒ  note
2018-03-17__19:40:08 0.48 0.17 0.11 1.45 52.07â„ƒ  note
2018-03-17__19:40:12 0.44 0.16 0.11 5.80 51.54â„ƒ  note
2018-03-17__19:40:15 0.40 0.16 0.11 8.34 51.00â„ƒ  note
2018-03-17__19:40:19 0.37 0.16 0.11 2.98 51.54â„ƒ  note
2018-03-17__19:40:22 0.37 0.16 0.11 0.98 51.00â„ƒ  note
ƒ  normal
2018-03-17__19:40:17 0.29 0.13 0.04 0.98 45.08â„ƒ  normal
2018-03-17__19:40:21 0.27 0.12 0.03 1.45 44.00â„ƒ  normal
2018-03-17__19:40:25 0.25 0.12 0.03 1.46 44.54â„ƒ  normal
2018-03-17__19:40:28 0.25 0.12 0.03 11.34 44.00â„ƒ  normal
2018-03-17__19:40:32 0.23 0.12 0.03 1.45 44.00â„ƒ  normal
2018-03-17__19:39:50 0.10 0.09 0.09 0.49 51.54â„ƒ  note
2018-03-17__19:39:53 0.09 0.08 0.09 8.74 51.54â„ƒ  note
2018-03-17__19:39:57 0.09 0.08 0.09 0.98 51.54â„ƒ  note
2018-03-17__19:40:01 0.08 0.08 0.09 0.00 52.07â„ƒ  note
2018-03-17__19:40:04 0.48 0.17 0.11 0.50 51.54â„ƒ  note
ƒ  normal
2018-03-17__19:39:23 0.13 0.08 0.02 6.90 44.00â„ƒ  normal
2018-03-17__19:39:27 0.20 0.10 0.02 2.47 44.54â„ƒ  normal
2018-03-17__19:39:30 0.19 0.09 0.02 2.41 44.00â„ƒ  normal
2018-03-17__19:39:34 0.17 0.09 0.02 3.97 44.54â„ƒ  normal
2018-03-17__19:39:38 0.17 0.09 0.02 0.98 44.00â„ƒ  normal
2018-03-17__19:39:32 0.03 0.08 0.08 9.67 51.54â„ƒ  note
2018-03-17__19:39:35 0.03 0.07 0.08 1.96 51.54â„ƒ  note
2018-03-17__19:39:39 0.03 0.07 0.08 1.45 51.54â„ƒ  note
2018-03-17__19:39:43 0.03 0.07 0.08 1.46 51.54â„ƒ  note
2018-03-17__19:39:46 0.11 0.09 0.09 1.95 51.54â„ƒ  note
2018-03-17__19:38:55 0.06 0.09 0.09 1.46 51.54â„ƒ  note
2018-03-17__19:38:59 0.06 0.08 0.09 1.46 51.54â„ƒ  note
2018-03-17__19:39:03 0.06 0.08 0.09 2.42 51.54â„ƒ  note
2018-03-17__19:39:06 0.05 0.08 0.09 1.45 51.54â„ƒ  note
2018-03-17__19:39:10 0.05 0.08 0.08 1.46 51.54â„ƒ  note
ƒ  normal
2018-03-17__19:39:05 0.08 0.07 0.01 7.18 44.00â„ƒ  normal
2018-03-17__19:39:09 0.16 0.08 0.02 5.80 44.54â„ƒ  normal
2018-03-17__19:39:12 0.16 0.08 0.02 1.93 44.00â„ƒ  normal
2018-03-17__19:39:16 0.14 0.08 0.02 2.93 44.00â„ƒ  normal
2018-03-17__19:39:19 0.13 0.08 0.02 1.45 44.00â„ƒ  normal
2018-03-17__19:38:29 0.15 0.08 0.02 0.49 44.00â„ƒ  normal
2018-03-17__19:38:32 0.15 0.08 0.02 0.49 44.54â„ƒ  normal
2018-03-17__19:38:36 0.14 0.08 0.02 3.93 45.08â„ƒ  normal
2018-03-17__19:38:40 0.13 0.07 0.02 3.35 44.54â„ƒ  normal
2018-03-17__19:38:43 0.12 0.07 0.02 12.44 44.54â„ƒ  normal
2018-03-17__19:38:37 0.09 0.09 0.09 2.90 51.54â„ƒ  note
2018-03-17__19:38:41 0.08 0.09 0.09 1.46 51.54â„ƒ  note
2018-03-17__19:38:44 0.08 0.09 0.09 5.32 51.54â„ƒ  note
2018-03-17__19:38:48 0.08 0.09 0.09 1.46 50.46â„ƒ  note
2018-03-17__19:38:52 0.07 0.09 0.09 10.95 51.54â„ƒ  note
2018-03-17__19:38:01 0.16 0.11 0.09 4.44 51.54â„ƒ  note
2018-03-17__19:38:05 0.15 0.10 0.09 0.98 51.00â„ƒ  note
2018-03-17__19:38:08 0.14 0.10 0.09 9.23 51.54â„ƒ  note
2018-03-17__19:38:12 0.14 0.10 0.09 0.50 51.54â„ƒ  note
2018-03-17__19:38:15 0.13 0.10 0.09 0.98 52.61â„ƒ  note
ƒ  normal
2018-03-17__19:38:11 0.10 0.07 0.01 5.83 45.08â„ƒ  normal
2018-03-17__19:38:14 0.09 0.06 0.01 3.37 44.00â„ƒ  normal
2018-03-17__19:38:18 0.09 0.06 0.01 1.45 44.00â„ƒ  normal
2018-03-17__19:38:21 0.08 0.06 0.01 9.27 44.54â„ƒ  normal
2018-03-17__19:38:25 0.08 0.06 0.01 1.93 44.00â„ƒ  normal
2018-03-17__19:37:16 0.10 0.06 0.01 14.57 44.00â„ƒ  normal
2018-03-17__19:37:20 0.09 0.06 0.01 2.90 44.54â„ƒ  normal
2018-03-17__19:37:23 0.08 0.06 0.01 1.93 44.00â„ƒ  normal
2018-03-17__19:37:27 0.08 0.06 0.01 1.46 44.00â„ƒ  normal
2018-03-17__19:37:31 0.08 0.06 0.01 1.93 44.54â„ƒ  normal
2018-03-17__19:37:25 0.15 0.10 0.09 6.87 51.54â„ƒ  note
2018-03-17__19:37:28 0.14 0.10 0.09 1.97 51.54â„ƒ  note
2018-03-17__19:37:32 0.14 0.10 0.09 1.44 51.54â„ƒ  note
2018-03-17__19:37:36 0.13 0.10 0.09 0.49 51.54â„ƒ  note
2018-03-17__19:37:39 0.12 0.10 0.09 0.98 51.54â„ƒ  note
2018-03-17__19:36:48 0.05 0.08 0.08 1.46 51.54â„ƒ  note
2018-03-17__19:36:52 0.05 0.08 0.08 3.83 52.61â„ƒ  note
2018-03-17__19:36:56 0.05 0.08 0.08 1.46 51.54â„ƒ  note
2018-03-17__19:36:59 0.05 0.08 0.08 5.29 52.07â„ƒ  note
2018-03-17__19:37:03 0.12 0.09 0.09 0.98 51.54â„ƒ  note
ƒ  normal
2018-03-17__19:36:58 0.13 0.07 0.01 1.47 44.00â„ƒ  normal
2018-03-17__19:37:02 0.13 0.07 0.01 1.45 44.54â„ƒ  normal
2018-03-17__19:37:05 0.12 0.07 0.01 1.94 44.54â„ƒ  normal
2018-03-17__19:37:09 0.11 0.06 0.01 4.77 44.54â„ƒ  normal
2018-03-17__19:37:12 0.11 0.06 0.01 1.95 44.54â„ƒ  normal
2018-03-17__19:36:22 0.11 0.06 0.01 1.46 44.00â„ƒ  normal
2018-03-17__19:36:25 0.10 0.06 0.01 4.88 44.00â„ƒ  normal
2018-03-17__19:36:29 0.10 0.06 0.01 1.46 45.08â„ƒ  normal
2018-03-17__19:36:33 0.10 0.06 0.01 2.40 44.54â„ƒ  normal
2018-03-17__19:36:36 0.09 0.06 0.01 8.79 44.54â„ƒ  normal
2018-03-17__19:36:30 0.08 0.09 0.08 1.45 51.54â„ƒ  note
2018-03-17__19:36:34 0.07 0.09 0.08 6.74 51.54â„ƒ  note
2018-03-17__19:36:37 0.07 0.09 0.08 0.98 51.54â„ƒ  note
2018-03-17__19:36:41 0.06 0.08 0.08 1.46 51.54â„ƒ  note
2018-03-17__19:36:45 0.06 0.08 0.08 9.23 51.54â„ƒ  note
2018-03-17__19:36:04 0.15 0.06 0.01 0.98 44.54â„ƒ  normal
2018-03-17__19:36:07 0.15 0.06 0.01 1.45 44.00â„ƒ  normal
2018-03-17__19:36:11 0.13 0.06 0.01 2.86 45.08â„ƒ  normal
2018-03-17__19:36:14 0.12 0.06 0.01 8.74 44.54â„ƒ  normal
2018-03-17__19:36:18 0.11 0.06 0.01 5.75 44.54â„ƒ  normal
2018-03-17__19:35:36 0.04 0.09 0.08 4.44 51.54â„ƒ  note
2018-03-17__19:35:39 0.04 0.09 0.08 8.83 51.54â„ƒ  note
2018-03-17__19:35:43 0.03 0.08 0.08 4.42 51.54â„ƒ  note
2018-03-17__19:35:47 0.03 0.08 0.08 0.49 52.07â„ƒ  note
2018-03-17__19:35:50 0.03 0.08 0.08 0.49 51.54â„ƒ  note
ƒ  normal
2018-03-17__19:35:45 0.12 0.05 0.01 0.98 44.54â„ƒ  normal
2018-03-17__19:35:49 0.19 0.07 0.01 0.98 44.00â„ƒ  normal
2018-03-17__19:35:53 0.19 0.07 0.01 13.60 44.00â„ƒ  normal
2018-03-17__19:35:56 0.17 0.07 0.01 0.98 45.08â„ƒ  normal
2018-03-17__19:36:00 0.16 0.06 0.01 6.70 44.54â„ƒ  normal
2018-03-17__19:35:09 0.04 0.02 0.00 9.71 44.54â„ƒ  normal
2018-03-17__19:35:13 0.04 0.02 0.00 1.46 44.00â„ƒ  normal
2018-03-17__19:35:16 0.20 0.06 0.01 1.96 44.00â„ƒ  normal
2018-03-17__19:35:20 0.18 0.06 0.01 0.50 44.00â„ƒ  normal
2018-03-17__19:35:24 0.17 0.05 0.01 0.98 45.08â„ƒ  normal
2018-03-17__19:35:18 0.06 0.10 0.09 6.83 51.54â„ƒ  note
2018-03-17__19:35:21 0.05 0.09 0.09 1.98 51.54â„ƒ  note
2018-03-17__19:35:25 0.05 0.09 0.09 0.98 51.54â„ƒ  note
2018-03-17__19:35:29 0.04 0.09 0.08 0.49 52.07â„ƒ  note
2018-03-17__19:35:32 0.04 0.09 0.08 0.98 51.54â„ƒ  note
2018-03-17__19:34:41 0.11 0.11 0.09 3.89 52.61â„ƒ  note
2018-03-17__19:34:45 0.10 0.11 0.09 0.98 51.54â„ƒ  note
2018-03-17__19:34:49 0.09 0.10 0.09 0.98 51.54â„ƒ  note
2018-03-17__19:34:52 0.09 0.10 0.09 1.94 51.54â„ƒ  note
2018-03-17__19:34:56 0.08 0.10 0.09 0.49 51.54â„ƒ  note
ƒ  normal
2018-03-17__19:34:51 0.06 0.03 0.00 4.70 44.54â„ƒ  normal
2018-03-17__19:34:55 0.06 0.02 0.00 1.45 44.54â„ƒ  normal
2018-03-17__19:34:58 0.05 0.02 0.00 3.89 44.00â„ƒ  normal
2018-03-17__19:35:02 0.05 0.02 0.00 2.40 44.54â„ƒ  normal
2018-03-17__19:35:05 0.05 0.02 0.00 2.40 44.00â„ƒ  normal
2018-03-17__19:34:23 0.14 0.11 0.09 1.46 51.54â„ƒ  note
2018-03-17__19:34:27 0.14 0.11 0.09 2.43 51.54â„ƒ  note
2018-03-17__19:34:30 0.13 0.11 0.09 1.94 51.54â„ƒ  note
2018-03-17__19:34:34 0.12 0.11 0.09 0.50 51.54â„ƒ  note
2018-03-17__19:34:38 0.11 0.11 0.09 7.81 52.07â„ƒ  note
ƒ  normal
2018-03-17__19:33:56 0.05 0.01 0.00 1.46 44.00â„ƒ  normal
2018-03-17__19:34:00 0.05 0.01 0.00 4.42 44.54â„ƒ  normal
2018-03-17__19:34:04 0.04 0.01 0.00 1.45 44.54â„ƒ  normal
2018-03-17__19:34:07 0.04 0.01 0.00 14.77 45.08â„ƒ  normal
2018-03-17__19:34:11 0.12 0.03 0.01 1.94 45.08â„ƒ  normal
2018-03-17__19:34:05 0.08 0.11 0.09 0.98 52.07â„ƒ  note
2018-03-17__19:34:09 0.07 0.10 0.09 4.40 51.54â„ƒ  note
2018-03-17__19:34:12 0.07 0.10 0.09 1.45 51.54â„ƒ  note
2018-03-17__19:34:16 0.07 0.10 0.09 12.20 51.54â„ƒ  note
2018-03-17__19:34:20 0.06 0.10 0.09 0.98 51.54â„ƒ  note
 note
2018-03-17__19:23:38 0.13 0.13 0.09 1.45 51.54â„ƒ  note
2018-03-17__19:23:42 0.28 0.16 0.10 0.98 52.07â„ƒ  note
2018-03-17__19:23:46 0.28 0.16 0.10 0.49 52.07â„ƒ  note
2018-03-17__19:23:49 0.34 0.18 0.11 6.70 52.61â„ƒ  note
2018-03-17__19:23:53 0.31 0.17 0.11 1.94 52.07â„ƒ  note
2018-03-17__19:23:56 0.28 0.17 0.10 17.65 52.07â„ƒ  note
2018-03-17__19:24:00 0.28 0.17 0.10 0.50 52.61â„ƒ  note
2018-03-17__19:24:04 0.26 0.17 0.10 0.50 53.15â„ƒ  note
2018-03-17__19:24:07 0.24 0.17 0.10 1.48 52.07â„ƒ  note
2018-03-17__19:24:11 0.24 0.17 0.10 0.50 51.54â„ƒ  note
2018-03-17__19:24:15 0.22 0.16 0.10 4.86 51.54â„ƒ  note
2018-03-17__19:24:18 0.20 0.16 0.10 12.57 51.54â„ƒ  note
2018-03-17__19:24:22 0.19 0.16 0.10 5.80 51.54â„ƒ  note
2018-03-17__19:24:25 0.19 0.16 0.10 1.46 51.54â„ƒ  note
2018-03-17__19:24:29 0.17 0.15 0.10 1.46 52.07â„ƒ  note
2018-03-17__19:24:33 0.16 0.15 0.10 1.95 52.07â„ƒ  note
2018-03-17__19:24:36 0.16 0.15 0.10 1.47 52.07â„ƒ  note
2018-03-17__19:24:40 0.14 0.15 0.10 18.14 51.54â„ƒ  note
2018-03-17__19:24:44 0.13 0.14 0.10 1.49 51.54â„ƒ  note
2018-03-17__19:24:47 0.12 0.14 0.09 7.18 52.61â„ƒ  note
2018-03-17__19:24:51 0.12 0.14 0.09 8.26 52.61â„ƒ  note
2018-03-17__19:24:54 0.11 0.14 0.09 1.00 52.61â„ƒ  note
2018-03-17__19:24:58 0.10 0.14 0.09 1.46 52.61â„ƒ  note
2018-03-17__19:25:02 0.09 0.14 0.09 3.39 51.54â„ƒ  note
2018-03-17__19:25:05 0.09 0.14 0.09 4.37 52.61â„ƒ  note
2018-03-17__19:25:09 0.09 0.13 0.09 1.45 52.07â„ƒ  note
2018-03-17__19:25:13 0.08 0.13 0.09 5.32 52.07â„ƒ  note
2018-03-17__19:25:16 0.08 0.13 0.09 0.98 52.07â„ƒ  note
2018-03-17__19:25:20 0.07 0.13 0.09 3.40 52.07â„ƒ  note
2018-03-17__19:25:24 0.07 0.13 0.09 4.33 52.61â„ƒ  note
2018-03-17__19:25:27 0.06 0.12 0.09 13.34 52.07â„ƒ  note
2018-03-17__19:25:31 0.06 0.12 0.09 0.50 52.61â„ƒ  note
2018-03-17__19:25:34 0.22 0.15 0.10 0.98 52.61â„ƒ  note
2018-03-17__19:25:38 0.20 0.15 0.10 2.93 52.07â„ƒ  note
2018-03-17__19:25:42 0.18 0.15 0.10 0.98 52.07â„ƒ  note
2018-03-17__19:25:45 0.18 0.15 0.10 5.24 51.54â„ƒ  note
2018-03-17__19:25:49 0.17 0.15 0.10 11.28 52.61â„ƒ  note
2018-03-17__19:25:53 0.15 0.14 0.10 1.48 52.61â„ƒ  note
2018-03-17__19:25:56 0.15 0.14 0.10 0.98 52.61â„ƒ  note
2018-03-17__19:26:00 0.14 0.14 0.09 0.50 53.15â„ƒ  note
2018-03-17__19:26:04 0.13 0.14 0.09 1.47 52.61â„ƒ  note
2018-03-17__19:26:07 0.12 0.14 0.09 4.37 51.54â„ƒ  note
2018-03-17__19:26:11 0.12 0.14 0.09 16.51 52.61â„ƒ  note
2018-03-17__19:26:14 0.11 0.13 0.09 5.42 52.61â„ƒ  note
2018-03-17__19:26:18 0.10 0.13 0.09 0.50 53.15â„ƒ  note
2018-03-17__19:26:22 0.10 0.13 0.09 1.46 52.61â„ƒ  note
2018-03-17__19:26:25 0.09 0.13 0.09 1.47 52.61â„ƒ  note
2018-03-17__19:26:29 0.08 0.13 0.09 0.98 52.61â„ƒ  note
2018-03-17__19:26:32 0.08 0.12 0.09 2.98 52.07â„ƒ  note
2018-03-17__19:26:36 0.08 0.12 0.09 17.40 51.54â„ƒ  note
2018-03-17__19:26:40 0.07 0.12 0.09 2.96 52.61â„ƒ  note
2018-03-17__19:26:43 0.07 0.12 0.09 0.99 52.61â„ƒ  note
2018-03-17__19:32:44 0.00 0.00 0.00 1.00 44.54â„ƒ  normal
2018-03-17__19:32:48 0.00 0.00 0.00 0.98 44.54â„ƒ  normal
2018-03-17__19:32:51 0.00 0.00 0.00 1.47 45.08â„ƒ  normal
2018-03-17__19:32:55 0.00 0.00 0.00 1.95 44.54â„ƒ  normal
2018-03-17__19:32:58 0.00 0.00 0.00 2.90 44.00â„ƒ  normal
