
19:44:50-03-17__19:44:50  691 .14 .140
19:44:55-03-17__19:44:55  691 .14 .140
19:45:00-03-17__19:45:00  691 .14 .140
19:45:05-03-17__19:45:05  691 .14 .140
19:45:10-03-17__19:45:10  690 .14 .140
19:44:24-03-17__19:44:24  691 .14 .140
19:44:29-03-17__19:44:29  691 .14 .140
19:44:34-03-17__19:44:34  691 .14 .140
19:44:39-03-17__19:44:39  691 .14 .140
19:44:44-03-17__19:44:44  691 .14 .140
19:43:59-03-17__19:43:59  691 .14 .140
19:44:04-03-17__19:44:04  691 .14 .140
19:44:09-03-17__19:44:09  691 .14 .140
19:44:14-03-17__19:44:14  691 .14 .140
19:44:19-03-17__19:44:19  691 .14 .140
19:43:33-03-17__19:43:33  691 .14 .140
19:43:38-03-17__19:43:38  691 .14 .140
19:43:43-03-17__19:43:43  691 .14 .140
19:43:48-03-17__19:43:48  691 .14 .140
19:43:53-03-17__19:43:53  691 .14 .140
19:42:42-03-17__19:42:42  691 .14 .140
19:42:47-03-17__19:42:47  691 .14 .140
19:42:52-03-17__19:42:52  691 .14 .140
19:42:57-03-17__19:42:57  691 .14 .140
19:43:02-03-17__19:43:02  691 .14 .140
19:42:16-03-17__19:42:16  690 .14 .140
19:42:21-03-17__19:42:21  691 .14 .140
19:42:27-03-17__19:42:27  690 .14 .140
19:42:32-03-17__19:42:32  691 .14 .140
19:42:37-03-17__19:42:37  691 .14 .140
19:41:51-03-17__19:41:51  691 .14 .140
19:41:56-03-17__19:41:56  691 .14 .140
19:42:01-03-17__19:42:01  691 .14 .140
19:42:06-03-17__19:42:06  691 .14 .140
19:42:11-03-17__19:42:11  691 .14 .140
19:41:25-03-17__19:41:25  691 .14 .140
19:41:30-03-17__19:41:30  691 .14 .140
19:41:35-03-17__19:41:35  691 .14 .140
19:41:41-03-17__19:41:41  691 .14 .140
19:41:46-03-17__19:41:46  691 .14 .140
19:41:00-03-17__19:41:00  691 .14 .140
19:41:05-03-17__19:41:05  691 .14 .140
19:41:10-03-17__19:41:10  691 .14 .140
19:41:15-03-17__19:41:15  691 .14 .140
19:41:20-03-17__19:41:20  692 .14 .140
19:40:34-03-17__19:40:34  691 .14 .140
19:40:39-03-17__19:40:39  691 .14 .140
19:40:44-03-17__19:40:44  691 .14 .140
19:40:49-03-17__19:40:49  691 .14 .140
19:40:55-03-17__19:40:55  691 .14 .140
19:40:09-03-17__19:40:09  691 .14 .140
19:40:14-03-17__19:40:14  691 .14 .140
19:40:19-03-17__19:40:19  691 .14 .140
19:40:24-03-17__19:40:24  691 .14 .140
19:40:29-03-17__19:40:29  691 .14 .140
19:39:43-03-17__19:39:43  691 .14 .140
19:39:48-03-17__19:39:48  691 .14 .140
19:39:53-03-17__19:39:53  691 .14 .140
19:39:58-03-17__19:39:58  691 .14 .140
19:40:04-03-17__19:40:04  692 .14 .140
19:39:18-03-17__19:39:18  691 .14 .140
19:39:23-03-17__19:39:23  691 .14 .140
19:39:28-03-17__19:39:28  691 .14 .140
19:39:33-03-17__19:39:33  691 .14 .140
19:39:38-03-17__19:39:38  691 .14 .140
19:38:52-03-17__19:38:52  691 .14 .140
19:38:57-03-17__19:38:57  691 .14 .140
19:39:02-03-17__19:39:02  691 .14 .140
19:39:07-03-17__19:39:07  691 .14 .140
19:39:12-03-17__19:39:12  691 .14 .140
19:38:27-03-17__19:38:27  691 .14 .140
19:38:32-03-17__19:38:32  691 .14 .140
19:38:37-03-17__19:38:37  691 .14 .140
19:38:42-03-17__19:38:42  691 .14 .140
19:38:47-03-17__19:38:47  691 .14 .140
19:38:01-03-17__19:38:01  691 .14 .140
19:38:06-03-17__19:38:06  691 .14 .140
19:38:11-03-17__19:38:11  691 .14 .140
19:38:16-03-17__19:38:16  691 .14 .140
19:38:21-03-17__19:38:21  691 .14 .140
19:37:35-03-17__19:37:35  691 .14 .140
19:37:41-03-17__19:37:41  692 .14 .140
19:37:46-03-17__19:37:46  692 .14 .140
19:37:51-03-17__19:37:51  691 .14 .140
19:37:56-03-17__19:37:56  692 .14 .140
19:37:10-03-17__19:37:10  691 .14 .140
19:37:15-03-17__19:37:15  691 .14 .140
19:37:20-03-17__19:37:20  691 .14 .140
19:37:25-03-17__19:37:25  691 .14 .140
19:37:30-03-17__19:37:30  691 .14 .140
19:36:44-03-17__19:36:44  692 .14 .140
19:36:49-03-17__19:36:49  691 .14 .140
19:36:55-03-17__19:36:55  692 .14 .140
19:37:00-03-17__19:37:00  691 .14 .140
19:37:05-03-17__19:37:05  691 .14 .140
19:36:19-03-17__19:36:19  692 .14 .140
19:36:24-03-17__19:36:24  691 .14 .140
19:36:29-03-17__19:36:29  692 .14 .140
19:36:34-03-17__19:36:34  691 .14 .140
19:36:39-03-17__19:36:39  691 .14 .140
19:35:53-03-17__19:35:53  692 .14 .140
19:35:58-03-17__19:35:58  692 .14 .140
19:36:04-03-17__19:36:04  691 .14 .140
19:36:09-03-17__19:36:09  691 .14 .140
19:36:14-03-17__19:36:14  691 .14 .140
19:35:28-03-17__19:35:28  692 .14 .140
19:35:33-03-17__19:35:33  692 .14 .140
19:35:38-03-17__19:35:38  692 .14 .140
19:35:43-03-17__19:35:43  691 .14 .140
19:35:48-03-17__19:35:48  692 .14 .140
19:35:02-03-17__19:35:02  692 .14 .140
19:35:07-03-17__19:35:07  692 .14 .140
19:35:12-03-17__19:35:12  692 .14 .140
19:35:18-03-17__19:35:18  692 .14 .140
19:35:23-03-17__19:35:23  691 .14 .140
19:34:37-03-17__19:34:37  692 .14 .140
19:34:42-03-17__19:34:42  691 .14 .140
19:34:47-03-17__19:34:47  692 .14 .140
19:34:52-03-17__19:34:52  692 .14 .140
19:34:57-03-17__19:34:57  691 .14 .140
19:34:11-03-17__19:34:11  691 .14 .140
19:34:16-03-17__19:34:16  691 .14 .140
19:34:21-03-17__19:34:21  691 .14 .140
19:34:27-03-17__19:34:27  692 .14 .140
19:34:32-03-17__19:34:32  692 .14 .140
19:33:46-03-17__19:33:46  692 .14 .140
19:33:51-03-17__19:33:51  692 .14 .140
19:33:56-03-17__19:33:56  692 .14 .140
19:34:01-03-17__19:34:01  691 .14 .140
19:34:06-03-17__19:34:06  692 .14 .140
19:34:03-03-17__19:34:03  695 .12 .120
19:34:08-03-17__19:34:08  695 .13 .122
19:34:13-03-17__19:34:13  695 .12 .120
19:34:18-03-17__19:34:18  696 .12 .120
19:34:23-03-17__19:34:23  695 .12 .120
19:33:20-03-17__19:33:20  692 .14 .140
19:33:25-03-17__19:33:25  691 .14 .140
19:33:30-03-17__19:33:30  692 .14 .140
19:33:35-03-17__19:33:35  692 .14 .140
19:33:41-03-17__19:33:41  691 .14 .140
19:33:37-03-17__19:33:37  695 .12 .120
19:33:42-03-17__19:33:42  695 .13 .122
19:33:47-03-17__19:33:47  695 .13 .122
19:33:52-03-17__19:33:52  695 .12 .120
19:33:57-03-17__19:33:57  695 .13 .122
19:19:16-03-17__19:19:16  692 .14 .140
19:19:21-03-17__19:19:21  692 .14 .140
19:19:26-03-17__19:19:26  692 .14 .140
19:19:31-03-17__19:19:31  692 .14 .140
19:19:36-03-17__19:19:36  692 .14 .140
19:19:41-03-17__19:19:41  692 .14 .140
19:19:46-03-17__19:19:46  692 .14 .140
19:19:51-03-17__19:19:51  692 .14 .140
19:19:57-03-17__19:19:57  692 .14 .140
19:20:02-03-17__19:20:02  692 .14 .140
19:20:07-03-17__19:20:07  692 .14 .140
19:20:12-03-17__19:20:12  692 .14 .140
19:20:17-03-17__19:20:17  692 .14 .140
19:20:22-03-17__19:20:22  692 .14 .140
19:20:27-03-17__19:20:27  692 .14 .140
19:20:32-03-17__19:20:32  692 .14 .140
19:20:37-03-17__19:20:37  691 .14 .140
19:20:43-03-17__19:20:43  692 .14 .140
19:20:48-03-17__19:20:48  692 .14 .140
19:20:53-03-17__19:20:53  692 .14 .140
19:20:58-03-17__19:20:58  692 .14 .140
19:21:03-03-17__19:21:03  692 .14 .140
19:21:08-03-17__19:21:08  692 .14 .140
19:21:13-03-17__19:21:13  692 .14 .140
19:21:18-03-17__19:21:18  692 .14 .140
19:21:23-03-17__19:21:23  692 .14 .140
19:21:28-03-17__19:21:28  692 .14 .140
19:21:34-03-17__19:21:34  692 .14 .140
19:21:39-03-17__19:21:39  692 .14 .140
19:21:44-03-17__19:21:44  692 .14 .140
19:21:49-03-17__19:21:49  692 .14 .140
19:21:54-03-17__19:21:54  692 .14 .140
19:21:59-03-17__19:21:59  692 .14 .140
19:22:04-03-17__19:22:04  692 .14 .140
19:22:09-03-17__19:22:09  692 .14 .140
19:22:14-03-17__19:22:14  692 .14 .140
19:22:20-03-17__19:22:20  692 .14 .140
19:22:25-03-17__19:22:25  692 .14 .140
19:22:30-03-17__19:22:30  691 .14 .140
19:22:35-03-17__19:22:35  692 .14 .140
19:22:40-03-17__19:22:40  692 .14 .140
19:22:45-03-17__19:22:45  692 .14 .140
19:22:50-03-17__19:22:50  692 .14 .140
19:22:55-03-17__19:22:55  692 .14 .140
19:23:00-03-17__19:23:00  692 .14 .140
19:23:06-03-17__19:23:06  692 .14 .140
19:23:11-03-17__19:23:11  692 .14 .140
19:23:16-03-17__19:23:16  692 .14 .140
19:23:21-03-17__19:23:21  692 .14 .140
19:23:26-03-17__19:23:26  692 .14 .140
19:23:31-03-17__19:23:31  692 .14 .140
19:23:36-03-17__19:23:36  692 .14 .140
19:23:41-03-17__19:23:41  692 .14 .140
19:23:46-03-17__19:23:46  692 .14 .140
19:23:51-03-17__19:23:51  692 .14 .140
19:23:57-03-17__19:23:57  692 .14 .140
19:24:02-03-17__19:24:02  692 .14 .140
19:24:07-03-17__19:24:07  692 .14 .140
19:24:12-03-17__19:24:12  692 .14 .140
19:24:17-03-17__19:24:17  692 .14 .140
19:24:22-03-17__19:24:22  692 .14 .140
19:24:27-03-17__19:24:27  692 .14 .140
19:24:32-03-17__19:24:32  692 .14 .140
19:24:37-03-17__19:24:37  692 .14 .140
19:24:42-03-17__19:24:42  692 .14 .140
19:24:48-03-17__19:24:48  692 .14 .140
19:24:53-03-17__19:24:53  692 .14 .140
19:24:58-03-17__19:24:58  692 .14 .140
19:25:03-03-17__19:25:03  692 .14 .140
19:25:08-03-17__19:25:08  692 .14 .140
19:25:13-03-17__19:25:13  691 .14 .140
19:25:18-03-17__19:25:18  692 .14 .140
19:25:23-03-17__19:25:23  692 .14 .140
19:25:28-03-17__19:25:28  692 .14 .140
19:25:33-03-17__19:25:33  691 .14 .140
19:25:39-03-17__19:25:39  692 .14 .140
19:25:44-03-17__19:25:44  691 .14 .140
19:25:49-03-17__19:25:49  692 .14 .140
19:25:54-03-17__19:25:54  692 .14 .140
19:25:59-03-17__19:25:59  692 .14 .140
19:26:04-03-17__19:26:04  692 .14 .140
19:26:09-03-17__19:26:09  692 .14 .140
19:26:14-03-17__19:26:14  692 .14 .140
19:26:19-03-17__19:26:19  692 .14 .140
19:26:25-03-17__19:26:25  692 .14 .140
19:32:46-03-17__19:32:46  696 .12 .128
19:32:51-03-17__19:32:51  696 .12 .120
19:32:56-03-17__19:32:56  696 .12 .120
19:33:01-03-17__19:33:01  696 .12 .120
19:33:06-03-17__19:33:06  695 .12 .120
